<?xml version="1.0" encoding="UTF-8"?>
<testsuite xmlns:xsi="http://www.w3.org/2001/XMLSchema-instance" xsi:noNamespaceSchemaLocation="https://maven.apache.org/surefire/maven-surefire-plugin/xsd/surefire-test-report-3.0.xsd" version="3.0" name="com.automation.test_runner.AllStoriesTest" time="485.118" tests="1" errors="1" skipped="0" failures="0">
  <properties>
[...]
</properties>
  <testcase name="run" classname="com.automation.test_runner.AllStoriesTest" time="485.11">
    <error message="JBehave detected failed stories. Failing Maven build." type="java.lang.RuntimeException"><![CDATA[java.lang.RuntimeException: JBehave detected failed stories. Failing Maven build.
	at com.automation.test_runner.AllStoriesTest.run(AllStoriesTest.java:80)
]]></error>
    <system-out><![CDATA[Directory: D:\Automation Quality Projects\Apex-evaluation\reports\Mon Apr 13 12-14-21 EEST 2026\ is created!
Report Path: D:\Automation Quality Projects\Apex-evaluation\reports\Mon Apr 13 12-14-21 EEST 2026\

Processing system properties {}
Using controls EmbedderControls[batch=false,skip=false,generateViewAfterStories=false,ignoreFailureInStories=false,ignoreFailureInView=false,verboseFailures=true,verboseFiltering=false,storyTimeouts=7200,threads=1,failOnStoryTimeout=true]
Running story stories/Quotation/TC_012_Apex.story
13 Apr 2026 12:14:22,867 INFO : com.automation.jbehave.ConsoleLogger - ==========================================================
13 Apr 2026 12:14:22,868 INFO : com.automation.jbehave.ConsoleLogger - Begin Story: TC_012_Apex.story
13 Apr 2026 12:14:22,868 INFO : com.automation.jbehave.ConsoleLogger - ==========================================================
13 Apr 2026 12:14:22,869 INFO : com.automation.jbehave.ConsoleLogger - Narrative[inOrderTo=,asA=,iWantTo=,soThat=]
13 Apr 2026 12:14:22,869 INFO : com.automation.jbehave.ConsoleLogger - Lifecycle[before=Lifecycle.Steps[outcome=<null>,metaFilter=<null>,steps=[]],after={}]
Using timeout for story TC_012_Apex.story of 7200 secs.
13 Apr 2026 12:14:26,912 INFO : com.automation.jbehave.ConsoleLogger - ==========================================================
13 Apr 2026 12:14:26,913 INFO : com.automation.jbehave.ConsoleLogger - Scenario: TC_012_Apex
13 Apr 2026 12:14:26,913 INFO : com.automation.jbehave.ConsoleLogger - ==========================================================
13 Apr 2026 12:14:26,916 INFO : com.automation.jbehave.PropertyParameterConverter - Parameter converted:[p:amanApex] >> [http://hq-opt-ins-21:9090/ordsapexqa/r/qaapex/aman/login]
13 Apr 2026 12:14:27,886 INFO : com.automation.pages.CannedPage - Navigating to the page: http://hq-opt-ins-21:9090/ordsapexqa/r/qaapex/aman/login
13 Apr 2026 12:14:27,998 INFO : com.automation.jbehave.ConsoleLogger - Given [Navigation] I navigate to 'p:amanApex' (SUCCESSFUL)
13 Apr 2026 12:14:28,000 INFO : com.automation.jbehave.PropertyParameterConverter - Parameter converted:[p:adminUsername] >> [aman_opt]
13 Apr 2026 12:14:28,001 INFO : com.automation.jbehave.PropertyParameterConverter - Parameter converted:[p:password] >> [aman_opt]
13 Apr 2026 12:14:31,270 INFO : com.automation.pages.CannedPage - Filled 'userName' with value: aman_opt
13 Apr 2026 12:14:34,443 INFO : com.automation.pages.CannedPage - Clicked on 'password'
13 Apr 2026 12:14:37,594 INFO : com.automation.pages.CannedPage - Filled 'password' with value: aman_opt
13 Apr 2026 12:14:37,752 INFO : com.automation.pages.CannedPage - Clicked on 'login Button'
13 Apr 2026 12:14:37,797 INFO : com.automation.jbehave.ConsoleLogger - And [Input] I login as 'p:adminUsername' with password 'p:password' (SUCCESSFUL)
13 Apr 2026 12:14:42,838 INFO : com.automation.jbehave.ConsoleLogger - And [Progress] I wait for '5' sec (SUCCESSFUL)
13 Apr 2026 12:14:46,536 INFO : com.automation.pages.CannedPage - Clicked on 'QuotationCardDashboard'
13 Apr 2026 12:14:46,569 INFO : com.automation.jbehave.ConsoleLogger - When [Input] I click on 'QuotationCardDashboard' (SUCCESSFUL)
13 Apr 2026 12:14:46,928 INFO : com.automation.jbehave.ConsoleLogger - And [Assertion] Verify 'QuotationsTitle' equals 'Quotations' text (SUCCESSFUL)
13 Apr 2026 12:14:50,623 INFO : com.automation.pages.CannedPage - Clicked on 'SPWaziriyahMrorrCard'
13 Apr 2026 12:14:50,669 INFO : com.automation.jbehave.ConsoleLogger - And [Input] I click on 'SPWaziriyahMrorrCard' (SUCCESSFUL)
13 Apr 2026 12:14:51,511 INFO : com.automation.pages.CannedPage - Clicked on 'NewQuotationButton'
13 Apr 2026 12:14:51,548 INFO : com.automation.jbehave.ConsoleLogger - And [Input] I click on 'NewQuotationButton' (SUCCESSFUL)
13 Apr 2026 12:14:52,622 INFO : com.automation.pages.CannedPage - Clicked on 'FGACard'
13 Apr 2026 12:14:52,650 INFO : com.automation.jbehave.ConsoleLogger - And [Input] I click on 'FGACard' (SUCCESSFUL)
13 Apr 2026 12:14:53,543 INFO : com.automation.pages.CannedPage - Clicked on 'EngineeringCard'
13 Apr 2026 12:14:53,589 INFO : com.automation.jbehave.ConsoleLogger - And [Input] I click on 'EngineeringCard' (SUCCESSFUL)
13 Apr 2026 12:14:58,124 INFO : com.automation.pages.CannedPage - Clicked on 'OpenCoverCard'
13 Apr 2026 12:14:58,158 INFO : com.automation.jbehave.ConsoleLogger - And [Input] I click on 'OpenCoverCard' (SUCCESSFUL)
13 Apr 2026 12:14:58,159 INFO : com.automation.jbehave.PropertyParameterConverter - Parameter converted:[p:Engineering] >> [23 - Engineering]
13 Apr 2026 12:14:58,377 INFO : com.automation.jbehave.ConsoleLogger - And [Assertion] Verify 'QutClassOfBusinessDisplay' equals 'p:Engineering' text (SUCCESSFUL)
13 Apr 2026 12:14:58,378 INFO : com.automation.jbehave.PropertyParameterConverter - Parameter converted:[p:Engineering_OpenCover] >> [24 - Open Cover]
13 Apr 2026 12:14:58,562 INFO : com.automation.jbehave.ConsoleLogger - And [Assertion] Verify 'QutPolicyTypeDisplay' equals 'p:Engineering_OpenCover' text (SUCCESSFUL)
13 Apr 2026 12:14:58,563 INFO : com.automation.jbehave.PropertyParameterConverter - Parameter converted:[p:Draft] >> [1 - Draft]
13 Apr 2026 12:14:58,719 INFO : com.automation.jbehave.ConsoleLogger - And [Assertion] Verify 'QutStatusDisplay' equals 'p:Draft' text (SUCCESSFUL)
13 Apr 2026 12:14:58,720 INFO : com.automation.jbehave.PropertyParameterConverter - Parameter converted:[p:Valid] >> [1 - Valid]
13 Apr 2026 12:14:58,906 INFO : com.automation.jbehave.ConsoleLogger - And [Assertion] Verify 'QutValidityStatusDisplay' equals 'p:Valid' text (SUCCESSFUL)
13 Apr 2026 12:14:58,908 INFO : com.automation.jbehave.ConsoleLogger - !-- Fill the mandatory Quotation Details (IGNORED)
13 Apr 2026 12:14:59,032 INFO : com.automation.pages.CannedPage - Tab 'MainTab' selected=true
13 Apr 2026 12:14:59,054 INFO : com.automation.jbehave.ConsoleLogger - And [Assertion] Verify tab 'MainTab' is selected (SUCCESSFUL)
13 Apr 2026 12:14:59,184 INFO : com.automation.pages.CannedPage - I scroll to 'CreateButton'
13 Apr 2026 12:14:59,216 INFO : com.automation.jbehave.ConsoleLogger - And [Navigation] I scroll to 'CreateButton' (SUCCESSFUL)
13 Apr 2026 12:14:59,362 INFO : com.automation.pages.CannedPage - Clicked on 'CreateButton'
13 Apr 2026 12:14:59,389 INFO : com.automation.jbehave.ConsoleLogger - And [Input] I click on 'CreateButton' (SUCCESSFUL)
13 Apr 2026 12:14:59,562 INFO : com.automation.jbehave.ConsoleLogger - And [Assertion] Verify 'ErrorAlert' is enable (SUCCESSFUL)
13 Apr 2026 12:14:59,563 INFO : com.automation.jbehave.PropertyParameterConverter - Parameter converted:[p:QutSourceEmptyErrorMsg] >> [Source must have some value.]
==========================================================
Actual: Source must have some value.
==========================================================
13 Apr 2026 12:14:59,721 INFO : com.automation.jbehave.ConsoleLogger - And [Assertion] Verify 'QutSourceErrorMsg' contains 'p:QutSourceEmptyErrorMsg' text (SUCCESSFUL)
13 Apr 2026 12:14:59,721 INFO : com.automation.jbehave.PropertyParameterConverter - Parameter converted:[p:QutInsStDateEmptyErrorMsg] >> [Effective Date must have some value.]
==========================================================
Actual: Effective Date must have some value.
==========================================================
13 Apr 2026 12:14:59,855 INFO : com.automation.jbehave.ConsoleLogger - And [Assertion] Verify 'QutInsStDateErrorMsg' contains 'p:QutInsStDateEmptyErrorMsg' text (SUCCESSFUL)
13 Apr 2026 12:14:59,856 INFO : com.automation.jbehave.PropertyParameterConverter - Parameter converted:[p:QutInsEdDateEmptyErrorMsg] >> [Expiry Date must have some value.]
==========================================================
Actual: Expiry Date must have some value.
==========================================================
13 Apr 2026 12:15:00,003 INFO : com.automation.jbehave.ConsoleLogger - And [Assertion] Verify 'QutInsEdDateErrorMsg' contains 'p:QutInsEdDateEmptyErrorMsg' text (SUCCESSFUL)
13 Apr 2026 12:15:00,024 INFO : com.automation.pages.CannedPage - I scroll to top of page
13 Apr 2026 12:15:00,063 INFO : com.automation.jbehave.ConsoleLogger - And [Navigation] I scroll to top of page (SUCCESSFUL)
13 Apr 2026 12:15:00,236 INFO : com.automation.pages.CannedPage - Clicked on 'CalculationsTab'
13 Apr 2026 12:15:00,265 INFO : com.automation.jbehave.ConsoleLogger - And [Input] I click on 'CalculationsTab' (SUCCESSFUL)
13 Apr 2026 12:15:00,398 INFO : com.automation.pages.CannedPage - Tab 'CalculationsTab' selected=true
13 Apr 2026 12:15:00,418 INFO : com.automation.jbehave.ConsoleLogger - And [Assertion] Verify tab 'CalculationsTab' is selected (SUCCESSFUL)
13 Apr 2026 12:15:00,419 INFO : com.automation.jbehave.PropertyParameterConverter - Parameter converted:[p:QutCalculationBasisEmptyErrorMsg] >> [Calculation Basis must have some value.]
==========================================================
Actual: Calculation Basis must have some value.
==========================================================
13 Apr 2026 12:15:00,547 INFO : com.automation.jbehave.ConsoleLogger - And [Assertion] Verify 'QutCalculationBasisErrorMsg' contains 'p:QutCalculationBasisEmptyErrorMsg' text (SUCCESSFUL)
13 Apr 2026 12:15:00,548 INFO : com.automation.jbehave.PropertyParameterConverter - Parameter converted:[p:QutCrCdEmptyErrorMsg] >> [Currency must have some value.]
==========================================================
Actual: Currency must have some value.
==========================================================
13 Apr 2026 12:15:00,666 INFO : com.automation.jbehave.ConsoleLogger - And [Assertion] Verify 'QutCrCdErrorMsg' contains 'p:QutCrCdEmptyErrorMsg' text (SUCCESSFUL)
13 Apr 2026 12:15:00,778 INFO : com.automation.pages.CannedPage - Assert 'QutQuotNoCreateText' empty=true (actual='')
13 Apr 2026 12:15:00,809 INFO : com.automation.jbehave.ConsoleLogger - And [Assertion] Verify 'QutQuotNoCreateText' input is empty (SUCCESSFUL)
13 Apr 2026 12:15:00,937 INFO : com.automation.pages.CannedPage - Clicked on 'MainTab'
13 Apr 2026 12:15:00,968 INFO : com.automation.jbehave.ConsoleLogger - And [Input] I click on 'MainTab' (SUCCESSFUL)
13 Apr 2026 12:15:01,104 INFO : com.automation.pages.CannedPage - Tab 'MainTab' selected=true
13 Apr 2026 12:15:01,140 INFO : com.automation.jbehave.ConsoleLogger - And [Assertion] Verify tab 'MainTab' is selected (SUCCESSFUL)
13 Apr 2026 12:15:01,140 INFO : com.automation.jbehave.PropertyParameterConverter - Parameter converted:[p:Direct] >> [1-Direct]
13 Apr 2026 12:15:01,739 INFO : com.automation.pages.CannedPage - Selected '1-Direct' from LOV 'QutSourceCombobox'
13 Apr 2026 12:15:01,767 INFO : com.automation.jbehave.ConsoleLogger - And [Input] Select 'p:Direct' value from 'QutSourceCombobox' dropdown list (SUCCESSFUL)
13 Apr 2026 12:15:01,769 INFO : com.automation.jbehave.PropertyParameterConverter - Parameter converted:[p:Account] >> [2-Account]
==========================================================
Actual: 2-Account
==========================================================
13 Apr 2026 12:15:01,972 INFO : com.automation.jbehave.ConsoleLogger - And [Assertion] Verify 'QutPaymentTermCombobox' contains 'p:Account' text (SUCCESSFUL)
13 Apr 2026 12:15:02,146 INFO : com.automation.jbehave.ConsoleLogger - And [Assertion] Verify 'QutQuotDate' value equals sysdate (SUCCESSFUL)
13 Apr 2026 12:15:02,147 INFO : com.automation.jbehave.ConsoleLogger - !-- And [Assertion] Verify 'QutQuotValidityDate' value equals sysdate plus '0' months plus '30' day (IGNORED)
Putting value in StateManager: key=, value=13/04/2026
13 Apr 2026 12:15:02,501 INFO : com.automation.pages.CannedPage - Filled 'QutInsStDateInput' with value: 13/04/2026
13 Apr 2026 12:15:02,527 INFO : com.automation.jbehave.ConsoleLogger - And [Input] Set 'QutInsStDateInput' value to 'sysdateformatted' (SUCCESSFUL)
13 Apr 2026 12:15:07,579 INFO : com.automation.jbehave.ConsoleLogger - And [Progress] I wait for '5' sec (SUCCESSFUL)
13 Apr 2026 12:15:07,852 INFO : com.automation.jbehave.ConsoleLogger - And [Input] I press Tab on 'QutInsStDateInput' (SUCCESSFUL)
13 Apr 2026 12:15:08,126 INFO : com.automation.pages.CannedPage - Clicked on 'QutInsStDateInput'
13 Apr 2026 12:15:08,159 INFO : com.automation.jbehave.ConsoleLogger - And [Input] I click on 'QutInsStDateInput' (SUCCESSFUL)
13 Apr 2026 12:15:08,387 INFO : com.automation.jbehave.ConsoleLogger - And [Input] I press Enter on 'QutInsStDateInput' (SUCCESSFUL)
13 Apr 2026 12:15:13,422 INFO : com.automation.jbehave.ConsoleLogger - And [Progress] I wait for '5' sec (SUCCESSFUL)
13 Apr 2026 12:15:13,422 INFO : com.automation.jbehave.ConsoleLogger - !-- And [Assertion] Verify 'QutInsEdDateInput' value equals sysdate plus '1' years minus one day (IGNORED)
13 Apr 2026 12:15:13,556 INFO : com.automation.jbehave.ConsoleLogger - And [Assertion] Verify 'QutInsEdDateInput' value equals sysdate (SUCCESSFUL)
13 Apr 2026 12:15:13,748 INFO : com.automation.pages.CannedPage - Clicked on 'CalculationsTab'
13 Apr 2026 12:15:13,782 INFO : com.automation.jbehave.ConsoleLogger - And [Input] I click on 'CalculationsTab' (SUCCESSFUL)
13 Apr 2026 12:15:13,966 INFO : com.automation.pages.CannedPage - Tab 'CalculationsTab' selected=true
13 Apr 2026 12:15:13,999 INFO : com.automation.jbehave.ConsoleLogger - And [Assertion] Verify tab 'CalculationsTab' is selected (SUCCESSFUL)
13 Apr 2026 12:15:14,000 INFO : com.automation.jbehave.PropertyParameterConverter - Parameter converted:[p:ProRata] >> [1 - Pro Rata]
13 Apr 2026 12:15:14,571 INFO : com.automation.pages.CannedPage - Selected '1 - Pro Rata' from LOV 'QutCalculationBasisCombobox'
13 Apr 2026 12:15:14,608 INFO : com.automation.jbehave.ConsoleLogger - And [Input] Select 'p:ProRata' value from 'QutCalculationBasisCombobox' dropdown list (SUCCESSFUL)
13 Apr 2026 12:15:14,610 INFO : com.automation.jbehave.PropertyParameterConverter - Parameter converted:[p:SaudiRiyals] >> [1 - Saudi Riyals]
13 Apr 2026 12:15:15,421 INFO : com.automation.pages.CannedPage - Selected '1 - Saudi Riyals' from LOV 'QutCrCdCombobox'
13 Apr 2026 12:15:15,452 INFO : com.automation.jbehave.ConsoleLogger - And [Input] Select 'p:SaudiRiyals' value from 'QutCrCdCombobox' dropdown list (SUCCESSFUL)
13 Apr 2026 12:15:18,505 INFO : com.automation.jbehave.ConsoleLogger - And [Progress] I wait for '3' sec (SUCCESSFUL)
13 Apr 2026 12:15:18,663 INFO : com.automation.jbehave.ConsoleLogger - And [Assertion] Verify 'QutUnitPriceVal' equals '1' text (SUCCESSFUL)
13 Apr 2026 12:15:18,765 INFO : com.automation.pages.CannedPage - I scroll to 'CreateButton'
13 Apr 2026 12:15:18,801 INFO : com.automation.jbehave.ConsoleLogger - And [Navigation] I scroll to 'CreateButton' (SUCCESSFUL)
13 Apr 2026 12:15:18,935 INFO : com.automation.pages.CannedPage - Clicked on 'CreateButton'
13 Apr 2026 12:15:18,975 INFO : com.automation.jbehave.ConsoleLogger - And [Input] I click on 'CreateButton' (SUCCESSFUL)
13 Apr 2026 12:15:24,024 INFO : com.automation.jbehave.ConsoleLogger - And [Progress] I wait for '5' sec (SUCCESSFUL)
13 Apr 2026 12:15:24,106 INFO : com.automation.pages.CannedPage - I scroll to 'SuccessfullyAlert'
13 Apr 2026 12:15:24,150 INFO : com.automation.jbehave.ConsoleLogger - And [Navigation] I scroll to 'SuccessfullyAlert' (SUCCESSFUL)
13 Apr 2026 12:15:24,151 INFO : com.automation.jbehave.PropertyParameterConverter - Parameter converted:[p:DataSavedSuccessfully] >> [Data Saved Successfully.]
==========================================================
Actual: Data Saved Successfully.
==========================================================
13 Apr 2026 12:15:24,305 INFO : com.automation.jbehave.ConsoleLogger - And [Assertion] Verify 'SuccessfullyAlert' contains 'p:DataSavedSuccessfully' text (SUCCESSFUL)
Fetched text from QutQuotNoCreateText: 735
Putting value in StateManager: key=QuotationNo, value=735
QuotationNo saved as: 735
13 Apr 2026 12:15:24,468 INFO : com.automation.jbehave.ConsoleLogger - And [Action] I get text from 'QutQuotNoCreateText' and save it as 'QuotationNo' (SUCCESSFUL)
13 Apr 2026 12:15:24,605 INFO : com.automation.pages.CannedPage - Clicked on 'NextButton'
13 Apr 2026 12:15:24,640 INFO : com.automation.jbehave.ConsoleLogger - And [Input] I click on 'NextButton' (SUCCESSFUL)
13 Apr 2026 12:15:29,680 INFO : com.automation.jbehave.ConsoleLogger - And [Progress] I wait for '5' sec (SUCCESSFUL)
13 Apr 2026 12:15:29,680 INFO : com.automation.jbehave.ConsoleLogger - !-- Fill the mandatory Risk Details (IGNORED)
13 Apr 2026 12:15:29,849 INFO : com.automation.pages.CannedPage - Clicked on 'AddNewRiskButton'
13 Apr 2026 12:15:29,884 INFO : com.automation.jbehave.ConsoleLogger - And [Input] I click on 'AddNewRiskButton' (SUCCESSFUL)
13 Apr 2026 12:15:30,709 INFO : com.automation.jbehave.ConsoleLogger - And [Javascript] I switch to iframe 'AddNewRiskIframe' (SUCCESSFUL)
13 Apr 2026 12:15:31,036 INFO : com.automation.pages.CannedPage - Clicked on 'RiskTypeLiabilityCombobox'
13 Apr 2026 12:15:31,067 INFO : com.automation.jbehave.ConsoleLogger - And [Input] I click on 'RiskTypeLiabilityCombobox' (SUCCESSFUL)
13 Apr 2026 12:15:31,109 INFO : com.automation.jbehave.ConsoleLogger - And [Javascript] I switch back to main content (SUCCESSFUL)
13 Apr 2026 12:15:31,109 INFO : com.automation.jbehave.PropertyParameterConverter - Parameter converted:[p:Warehouse] >> [1 - Warehouse]
13 Apr 2026 12:15:32,646 INFO : com.automation.pages.CannedPage - Selected '1 - Warehouse' from LOV 'PopupLOVSearchBar'
13 Apr 2026 12:15:32,676 INFO : com.automation.jbehave.ConsoleLogger - And [Input] Select 'p:Warehouse' value from 'PopupLOVSearchBar' dropdown list (SUCCESSFUL)
13 Apr 2026 12:15:32,858 INFO : com.automation.jbehave.ConsoleLogger - And [Javascript] I switch to iframe 'AddNewRiskIframe' (SUCCESSFUL)
13 Apr 2026 12:15:32,859 INFO : com.automation.jbehave.PropertyParameterConverter - Parameter converted:[p:ItemBasis] >> [2 - Item Basis]
13 Apr 2026 12:15:33,056 INFO : com.automation.pages.CannedPage - Selected '2 - Item Basis' from <select> 'BreakdownCombobox'
13 Apr 2026 12:15:33,090 INFO : com.automation.jbehave.ConsoleLogger - And [Input] Select 'p:ItemBasis' value from 'BreakdownCombobox' dropdown list (SUCCESSFUL)
13 Apr 2026 12:15:33,303 INFO : com.automation.pages.CannedPage - Clicked on 'ApplyChangesButtonIframe'
13 Apr 2026 12:15:33,376 INFO : com.automation.jbehave.ConsoleLogger - And [Input] I click on 'ApplyChangesButtonIframe' (SUCCESSFUL)
13 Apr 2026 12:15:33,419 INFO : com.automation.jbehave.ConsoleLogger - And [Javascript] I switch back to main content (SUCCESSFUL)
13 Apr 2026 12:15:38,465 INFO : com.automation.jbehave.ConsoleLogger - And [Progress] I wait for '5' sec (SUCCESSFUL)
13 Apr 2026 12:15:38,465 INFO : com.automation.jbehave.ConsoleLogger - !-- Fill the mandatory Items Details (IGNORED)
13 Apr 2026 12:15:38,637 INFO : com.automation.pages.CannedPage - Clicked on 'AddNewItemButton'
13 Apr 2026 12:15:38,672 INFO : com.automation.jbehave.ConsoleLogger - And [Input] I click on 'AddNewItemButton' (SUCCESSFUL)
13 Apr 2026 12:15:38,983 INFO : com.automation.jbehave.ConsoleLogger - And [Javascript] I switch to iframe 'FireRiskItemsIframe' (SUCCESSFUL)
13 Apr 2026 12:15:39,300 INFO : com.automation.pages.CannedPage - Clicked on 'RiqItemCodeCombobox'
13 Apr 2026 12:15:39,333 INFO : com.automation.jbehave.ConsoleLogger - And [Input] I click on 'RiqItemCodeCombobox' (SUCCESSFUL)
13 Apr 2026 12:15:39,376 INFO : com.automation.jbehave.ConsoleLogger - And [Javascript] I switch back to main content (SUCCESSFUL)
13 Apr 2026 12:15:39,378 INFO : com.automation.jbehave.PropertyParameterConverter - Parameter converted:[p:Buildings] >> [1 - Buildings]
13 Apr 2026 12:15:40,405 INFO : com.automation.pages.CannedPage - Selected '1 - Buildings' from LOV 'PopupLOVSearchBar'
13 Apr 2026 12:15:40,440 INFO : com.automation.jbehave.ConsoleLogger - And [Input] Select 'p:Buildings' value from 'PopupLOVSearchBar' dropdown list (SUCCESSFUL)
13 Apr 2026 12:15:40,595 INFO : com.automation.jbehave.ConsoleLogger - And [Javascript] I switch to iframe 'FireRiskItemsIframe' (SUCCESSFUL)
13 Apr 2026 12:15:40,792 INFO : com.automation.pages.CannedPage - Clicked on 'RiqSaveButtonIframe'
13 Apr 2026 12:15:40,825 INFO : com.automation.jbehave.ConsoleLogger - And [Input] I click on 'RiqSaveButtonIframe' (SUCCESSFUL)
13 Apr 2026 12:15:40,871 INFO : com.automation.jbehave.ConsoleLogger - And [Javascript] I switch back to main content (SUCCESSFUL)
13 Apr 2026 12:15:45,915 INFO : com.automation.jbehave.ConsoleLogger - And [Progress] I wait for '5' sec (SUCCESSFUL)
13 Apr 2026 12:15:45,971 INFO : com.automation.pages.CannedPage - I scroll to top of page
13 Apr 2026 12:15:46,008 INFO : com.automation.jbehave.ConsoleLogger - And [Navigation] I scroll to top of page (SUCCESSFUL)
13 Apr 2026 12:15:46,165 INFO : com.automation.pages.CannedPage - Clicked on 'NextButton'
13 Apr 2026 12:15:46,202 INFO : com.automation.jbehave.ConsoleLogger - And [Input] I click on 'NextButton' (SUCCESSFUL)
13 Apr 2026 12:15:51,256 INFO : com.automation.jbehave.ConsoleLogger - And [Progress] I wait for '5' sec (SUCCESSFUL)
13 Apr 2026 12:15:51,257 INFO : com.automation.jbehave.ConsoleLogger - !-- Fill the mandatory Risk/Item Value Types (IGNORED)
13 Apr 2026 12:15:51,387 INFO : com.automation.pages.CannedPage - I scroll to 'ItemCalculationButton'
13 Apr 2026 12:15:51,424 INFO : com.automation.jbehave.ConsoleLogger - And [Navigation] I scroll to 'ItemCalculationButton' (SUCCESSFUL)
13 Apr 2026 12:15:51,635 INFO : com.automation.pages.CannedPage - Clicked on 'ItemCalculationButton'
13 Apr 2026 12:15:51,672 INFO : com.automation.jbehave.ConsoleLogger - And [Input] I click on 'ItemCalculationButton' (SUCCESSFUL)
13 Apr 2026 12:15:52,600 INFO : com.automation.jbehave.ConsoleLogger - And [Javascript] I switch to iframe 'ItemCalculationIframe' (SUCCESSFUL)
13 Apr 2026 12:15:52,873 INFO : com.automation.pages.CannedPage - Clicked on 'ItemCalculationEditButton'
13 Apr 2026 12:15:52,903 INFO : com.automation.jbehave.ConsoleLogger - And [Input] I click on 'ItemCalculationEditButton' (SUCCESSFUL)
13 Apr 2026 12:15:53,407 INFO : com.automation.pages.CustomPage - [IG DEBUG] IG is editable without invoking IG edit action. region=item_c_ig
13 Apr 2026 12:15:53,733 INFO : com.automation.jbehave.ConsoleLogger - And [Assertion] Verify IG 'item_c_ig' row '42 - Fire SI' Local/Amount can be filled (SUCCESSFUL)
13 Apr 2026 12:15:54,039 INFO : com.automation.pages.CustomPage - [IG DEBUG] IG is editable without invoking IG edit action. region=item_c_ig
13 Apr 2026 12:15:54,313 INFO : com.automation.pages.CustomPage - [IG DEBUG] IG is editable without invoking IG edit action. region=item_c_ig
13 Apr 2026 12:15:56,488 INFO : com.automation.pages.CustomPage - [IG Fill] region=item_c_ig | row='42 - Fire SI' | col='Local' | value=19
13 Apr 2026 12:15:59,772 INFO : com.automation.pages.CustomPage - [IG Fill] region=item_c_ig | row='2 - Rate' | col='Percent' | value=3
13 Apr 2026 12:16:02,412 INFO : com.automation.pages.CustomPage - [IG Fill] region=item_c_ig | row='44 - Others SI' | col='Local' | value=19
13 Apr 2026 12:16:05,486 INFO : com.automation.pages.CustomPage - [IG Fill] region=item_c_ig | row='45 - Others Rate' | col='Percent' | value=12
13 Apr 2026 12:16:11,779 INFO : com.automation.jbehave.ConsoleLogger - And [Input] I set SECOND IG 'item_c_ig' from first row '42 - Fire SI' to random numbers between '1' and '50' for all enabled cells excluding DDL (SUCCESSFUL)
13 Apr 2026 12:16:16,818 INFO : com.automation.jbehave.ConsoleLogger - And [Progress] I wait for '5' sec (SUCCESSFUL)
13 Apr 2026 12:16:16,853 INFO : com.automation.jbehave.ConsoleLogger - And [Javascript] I switch back to main content (SUCCESSFUL)
13 Apr 2026 12:16:16,963 INFO : com.automation.pages.CannedPage - I scroll to 'RiskCalculationButton'
13 Apr 2026 12:16:16,998 INFO : com.automation.jbehave.ConsoleLogger - And [Navigation] I scroll to 'RiskCalculationButton' (SUCCESSFUL)
13 Apr 2026 12:16:17,173 INFO : com.automation.pages.CannedPage - Clicked on 'RiskCalculationButton'
13 Apr 2026 12:16:17,210 INFO : com.automation.jbehave.ConsoleLogger - And [Input] I click on 'RiskCalculationButton' (SUCCESSFUL)
13 Apr 2026 12:16:17,495 INFO : com.automation.jbehave.ConsoleLogger - And [Javascript] I switch to iframe 'RiskCalculationIframe' (SUCCESSFUL)
13 Apr 2026 12:16:17,754 INFO : com.automation.pages.CannedPage - Clicked on 'RiskCalculationEditButton'
13 Apr 2026 12:16:17,793 INFO : com.automation.jbehave.ConsoleLogger - And [Input] I click on 'RiskCalculationEditButton' (SUCCESSFUL)
13 Apr 2026 12:16:17,794 INFO : com.automation.jbehave.ConsoleLogger - !-- And [Assertion] Verify IG 'RISK_CALC_REGION_ig' row '42 - Fire SI' Local/Amount can be filled (IGNORED)
13 Apr 2026 12:16:18,148 INFO : com.automation.pages.CustomPage - [IG DEBUG] IG is editable without invoking IG edit action. region=RISK_CALC_REGION_ig
13 Apr 2026 12:16:18,503 INFO : com.automation.pages.CustomPage - [IG DEBUG] IG is editable without invoking IG edit action. region=RISK_CALC_REGION_ig
13 Apr 2026 12:16:20,869 INFO : com.automation.pages.CustomPage - [IG Fill] region=RISK_CALC_REGION_ig | row='5 - Discounts' | col='Percent' | value=14
13 Apr 2026 12:16:24,811 INFO : com.automation.jbehave.ConsoleLogger - And [Input] I set SECOND IG 'RISK_CALC_REGION_ig' from first row '42 - Fire SI' to random numbers between '1' and '50' for all enabled cells excluding DDL (SUCCESSFUL)
13 Apr 2026 12:16:29,845 INFO : com.automation.jbehave.ConsoleLogger - And [Progress] I wait for '5' sec (SUCCESSFUL)
13 Apr 2026 12:16:29,890 INFO : com.automation.jbehave.ConsoleLogger - And [Javascript] I switch back to main content (SUCCESSFUL)
13 Apr 2026 12:16:29,898 INFO : com.automation.pages.CannedPage - I scroll to top of page
13 Apr 2026 12:16:29,936 INFO : com.automation.jbehave.ConsoleLogger - And [Navigation] I scroll to top of page (SUCCESSFUL)
13 Apr 2026 12:16:30,103 INFO : com.automation.pages.CannedPage - Clicked on 'NextButton'
13 Apr 2026 12:16:30,142 INFO : com.automation.jbehave.ConsoleLogger - And [Input] I click on 'NextButton' (SUCCESSFUL)
13 Apr 2026 12:16:35,193 INFO : com.automation.jbehave.ConsoleLogger - And [Progress] I wait for '5' sec (SUCCESSFUL)
13 Apr 2026 12:16:35,194 INFO : com.automation.jbehave.ConsoleLogger - !-- Fill in Quotation Value Types (IGNORED)
13 Apr 2026 12:16:35,359 INFO : com.automation.pages.CannedPage - Clicked on 'EditButtonQuotationValue'
13 Apr 2026 12:16:35,391 INFO : com.automation.jbehave.ConsoleLogger - And [Input] I click on 'EditButtonQuotationValue' (SUCCESSFUL)
13 Apr 2026 12:16:40,435 INFO : com.automation.jbehave.ConsoleLogger - And [Progress] I wait for '5' sec (SUCCESSFUL)
13 Apr 2026 12:16:40,942 INFO : com.automation.pages.CustomPage - [IG DEBUG] IG is editable without invoking IG edit action. region=calc_ig
13 Apr 2026 12:16:41,377 INFO : com.automation.jbehave.ConsoleLogger - And [Assertion] Verify IG 'calc_ig' row '11 - Issues Fees' Local/Amount can be filled (SUCCESSFUL)
13 Apr 2026 12:16:42,043 INFO : com.automation.pages.CustomPage - [IG DEBUG] IG is editable without invoking IG edit action. region=calc_ig
13 Apr 2026 12:16:46,932 INFO : com.automation.pages.CustomPage - [IG Fill] region=calc_ig | row='9 - ICF Fees' | col='Premium %' | value=8
13 Apr 2026 12:16:49,523 INFO : com.automation.pages.CustomPage - [IG Fill] region=calc_ig | row='10 - Stamp Fees' | col='Premium %' | value=16
13 Apr 2026 12:16:52,204 INFO : com.automation.pages.CustomPage - [IG Fill] region=calc_ig | row='11 - Issues Fees' | col='Amount' | value=38
13 Apr 2026 12:16:54,222 INFO : com.automation.pages.CustomPage - [IG Fill] region=calc_ig | row='12 - Service Charge' | col='Amount' | value=13
13 Apr 2026 12:16:56,174 INFO : com.automation.pages.CustomPage - [IG Fill] region=calc_ig | row='14 - VAT' | col='Premium %' | value=3
13 Apr 2026 12:16:58,119 INFO : com.automation.pages.CustomPage - [IG Fill] region=calc_ig | row='14 - VAT' | col='Method' | value=45
13 Apr 2026 12:17:08,796 INFO : com.automation.jbehave.ConsoleLogger - And [Input] I set IG 'calc_ig' from first row '42 - Fire SI' to random numbers between '1' and '50' for all enabled cells excluding DDL (SUCCESSFUL)
13 Apr 2026 12:17:09,052 INFO : com.automation.pages.CannedPage - Clicked on 'SaveButton'
13 Apr 2026 12:17:09,083 INFO : com.automation.jbehave.ConsoleLogger - And [Input] I click on 'SaveButton' (SUCCESSFUL)
13 Apr 2026 12:17:14,108 INFO : com.automation.jbehave.ConsoleLogger - And [Progress] I wait for '5' sec (SUCCESSFUL)
13 Apr 2026 12:17:14,142 INFO : com.automation.pages.CannedPage - I scroll to top of page
13 Apr 2026 12:17:14,190 INFO : com.automation.jbehave.ConsoleLogger - And [Navigation] I scroll to top of page (SUCCESSFUL)
13 Apr 2026 12:17:19,239 INFO : com.automation.jbehave.ConsoleLogger - And [Progress] I wait for '5' sec (SUCCESSFUL)
13 Apr 2026 12:17:19,477 INFO : com.automation.pages.CannedPage - Clicked on 'NextButton'
13 Apr 2026 12:17:19,515 INFO : com.automation.jbehave.ConsoleLogger - And [Input] I click on 'NextButton' (SUCCESSFUL)
13 Apr 2026 12:17:24,559 INFO : com.automation.jbehave.ConsoleLogger - And [Progress] I wait for '5' sec (SUCCESSFUL)
13 Apr 2026 12:17:24,560 INFO : com.automation.jbehave.ConsoleLogger - !-- Fill in All Quotation Details (IGNORED)
Getting value from StateManager: key=QuotationNo, value=735
Expected value (from stateManager, key='QuotationNo'): 735
Actual value (from element 'QutQuotNoAllQuotationDetails'): 735
13 Apr 2026 12:17:24,738 INFO : com.automation.jbehave.ConsoleLogger - And [Assertion] Verify text of 'QutQuotNoAllQuotationDetails' contains saved value 'QuotationNo' (SUCCESSFUL)
13 Apr 2026 12:17:24,739 INFO : com.automation.jbehave.PropertyParameterConverter - Parameter converted:[p:Cheque] >> [2 - Cheque]
13 Apr 2026 12:17:25,504 INFO : com.automation.pages.CannedPage - Selected '2 - Cheque' from LOV 'QutCollectionTypeCombobox'
13 Apr 2026 12:17:25,542 INFO : com.automation.jbehave.ConsoleLogger - And [Input] Select 'p:Cheque' value from 'QutCollectionTypeCombobox' dropdown list (SUCCESSFUL)
13 Apr 2026 12:17:25,661 INFO : com.automation.pages.CannedPage - I scroll to 'CustomerInfoButton'
13 Apr 2026 12:17:25,700 INFO : com.automation.jbehave.ConsoleLogger - And [Navigation] I scroll to 'CustomerInfoButton' (SUCCESSFUL)
13 Apr 2026 12:17:25,878 INFO : com.automation.pages.CannedPage - Clicked on 'CustomerInfoButton'
13 Apr 2026 12:17:25,912 INFO : com.automation.jbehave.ConsoleLogger - And [Input] I click on 'CustomerInfoButton' (SUCCESSFUL)
13 Apr 2026 12:17:25,912 INFO : com.automation.jbehave.PropertyParameterConverter - Parameter converted:[p:ClientName] >> [5349 - ?´?±???© ?§???????´?¢?? ?§???³?¹???¯???©]
13 Apr 2026 12:17:26,990 INFO : com.automation.pages.CannedPage - Selected '5349 - شركة المنشآت السعودية' from LOV 'QurQutClientCombobox'
13 Apr 2026 12:17:27,020 INFO : com.automation.jbehave.ConsoleLogger - And [Input] Select 'p:ClientName' value from 'QurQutClientCombobox' dropdown list (SUCCESSFUL)
13 Apr 2026 12:17:27,021 INFO : com.automation.jbehave.PropertyParameterConverter - Parameter converted:[p:ClientName] >> [5349 - ?´?±???© ?§???????´?¢?? ?§???³?¹???¯???©]
13 Apr 2026 12:17:28,350 INFO : com.automation.pages.CannedPage - Selected '5349 - شركة المنشآت السعودية' from LOV 'QurQutClientNoCombobox'
13 Apr 2026 12:17:28,388 INFO : com.automation.jbehave.ConsoleLogger - And [Input] Select 'p:ClientName' value from 'QurQutClientNoCombobox' dropdown list (SUCCESSFUL)
13 Apr 2026 12:17:28,640 INFO : com.automation.pages.CannedPage - Clicked on 'ApplyChangesButton'
13 Apr 2026 12:17:28,735 INFO : com.automation.jbehave.ConsoleLogger - And [Input] I click on 'ApplyChangesButton' (SUCCESSFUL)
13 Apr 2026 12:17:28,736 INFO : com.automation.jbehave.PropertyParameterConverter - Parameter converted:[p:DataUpdatedSuccessfully] >> [Data Updated Successfully.]
==========================================================
Actual: Data Updated Successfully.
==========================================================
13 Apr 2026 12:17:32,479 INFO : com.automation.jbehave.ConsoleLogger - And [Assertion] Verify 'SuccessfullyAlert' contains 'p:DataUpdatedSuccessfully' text (SUCCESSFUL)
13 Apr 2026 12:17:37,541 INFO : com.automation.jbehave.ConsoleLogger - And [Progress] I wait for '5' sec (SUCCESSFUL)
13 Apr 2026 12:17:37,541 INFO : com.automation.jbehave.ConsoleLogger - !-- Risk Quotation Button (IGNORED)
13 Apr 2026 12:17:37,554 INFO : com.automation.pages.CannedPage - I scroll to end of page
13 Apr 2026 12:17:37,576 INFO : com.automation.jbehave.ConsoleLogger - And [Navigation] I scroll to end of page (SUCCESSFUL)
13 Apr 2026 12:17:38,964 INFO : com.automation.pages.CannedPage - Clicked on 'RiskQuotationButton'
13 Apr 2026 12:17:38,994 INFO : com.automation.jbehave.ConsoleLogger - And [Input] I click on 'RiskQuotationButton' (SUCCESSFUL)
13 Apr 2026 12:17:39,131 INFO : com.automation.jbehave.ConsoleLogger - And [Assertion] Verify 'RiskTable' is visible (SUCCESSFUL)
13 Apr 2026 12:17:41,236 INFO : com.automation.pages.CannedPage - Clicked on 'RiskDetailsBackButton'
13 Apr 2026 12:17:41,265 INFO : com.automation.jbehave.ConsoleLogger - And [Input] I click on 'RiskDetailsBackButton' (SUCCESSFUL)
13 Apr 2026 12:17:46,315 INFO : com.automation.jbehave.ConsoleLogger - And [Progress] I wait for '5' sec (SUCCESSFUL)
13 Apr 2026 12:17:46,315 INFO : com.automation.jbehave.ConsoleLogger - !-- Beneficiary Button (IGNORED)
13 Apr 2026 12:17:46,326 INFO : com.automation.pages.CannedPage - I scroll to end of page
13 Apr 2026 12:17:46,363 INFO : com.automation.jbehave.ConsoleLogger - And [Navigation] I scroll to end of page (SUCCESSFUL)
13 Apr 2026 12:17:46,651 INFO : com.automation.pages.CannedPage - Clicked on 'BeneficiaryButton'
13 Apr 2026 12:17:46,687 INFO : com.automation.jbehave.ConsoleLogger - And [Input] I click on 'BeneficiaryButton' (SUCCESSFUL)
13 Apr 2026 12:17:47,251 INFO : com.automation.jbehave.ConsoleLogger - And [Javascript] I switch to iframe 'BeneficiaryIframe' (SUCCESSFUL)
13 Apr 2026 12:17:47,435 INFO : com.automation.jbehave.ConsoleLogger - And [Assertion] Verify 'BeneficiaryTable' is visible (SUCCESSFUL)
13 Apr 2026 12:17:47,809 INFO : com.automation.pages.CannedPage - Clicked on 'BeneficiaryAddRow'
13 Apr 2026 12:17:47,835 INFO : com.automation.jbehave.ConsoleLogger - And [Input] I click on 'BeneficiaryAddRow' (SUCCESSFUL)
13 Apr 2026 12:17:47,835 INFO : com.automation.jbehave.ConsoleLogger - !-- And [Input] I click on 'BeneficiarySerialRow' (IGNORED)
13 Apr 2026 12:17:48,257 INFO : com.automation.pages.CannedPage - Filled 'BeneficiarySerialRow' with value: 1
13 Apr 2026 12:17:48,289 INFO : com.automation.jbehave.ConsoleLogger - And [Input] Set 'BeneficiarySerialRow' value to '1' (SUCCESSFUL)
13 Apr 2026 12:17:48,685 INFO : com.automation.pages.CannedPage - Clicked on 'BeneficiaryRow'
13 Apr 2026 12:17:48,715 INFO : com.automation.jbehave.ConsoleLogger - And [Input] I click on 'BeneficiaryRow' (SUCCESSFUL)
13 Apr 2026 12:17:49,438 INFO : com.automation.pages.CannedPage - Clicked on 'BeneficiaryComboboxRow'
13 Apr 2026 12:17:49,488 INFO : com.automation.jbehave.ConsoleLogger - And [Input] I click on 'BeneficiaryComboboxRow' (SUCCESSFUL)
13 Apr 2026 12:17:49,533 INFO : com.automation.jbehave.ConsoleLogger - And [Javascript] I switch back to main content (SUCCESSFUL)
13 Apr 2026 12:17:49,534 INFO : com.automation.jbehave.PropertyParameterConverter - Parameter converted:[p:ClientName] >> [5349 - ?´?±???© ?§???????´?¢?? ?§???³?¹???¯???©]
13 Apr 2026 12:17:50,998 INFO : com.automation.pages.CannedPage - Selected '5349 - شركة المنشآت السعودية' from LOV 'PopupLOVSearchBar'
13 Apr 2026 12:17:51,035 INFO : com.automation.jbehave.ConsoleLogger - And [Input] Select 'p:ClientName' value from 'PopupLOVSearchBar' dropdown list (SUCCESSFUL)
13 Apr 2026 12:17:51,204 INFO : com.automation.jbehave.ConsoleLogger - And [Javascript] I switch to iframe 'BeneficiaryIframe' (SUCCESSFUL)
13 Apr 2026 12:17:56,261 INFO : com.automation.jbehave.ConsoleLogger - And [Progress] I wait for '5' sec (SUCCESSFUL)
13 Apr 2026 12:17:56,829 INFO : com.automation.pages.CannedPage - Clicked on 'IdNumberRow'
13 Apr 2026 12:17:56,867 INFO : com.automation.jbehave.ConsoleLogger - And [Input] I click on 'IdNumberRow' (SUCCESSFUL)
13 Apr 2026 12:17:57,489 INFO : com.automation.pages.CannedPage - Filled 'BeneficiaryIdNumberRow' with value: 1
13 Apr 2026 12:17:57,526 INFO : com.automation.jbehave.ConsoleLogger - And [Input] Set 'BeneficiaryIdNumberRow' value to '1' (SUCCESSFUL)
13 Apr 2026 12:17:57,888 INFO : com.automation.pages.CannedPage - Clicked on 'NationalityRow'
13 Apr 2026 12:17:57,929 INFO : com.automation.jbehave.ConsoleLogger - And [Input] I click on 'NationalityRow' (SUCCESSFUL)
13 Apr 2026 12:17:58,410 INFO : com.automation.pages.CannedPage - Clicked on 'NationalityRow'
13 Apr 2026 12:17:58,446 INFO : com.automation.jbehave.ConsoleLogger - And [Input] I click on 'NationalityRow' (SUCCESSFUL)
13 Apr 2026 12:17:58,447 INFO : com.automation.jbehave.ConsoleLogger - !-- And [Input] I click on 'BeneficiaryNationalityRow' (IGNORED)
13 Apr 2026 12:17:58,482 INFO : com.automation.jbehave.ConsoleLogger - And [Javascript] I switch back to main content (SUCCESSFUL)
13 Apr 2026 12:17:58,482 INFO : com.automation.jbehave.PropertyParameterConverter - Parameter converted:[p:Afghani] >> [1 - Afghani]
13 Apr 2026 12:18:00,074 INFO : com.automation.pages.CannedPage - Selected '1 - Afghani' from LOV 'BeneficiaryNationalityPopupLOVSearchBar'
13 Apr 2026 12:18:00,103 INFO : com.automation.jbehave.ConsoleLogger - And [Input] Select 'p:Afghani' value from 'BeneficiaryNationalityPopupLOVSearchBar' dropdown list (SUCCESSFUL)
13 Apr 2026 12:18:00,277 INFO : com.automation.jbehave.ConsoleLogger - And [Javascript] I switch to iframe 'BeneficiaryIframe' (SUCCESSFUL)
13 Apr 2026 12:18:00,643 INFO : com.automation.pages.CannedPage - Clicked on 'ClassificationRow'
13 Apr 2026 12:18:00,685 INFO : com.automation.jbehave.ConsoleLogger - And [Input] I click on 'ClassificationRow' (SUCCESSFUL)
13 Apr 2026 12:18:01,054 INFO : com.automation.pages.CannedPage - Clicked on 'BeneficiaryClassificationRow'
13 Apr 2026 12:18:01,087 INFO : com.automation.jbehave.ConsoleLogger - And [Input] I click on 'BeneficiaryClassificationRow' (SUCCESSFUL)
13 Apr 2026 12:18:01,087 INFO : com.automation.jbehave.PropertyParameterConverter - Parameter converted:[p:PerRegistrationNo] >> [1 - Per Registration No]
13 Apr 2026 12:18:01,338 INFO : com.automation.pages.CannedPage - Selected '1 - Per Registration No' from <select> 'BeneficiaryClassificationRow'
13 Apr 2026 12:18:01,373 INFO : com.automation.jbehave.ConsoleLogger - And [Input] Select 'p:PerRegistrationNo' value from 'BeneficiaryClassificationRow' dropdown list (SUCCESSFUL)
13 Apr 2026 12:18:01,714 INFO : com.automation.pages.CannedPage - Clicked on 'BeneficiarySaveButton'
13 Apr 2026 12:18:01,748 INFO : com.automation.jbehave.ConsoleLogger - And [Input] I click on 'BeneficiarySaveButton' (SUCCESSFUL)
13 Apr 2026 12:18:06,791 INFO : com.automation.jbehave.ConsoleLogger - And [Progress] I wait for '5' sec (SUCCESSFUL)
13 Apr 2026 12:18:06,831 INFO : com.automation.jbehave.ConsoleLogger - And [Javascript] I switch back to main content (SUCCESSFUL)
13 Apr 2026 12:18:07,037 INFO : com.automation.pages.CannedPage - Clicked on 'BeneficiaryIframeCloseButton'
13 Apr 2026 12:18:07,071 INFO : com.automation.jbehave.ConsoleLogger - And [Input] I click on 'BeneficiaryIframeCloseButton' (SUCCESSFUL)
13 Apr 2026 12:18:07,071 INFO : com.automation.jbehave.ConsoleLogger - !-- Covers Button (IGNORED)
13 Apr 2026 12:18:07,590 INFO : com.automation.pages.CannedPage - Clicked on 'CoversButton'
13 Apr 2026 12:18:07,623 INFO : com.automation.jbehave.ConsoleLogger - And [Input] I click on 'CoversButton' (SUCCESSFUL)
13 Apr 2026 12:18:08,659 INFO : com.automation.jbehave.ConsoleLogger - And [Javascript] I switch to iframe 'CoversIframe' (SUCCESSFUL)
13 Apr 2026 12:18:11,717 INFO : com.automation.jbehave.ConsoleLogger - And [Progress] I wait for '3' sec (SUCCESSFUL)
13 Apr 2026 12:18:11,823 ERROR: com.automation.jbehave.ConsoleLogger - java.lang.AssertionError: Expected element 'CoversTable' to be visible, but it is not.
13 Apr 2026 12:18:12,035 INFO : com.automation.jbehave.ConsoleLogger - Screenshot saved successfully
13 Apr 2026 12:18:12,081 INFO : com.automation.jbehave.ConsoleLogger - And [Assertion] Verify 'CoversTable' is visible (FAILED)
13 Apr 2026 12:18:12,142 INFO : com.automation.jbehave.ConsoleLogger - And [Input] I click on 'CoverDeleteFirstRow' if present (NOT PERFORMED)
13 Apr 2026 12:18:12,190 INFO : com.automation.jbehave.ConsoleLogger - And [Input] I click on 'CoversSaveButton' (NOT PERFORMED)
13 Apr 2026 12:18:12,233 INFO : com.automation.jbehave.ConsoleLogger - And [Input] I click on 'CoversAddRow' (NOT PERFORMED)
13 Apr 2026 12:18:12,276 INFO : com.automation.jbehave.ConsoleLogger - And [Input] I click on 'CoversSerialRow' (NOT PERFORMED)
13 Apr 2026 12:18:12,329 INFO : com.automation.jbehave.ConsoleLogger - And [Input] Set 'CoversSerialRow' value to '1' (NOT PERFORMED)
13 Apr 2026 12:18:12,374 INFO : com.automation.jbehave.ConsoleLogger - And [Input] I click on 'CoversRow' (NOT PERFORMED)
13 Apr 2026 12:18:12,418 INFO : com.automation.jbehave.ConsoleLogger - And [Input] I click on 'CoversComboboxRow' (NOT PERFORMED)
13 Apr 2026 12:18:12,464 INFO : com.automation.jbehave.ConsoleLogger - And [Javascript] I switch back to main content (NOT PERFORMED)
13 Apr 2026 12:18:12,465 INFO : com.automation.jbehave.PropertyParameterConverter - Parameter converted:[p:Aircraft] >> [4 - Aircraft]
13 Apr 2026 12:18:12,499 INFO : com.automation.jbehave.ConsoleLogger - And [Input] Select 'p:Aircraft' value from 'CoversPopupLOVSearchBar' dropdown list (NOT PERFORMED)
13 Apr 2026 12:18:12,543 INFO : com.automation.jbehave.ConsoleLogger - And [Javascript] I switch to iframe 'CoversIframe' (NOT PERFORMED)
13 Apr 2026 12:18:12,592 INFO : com.automation.jbehave.ConsoleLogger - And [Input] I click on 'PremRow' (NOT PERFORMED)
13 Apr 2026 12:18:12,633 INFO : com.automation.jbehave.ConsoleLogger - And [Input] Set 'CoversPremRow' value to '1' (NOT PERFORMED)
13 Apr 2026 12:18:12,678 INFO : com.automation.jbehave.ConsoleLogger - And [Input] I click on 'CoversSaveButton' (NOT PERFORMED)
13 Apr 2026 12:18:12,722 INFO : com.automation.jbehave.ConsoleLogger - And [Progress] I wait for '5' sec (NOT PERFORMED)
13 Apr 2026 12:18:12,770 INFO : com.automation.jbehave.ConsoleLogger - And [Javascript] I switch back to main content (NOT PERFORMED)
13 Apr 2026 12:18:12,815 INFO : com.automation.jbehave.ConsoleLogger - And [Input] I click on 'CloseButtonFromPopup' (NOT PERFORMED)
13 Apr 2026 12:18:12,815 INFO : com.automation.jbehave.ConsoleLogger - !-- REI Plan (IGNORED)
13 Apr 2026 12:18:12,857 INFO : com.automation.jbehave.ConsoleLogger - And [Input] I click on 'REIPlanButton' (NOT PERFORMED)
13 Apr 2026 12:18:12,900 INFO : com.automation.jbehave.ConsoleLogger - And [Javascript] I switch to iframe 'ReInsurancePlansIframe' (NOT PERFORMED)
13 Apr 2026 12:18:12,944 INFO : com.automation.jbehave.ConsoleLogger - And [Input] I click on 'REIPlanSaveButton' (NOT PERFORMED)
13 Apr 2026 12:18:12,945 INFO : com.automation.jbehave.PropertyParameterConverter - Parameter converted:[p:ReinsurancePlanEmptyErrorMsg] >> [Reinsurance Plan must have some value.]
13 Apr 2026 12:18:12,988 INFO : com.automation.jbehave.ConsoleLogger - And [Assertion] Verify 'ReinsurancePlanErrorMsg' contains 'p:ReinsurancePlanEmptyErrorMsg' text (NOT PERFORMED)
13 Apr 2026 12:18:12,989 INFO : com.automation.jbehave.PropertyParameterConverter - Parameter converted:[p:ReiMethodEmptyErrorMsg] >> [REI Method must have some value.]
13 Apr 2026 12:18:13,038 INFO : com.automation.jbehave.ConsoleLogger - And [Assertion] Verify 'ReiMethodErrorMsg' contains 'p:ReiMethodEmptyErrorMsg' text (NOT PERFORMED)
13 Apr 2026 12:18:13,039 INFO : com.automation.jbehave.ConsoleLogger - !-- And [Input] Select '$optionValue' value from 'ReinsurancePlanCombobox' dropdown list (IGNORED)
13 Apr 2026 12:18:13,039 INFO : com.automation.jbehave.PropertyParameterConverter - Parameter converted:[p:PolicyWise] >> [Policy wise]
13 Apr 2026 12:18:13,088 INFO : com.automation.jbehave.ConsoleLogger - And [Input] Select 'p:PolicyWise' value from 'ReiMethodCombobox' dropdown list (NOT PERFORMED)
13 Apr 2026 12:18:13,089 INFO : com.automation.jbehave.ConsoleLogger - !-- And [Input] I click on 'REIPlanSaveButton' (IGNORED)
13 Apr 2026 12:18:13,134 INFO : com.automation.jbehave.ConsoleLogger - And [Javascript] I switch back to main content (NOT PERFORMED)
13 Apr 2026 12:18:13,176 INFO : com.automation.jbehave.ConsoleLogger - And [Input] I click on 'CloseButtonFromPopup' (NOT PERFORMED)
13 Apr 2026 12:18:13,223 INFO : com.automation.jbehave.ConsoleLogger - And [Navigation] I scroll to 'DeleteButton' (NOT PERFORMED)
13 Apr 2026 12:18:13,265 INFO : com.automation.jbehave.ConsoleLogger - And [Input] I click on 'DeleteButton' (NOT PERFORMED)
13 Apr 2026 12:18:13,306 INFO : com.automation.jbehave.ConsoleLogger - And [Input] I click on 'DeleteButtonPopup' (NOT PERFORMED)
13 Apr 2026 12:18:13,350 INFO : com.automation.jbehave.ConsoleLogger - And [Progress] I wait for '5' sec (NOT PERFORMED)
13 Apr 2026 12:18:13,351 INFO : com.automation.jbehave.PropertyParameterConverter - Parameter converted:[p:QuotationDeletedSuccessfully] >> [Quotation Deleted Successfully!]
13 Apr 2026 12:18:13,392 INFO : com.automation.jbehave.ConsoleLogger - And [Assertion] Verify 'SuccessfullyAlert' contains 'p:QuotationDeletedSuccessfully' text (NOT PERFORMED)
13 Apr 2026 12:18:13,393 INFO : com.automation.jbehave.PropertyParameterConverter - Parameter converted:[p:Cancelled] >> [4 - Cancelled]
13 Apr 2026 12:18:13,437 INFO : com.automation.jbehave.ConsoleLogger - And [Input] Set 'SearchQuotationInput' value to 'p:Cancelled' (NOT PERFORMED)
13 Apr 2026 12:18:13,478 INFO : com.automation.jbehave.ConsoleLogger - And [Input] I press Enter on 'SearchQuotationInput' (NOT PERFORMED)
13 Apr 2026 12:18:13,520 INFO : com.automation.jbehave.ConsoleLogger - And [Progress] I wait for '5' sec (NOT PERFORMED)
13 Apr 2026 12:18:13,565 INFO : com.automation.jbehave.ConsoleLogger - And [Input] I click on 'QuotationNumberTable' (NOT PERFORMED)
13 Apr 2026 12:18:13,607 INFO : com.automation.jbehave.ConsoleLogger - And [Input] Set 'QuotationNumberSearch' value to 'statemanager:QuotationNo' (NOT PERFORMED)
13 Apr 2026 12:18:13,650 INFO : com.automation.jbehave.ConsoleLogger - And [Input] I press Enter on 'QuotationNumberSearch' (NOT PERFORMED)
13 Apr 2026 12:18:13,696 INFO : com.automation.jbehave.ConsoleLogger - And [Progress] I wait for '5' sec (NOT PERFORMED)
13 Apr 2026 12:18:13,740 INFO : com.automation.jbehave.ConsoleLogger - And [Navigation] I reload page (NOT PERFORMED)
13 Apr 2026 12:18:13,784 INFO : com.automation.jbehave.ConsoleLogger - And [Input] I click on 'EditQuotationImg' (NOT PERFORMED)
13 Apr 2026 12:18:13,828 INFO : com.automation.jbehave.ConsoleLogger - And [Progress] I wait for '5' sec (NOT PERFORMED)
13 Apr 2026 12:18:13,829 INFO : com.automation.jbehave.PropertyParameterConverter - Parameter converted:[p:Cancelled] >> [4 - Cancelled]
13 Apr 2026 12:18:13,872 INFO : com.automation.jbehave.ConsoleLogger - And [Assertion] Verify text of 'StatusAllQuotationDetails' equals saved value 'p:Cancelled' (NOT PERFORMED)
13 Apr 2026 12:18:13,873 INFO : com.automation.jbehave.PropertyParameterConverter - Parameter converted:[p:Invalid] >> [2 - Invalid]
13 Apr 2026 12:18:13,911 INFO : com.automation.jbehave.ConsoleLogger - And [Assertion] Verify text of 'ValidityStatusAllQuotationDetails' equals saved value 'p:Invalid' (NOT PERFORMED)
13 Apr 2026 12:18:13,970 INFO : com.automation.jbehave.ConsoleLogger - And [Assertion] Verify text of 'QutQuotNoAllQuotationDetails' equals saved value 'statemanager:QuotationNo' (NOT PERFORMED)
13 Apr 2026 12:18:13,971 INFO : com.automation.jbehave.ConsoleLogger - !-- Logout (IGNORED)
13 Apr 2026 12:18:14,014 INFO : com.automation.jbehave.ConsoleLogger - And [Progress] I wait for '7' sec (NOT PERFORMED)
13 Apr 2026 12:18:14,052 INFO : com.automation.jbehave.ConsoleLogger - Then [Input] I click on 'UserDDL' (NOT PERFORMED)
13 Apr 2026 12:18:14,085 INFO : com.automation.jbehave.ConsoleLogger - And [Input] I click on 'LogoutButton' (NOT PERFORMED)
13 Apr 2026 12:18:14,123 INFO : com.automation.jbehave.ConsoleLogger - And [Assertion] Verify 'loginButton' is present (NOT PERFORMED)
13 Apr 2026 12:18:14,228 INFO : com.automation.jbehave.ConsoleLogger - ==========================================================
13 Apr 2026 12:18:14,228 INFO : com.automation.jbehave.ConsoleLogger - Scenario: TC_012_Apex
13 Apr 2026 12:18:14,228 INFO : com.automation.jbehave.ConsoleLogger - ==========================================================
13 Apr 2026 12:18:14,228 INFO : com.automation.jbehave.PropertyParameterConverter - Parameter converted:[p:amanApex] >> [http://hq-opt-ins-21:9090/ordsapexqa/r/qaapex/aman/login]
13 Apr 2026 12:18:14,369 INFO : com.automation.pages.CannedPage - Navigating to the page: http://hq-opt-ins-21:9090/ordsapexqa/r/qaapex/aman/login
13 Apr 2026 12:18:14,413 INFO : com.automation.jbehave.ConsoleLogger - Given [Navigation] I navigate to 'p:amanApex' (SUCCESSFUL)
13 Apr 2026 12:18:14,414 INFO : com.automation.jbehave.PropertyParameterConverter - Parameter converted:[p:adminUsername] >> [aman_opt]
13 Apr 2026 12:18:14,414 INFO : com.automation.jbehave.PropertyParameterConverter - Parameter converted:[p:password] >> [aman_opt]
13 Apr 2026 12:18:17,653 INFO : com.automation.pages.CannedPage - Filled 'userName' with value: aman_opt
13 Apr 2026 12:18:20,924 INFO : com.automation.pages.CannedPage - Clicked on 'password'
13 Apr 2026 12:18:24,112 INFO : com.automation.pages.CannedPage - Filled 'password' with value: aman_opt
13 Apr 2026 12:18:24,253 INFO : com.automation.pages.CannedPage - Clicked on 'login Button'
13 Apr 2026 12:18:24,285 INFO : com.automation.jbehave.ConsoleLogger - And [Input] I login as 'p:adminUsername' with password 'p:password' (SUCCESSFUL)
13 Apr 2026 12:18:29,352 INFO : com.automation.jbehave.ConsoleLogger - And [Progress] I wait for '5' sec (SUCCESSFUL)
13 Apr 2026 12:18:30,130 INFO : com.automation.pages.CannedPage - Clicked on 'QuotationCardDashboard'
13 Apr 2026 12:18:30,166 INFO : com.automation.jbehave.ConsoleLogger - When [Input] I click on 'QuotationCardDashboard' (SUCCESSFUL)
13 Apr 2026 12:18:30,474 INFO : com.automation.jbehave.ConsoleLogger - And [Assertion] Verify 'QuotationsTitle' equals 'Quotations' text (SUCCESSFUL)
13 Apr 2026 12:18:31,947 INFO : com.automation.pages.CannedPage - Clicked on 'SPWaziriyahMrorrCard'
13 Apr 2026 12:18:31,983 INFO : com.automation.jbehave.ConsoleLogger - And [Input] I click on 'SPWaziriyahMrorrCard' (SUCCESSFUL)
13 Apr 2026 12:18:32,864 INFO : com.automation.pages.CannedPage - Clicked on 'NewQuotationButton'
13 Apr 2026 12:18:32,899 INFO : com.automation.jbehave.ConsoleLogger - And [Input] I click on 'NewQuotationButton' (SUCCESSFUL)
13 Apr 2026 12:18:33,953 INFO : com.automation.pages.CannedPage - Clicked on 'FGACard'
13 Apr 2026 12:18:33,988 INFO : com.automation.jbehave.ConsoleLogger - And [Input] I click on 'FGACard' (SUCCESSFUL)
13 Apr 2026 12:18:34,810 INFO : com.automation.pages.CannedPage - Clicked on 'EngineeringCard'
13 Apr 2026 12:18:34,871 INFO : com.automation.jbehave.ConsoleLogger - And [Input] I click on 'EngineeringCard' (SUCCESSFUL)
13 Apr 2026 12:18:38,655 INFO : com.automation.pages.CannedPage - Clicked on 'OpenCoverCard'
13 Apr 2026 12:18:38,693 INFO : com.automation.jbehave.ConsoleLogger - And [Input] I click on 'OpenCoverCard' (SUCCESSFUL)
13 Apr 2026 12:18:38,693 INFO : com.automation.jbehave.PropertyParameterConverter - Parameter converted:[p:Engineering] >> [23 - Engineering]
13 Apr 2026 12:18:38,994 INFO : com.automation.jbehave.ConsoleLogger - And [Assertion] Verify 'QutClassOfBusinessDisplay' equals 'p:Engineering' text (SUCCESSFUL)
13 Apr 2026 12:18:38,995 INFO : com.automation.jbehave.PropertyParameterConverter - Parameter converted:[p:Engineering_OpenCover] >> [24 - Open Cover]
13 Apr 2026 12:18:39,197 INFO : com.automation.jbehave.ConsoleLogger - And [Assertion] Verify 'QutPolicyTypeDisplay' equals 'p:Engineering_OpenCover' text (SUCCESSFUL)
13 Apr 2026 12:18:39,198 INFO : com.automation.jbehave.PropertyParameterConverter - Parameter converted:[p:Draft] >> [1 - Draft]
13 Apr 2026 12:18:39,358 INFO : com.automation.jbehave.ConsoleLogger - And [Assertion] Verify 'QutStatusDisplay' equals 'p:Draft' text (SUCCESSFUL)
13 Apr 2026 12:18:39,359 INFO : com.automation.jbehave.PropertyParameterConverter - Parameter converted:[p:Valid] >> [1 - Valid]
13 Apr 2026 12:18:39,557 INFO : com.automation.jbehave.ConsoleLogger - And [Assertion] Verify 'QutValidityStatusDisplay' equals 'p:Valid' text (SUCCESSFUL)
13 Apr 2026 12:18:39,557 INFO : com.automation.jbehave.ConsoleLogger - !-- Fill the mandatory Quotation Details (IGNORED)
13 Apr 2026 12:18:39,717 INFO : com.automation.pages.CannedPage - Tab 'MainTab' selected=true
13 Apr 2026 12:18:39,761 INFO : com.automation.jbehave.ConsoleLogger - And [Assertion] Verify tab 'MainTab' is selected (SUCCESSFUL)
13 Apr 2026 12:18:39,886 INFO : com.automation.pages.CannedPage - I scroll to 'CreateButton'
13 Apr 2026 12:18:39,922 INFO : com.automation.jbehave.ConsoleLogger - And [Navigation] I scroll to 'CreateButton' (SUCCESSFUL)
13 Apr 2026 12:18:40,093 INFO : com.automation.pages.CannedPage - Clicked on 'CreateButton'
13 Apr 2026 12:18:40,134 INFO : com.automation.jbehave.ConsoleLogger - And [Input] I click on 'CreateButton' (SUCCESSFUL)
13 Apr 2026 12:18:40,272 INFO : com.automation.jbehave.ConsoleLogger - And [Assertion] Verify 'ErrorAlert' is enable (SUCCESSFUL)
13 Apr 2026 12:18:40,272 INFO : com.automation.jbehave.PropertyParameterConverter - Parameter converted:[p:QutSourceEmptyErrorMsg] >> [Source must have some value.]
==========================================================
Actual: Source must have some value.
==========================================================
13 Apr 2026 12:18:40,425 INFO : com.automation.jbehave.ConsoleLogger - And [Assertion] Verify 'QutSourceErrorMsg' contains 'p:QutSourceEmptyErrorMsg' text (SUCCESSFUL)
13 Apr 2026 12:18:40,425 INFO : com.automation.jbehave.PropertyParameterConverter - Parameter converted:[p:QutInsStDateEmptyErrorMsg] >> [Effective Date must have some value.]
==========================================================
Actual: Effective Date must have some value.
==========================================================
13 Apr 2026 12:18:40,563 INFO : com.automation.jbehave.ConsoleLogger - And [Assertion] Verify 'QutInsStDateErrorMsg' contains 'p:QutInsStDateEmptyErrorMsg' text (SUCCESSFUL)
13 Apr 2026 12:18:40,564 INFO : com.automation.jbehave.PropertyParameterConverter - Parameter converted:[p:QutInsEdDateEmptyErrorMsg] >> [Expiry Date must have some value.]
==========================================================
Actual: Expiry Date must have some value.
==========================================================
13 Apr 2026 12:18:40,726 INFO : com.automation.jbehave.ConsoleLogger - And [Assertion] Verify 'QutInsEdDateErrorMsg' contains 'p:QutInsEdDateEmptyErrorMsg' text (SUCCESSFUL)
13 Apr 2026 12:18:40,738 INFO : com.automation.pages.CannedPage - I scroll to top of page
13 Apr 2026 12:18:40,777 INFO : com.automation.jbehave.ConsoleLogger - And [Navigation] I scroll to top of page (SUCCESSFUL)
13 Apr 2026 12:18:41,019 INFO : com.automation.pages.CannedPage - Clicked on 'CalculationsTab'
13 Apr 2026 12:18:41,053 INFO : com.automation.jbehave.ConsoleLogger - And [Input] I click on 'CalculationsTab' (SUCCESSFUL)
13 Apr 2026 12:18:41,218 INFO : com.automation.pages.CannedPage - Tab 'CalculationsTab' selected=true
13 Apr 2026 12:18:41,264 INFO : com.automation.jbehave.ConsoleLogger - And [Assertion] Verify tab 'CalculationsTab' is selected (SUCCESSFUL)
13 Apr 2026 12:18:41,265 INFO : com.automation.jbehave.PropertyParameterConverter - Parameter converted:[p:QutCalculationBasisEmptyErrorMsg] >> [Calculation Basis must have some value.]
==========================================================
Actual: Calculation Basis must have some value.
==========================================================
13 Apr 2026 12:18:41,424 INFO : com.automation.jbehave.ConsoleLogger - And [Assertion] Verify 'QutCalculationBasisErrorMsg' contains 'p:QutCalculationBasisEmptyErrorMsg' text (SUCCESSFUL)
13 Apr 2026 12:18:41,425 INFO : com.automation.jbehave.PropertyParameterConverter - Parameter converted:[p:QutCrCdEmptyErrorMsg] >> [Currency must have some value.]
==========================================================
Actual: Currency must have some value.
==========================================================
13 Apr 2026 12:18:41,560 INFO : com.automation.jbehave.ConsoleLogger - And [Assertion] Verify 'QutCrCdErrorMsg' contains 'p:QutCrCdEmptyErrorMsg' text (SUCCESSFUL)
13 Apr 2026 12:18:41,698 INFO : com.automation.pages.CannedPage - Assert 'QutQuotNoCreateText' empty=true (actual='')
13 Apr 2026 12:18:41,740 INFO : com.automation.jbehave.ConsoleLogger - And [Assertion] Verify 'QutQuotNoCreateText' input is empty (SUCCESSFUL)
13 Apr 2026 12:18:41,862 INFO : com.automation.pages.CannedPage - Clicked on 'MainTab'
13 Apr 2026 12:18:41,900 INFO : com.automation.jbehave.ConsoleLogger - And [Input] I click on 'MainTab' (SUCCESSFUL)
13 Apr 2026 12:18:42,070 INFO : com.automation.pages.CannedPage - Tab 'MainTab' selected=true
13 Apr 2026 12:18:42,111 INFO : com.automation.jbehave.ConsoleLogger - And [Assertion] Verify tab 'MainTab' is selected (SUCCESSFUL)
13 Apr 2026 12:18:42,111 INFO : com.automation.jbehave.PropertyParameterConverter - Parameter converted:[p:Direct] >> [1-Direct]
13 Apr 2026 12:18:42,716 INFO : com.automation.pages.CannedPage - Selected '1-Direct' from LOV 'QutSourceCombobox'
13 Apr 2026 12:18:42,756 INFO : com.automation.jbehave.ConsoleLogger - And [Input] Select 'p:Direct' value from 'QutSourceCombobox' dropdown list (SUCCESSFUL)
13 Apr 2026 12:18:42,756 INFO : com.automation.jbehave.PropertyParameterConverter - Parameter converted:[p:Account] >> [2-Account]
==========================================================
Actual: 2-Account
==========================================================
13 Apr 2026 12:18:42,923 INFO : com.automation.jbehave.ConsoleLogger - And [Assertion] Verify 'QutPaymentTermCombobox' contains 'p:Account' text (SUCCESSFUL)
13 Apr 2026 12:18:43,084 INFO : com.automation.jbehave.ConsoleLogger - And [Assertion] Verify 'QutQuotDate' value equals sysdate (SUCCESSFUL)
13 Apr 2026 12:18:43,084 INFO : com.automation.jbehave.ConsoleLogger - !-- And [Assertion] Verify 'QutQuotValidityDate' value equals sysdate plus '0' months plus '30' day (IGNORED)
Putting value in StateManager: key=, value=13/04/2026
13 Apr 2026 12:18:43,424 INFO : com.automation.pages.CannedPage - Filled 'QutInsStDateInput' with value: 13/04/2026
13 Apr 2026 12:18:43,462 INFO : com.automation.jbehave.ConsoleLogger - And [Input] Set 'QutInsStDateInput' value to 'sysdateformatted' (SUCCESSFUL)
13 Apr 2026 12:18:48,510 INFO : com.automation.jbehave.ConsoleLogger - And [Progress] I wait for '5' sec (SUCCESSFUL)
13 Apr 2026 12:18:48,763 INFO : com.automation.jbehave.ConsoleLogger - And [Input] I press Tab on 'QutInsStDateInput' (SUCCESSFUL)
13 Apr 2026 12:18:49,045 INFO : com.automation.pages.CannedPage - Clicked on 'QutInsStDateInput'
13 Apr 2026 12:18:49,089 INFO : com.automation.jbehave.ConsoleLogger - And [Input] I click on 'QutInsStDateInput' (SUCCESSFUL)
13 Apr 2026 12:18:49,274 INFO : com.automation.jbehave.ConsoleLogger - And [Input] I press Enter on 'QutInsStDateInput' (SUCCESSFUL)
13 Apr 2026 12:18:54,331 INFO : com.automation.jbehave.ConsoleLogger - And [Progress] I wait for '5' sec (SUCCESSFUL)
13 Apr 2026 12:18:54,331 INFO : com.automation.jbehave.ConsoleLogger - !-- And [Assertion] Verify 'QutInsEdDateInput' value equals sysdate plus '1' years minus one day (IGNORED)
13 Apr 2026 12:18:54,474 INFO : com.automation.jbehave.ConsoleLogger - And [Assertion] Verify 'QutInsEdDateInput' value equals sysdate (SUCCESSFUL)
13 Apr 2026 12:18:54,656 INFO : com.automation.pages.CannedPage - Clicked on 'CalculationsTab'
13 Apr 2026 12:18:54,694 INFO : com.automation.jbehave.ConsoleLogger - And [Input] I click on 'CalculationsTab' (SUCCESSFUL)
13 Apr 2026 12:18:54,786 INFO : com.automation.pages.CannedPage - Tab 'CalculationsTab' selected=true
13 Apr 2026 12:18:54,821 INFO : com.automation.jbehave.ConsoleLogger - And [Assertion] Verify tab 'CalculationsTab' is selected (SUCCESSFUL)
13 Apr 2026 12:18:54,822 INFO : com.automation.jbehave.PropertyParameterConverter - Parameter converted:[p:ProRata] >> [1 - Pro Rata]
13 Apr 2026 12:18:55,287 INFO : com.automation.pages.CannedPage - Selected '1 - Pro Rata' from LOV 'QutCalculationBasisCombobox'
13 Apr 2026 12:18:55,330 INFO : com.automation.jbehave.ConsoleLogger - And [Input] Select 'p:ProRata' value from 'QutCalculationBasisCombobox' dropdown list (SUCCESSFUL)
13 Apr 2026 12:18:55,330 INFO : com.automation.jbehave.PropertyParameterConverter - Parameter converted:[p:USDollars] >> [2 - US Dollars]
13 Apr 2026 12:18:56,312 INFO : com.automation.pages.CannedPage - Selected '2 - US Dollars' from LOV 'QutCrCdCombobox'
13 Apr 2026 12:18:56,386 INFO : com.automation.jbehave.ConsoleLogger - And [Input] Select 'p:USDollars' value from 'QutCrCdCombobox' dropdown list (SUCCESSFUL)
13 Apr 2026 12:18:59,422 INFO : com.automation.jbehave.ConsoleLogger - And [Progress] I wait for '3' sec (SUCCESSFUL)
13 Apr 2026 12:18:59,573 INFO : com.automation.jbehave.ConsoleLogger - And [Assertion] Verify 'QutUnitPriceVal' equals '3.75' text (SUCCESSFUL)
13 Apr 2026 12:18:59,675 INFO : com.automation.pages.CannedPage - I scroll to 'CreateButton'
13 Apr 2026 12:18:59,703 INFO : com.automation.jbehave.ConsoleLogger - And [Navigation] I scroll to 'CreateButton' (SUCCESSFUL)
13 Apr 2026 12:18:59,825 INFO : com.automation.pages.CannedPage - Clicked on 'CreateButton'
13 Apr 2026 12:18:59,870 INFO : com.automation.jbehave.ConsoleLogger - And [Input] I click on 'CreateButton' (SUCCESSFUL)
13 Apr 2026 12:19:04,931 INFO : com.automation.jbehave.ConsoleLogger - And [Progress] I wait for '5' sec (SUCCESSFUL)
13 Apr 2026 12:19:05,007 INFO : com.automation.pages.CannedPage - I scroll to 'SuccessfullyAlert'
13 Apr 2026 12:19:05,044 INFO : com.automation.jbehave.ConsoleLogger - And [Navigation] I scroll to 'SuccessfullyAlert' (SUCCESSFUL)
13 Apr 2026 12:19:05,044 INFO : com.automation.jbehave.PropertyParameterConverter - Parameter converted:[p:DataSavedSuccessfully] >> [Data Saved Successfully.]
==========================================================
Actual: Data Saved Successfully.
==========================================================
13 Apr 2026 12:19:05,150 INFO : com.automation.jbehave.ConsoleLogger - And [Assertion] Verify 'SuccessfullyAlert' contains 'p:DataSavedSuccessfully' text (SUCCESSFUL)
Fetched text from QutQuotNoCreateText: 736
Putting value in StateManager: key=QuotationNo, value=736
QuotationNo saved as: 736
13 Apr 2026 12:19:05,249 INFO : com.automation.jbehave.ConsoleLogger - And [Action] I get text from 'QutQuotNoCreateText' and save it as 'QuotationNo' (SUCCESSFUL)
13 Apr 2026 12:19:05,378 INFO : com.automation.pages.CannedPage - Clicked on 'NextButton'
13 Apr 2026 12:19:05,419 INFO : com.automation.jbehave.ConsoleLogger - And [Input] I click on 'NextButton' (SUCCESSFUL)
13 Apr 2026 12:19:10,478 INFO : com.automation.jbehave.ConsoleLogger - And [Progress] I wait for '5' sec (SUCCESSFUL)
13 Apr 2026 12:19:10,478 INFO : com.automation.jbehave.ConsoleLogger - !-- Fill the mandatory Risk Details (IGNORED)
13 Apr 2026 12:19:10,599 INFO : com.automation.pages.CannedPage - Clicked on 'AddNewRiskButton'
13 Apr 2026 12:19:10,647 INFO : com.automation.jbehave.ConsoleLogger - And [Input] I click on 'AddNewRiskButton' (SUCCESSFUL)
13 Apr 2026 12:19:11,460 INFO : com.automation.jbehave.ConsoleLogger - And [Javascript] I switch to iframe 'AddNewRiskIframe' (SUCCESSFUL)
13 Apr 2026 12:19:11,742 INFO : com.automation.pages.CannedPage - Clicked on 'RiskTypeLiabilityCombobox'
13 Apr 2026 12:19:11,794 INFO : com.automation.jbehave.ConsoleLogger - And [Input] I click on 'RiskTypeLiabilityCombobox' (SUCCESSFUL)
13 Apr 2026 12:19:11,837 INFO : com.automation.jbehave.ConsoleLogger - And [Javascript] I switch back to main content (SUCCESSFUL)
13 Apr 2026 12:19:11,837 INFO : com.automation.jbehave.PropertyParameterConverter - Parameter converted:[p:Warehouse] >> [1 - Warehouse]
13 Apr 2026 12:19:12,756 INFO : com.automation.pages.CannedPage - Selected '1 - Warehouse' from LOV 'PopupLOVSearchBar'
13 Apr 2026 12:19:12,801 INFO : com.automation.jbehave.ConsoleLogger - And [Input] Select 'p:Warehouse' value from 'PopupLOVSearchBar' dropdown list (SUCCESSFUL)
13 Apr 2026 12:19:12,955 INFO : com.automation.jbehave.ConsoleLogger - And [Javascript] I switch to iframe 'AddNewRiskIframe' (SUCCESSFUL)
13 Apr 2026 12:19:12,955 INFO : com.automation.jbehave.PropertyParameterConverter - Parameter converted:[p:ItemBasis] >> [2 - Item Basis]
13 Apr 2026 12:19:13,103 INFO : com.automation.pages.CannedPage - Selected '2 - Item Basis' from <select> 'BreakdownCombobox'
13 Apr 2026 12:19:13,149 INFO : com.automation.jbehave.ConsoleLogger - And [Input] Select 'p:ItemBasis' value from 'BreakdownCombobox' dropdown list (SUCCESSFUL)
13 Apr 2026 12:19:13,367 INFO : com.automation.pages.CannedPage - Clicked on 'ApplyChangesButtonIframe'
13 Apr 2026 12:19:13,411 INFO : com.automation.jbehave.ConsoleLogger - And [Input] I click on 'ApplyChangesButtonIframe' (SUCCESSFUL)
13 Apr 2026 12:19:13,459 INFO : com.automation.jbehave.ConsoleLogger - And [Javascript] I switch back to main content (SUCCESSFUL)
13 Apr 2026 12:19:18,508 INFO : com.automation.jbehave.ConsoleLogger - And [Progress] I wait for '5' sec (SUCCESSFUL)
13 Apr 2026 12:19:18,508 INFO : com.automation.jbehave.ConsoleLogger - !-- Fill the mandatory Items Details (IGNORED)
13 Apr 2026 12:19:18,704 INFO : com.automation.pages.CannedPage - Clicked on 'AddNewItemButton'
13 Apr 2026 12:19:18,753 INFO : com.automation.jbehave.ConsoleLogger - And [Input] I click on 'AddNewItemButton' (SUCCESSFUL)
13 Apr 2026 12:19:19,462 INFO : com.automation.jbehave.ConsoleLogger - And [Javascript] I switch to iframe 'FireRiskItemsIframe' (SUCCESSFUL)
13 Apr 2026 12:19:19,705 INFO : com.automation.pages.CannedPage - Clicked on 'RiqItemCodeCombobox'
13 Apr 2026 12:19:19,745 INFO : com.automation.jbehave.ConsoleLogger - And [Input] I click on 'RiqItemCodeCombobox' (SUCCESSFUL)
13 Apr 2026 12:19:19,786 INFO : com.automation.jbehave.ConsoleLogger - And [Javascript] I switch back to main content (SUCCESSFUL)
13 Apr 2026 12:19:19,787 INFO : com.automation.jbehave.PropertyParameterConverter - Parameter converted:[p:Buildings] >> [1 - Buildings]
13 Apr 2026 12:19:20,891 INFO : com.automation.pages.CannedPage - Selected '1 - Buildings' from LOV 'PopupLOVSearchBar'
13 Apr 2026 12:19:20,933 INFO : com.automation.jbehave.ConsoleLogger - And [Input] Select 'p:Buildings' value from 'PopupLOVSearchBar' dropdown list (SUCCESSFUL)
13 Apr 2026 12:19:21,139 INFO : com.automation.jbehave.ConsoleLogger - And [Javascript] I switch to iframe 'FireRiskItemsIframe' (SUCCESSFUL)
13 Apr 2026 12:19:21,378 INFO : com.automation.pages.CannedPage - Clicked on 'RiqSaveButtonIframe'
13 Apr 2026 12:19:21,452 INFO : com.automation.jbehave.ConsoleLogger - And [Input] I click on 'RiqSaveButtonIframe' (SUCCESSFUL)
13 Apr 2026 12:19:21,513 INFO : com.automation.jbehave.ConsoleLogger - And [Javascript] I switch back to main content (SUCCESSFUL)
13 Apr 2026 12:19:26,561 INFO : com.automation.jbehave.ConsoleLogger - And [Progress] I wait for '5' sec (SUCCESSFUL)
13 Apr 2026 12:19:26,611 INFO : com.automation.pages.CannedPage - I scroll to top of page
13 Apr 2026 12:19:26,650 INFO : com.automation.jbehave.ConsoleLogger - And [Navigation] I scroll to top of page (SUCCESSFUL)
13 Apr 2026 12:19:26,811 INFO : com.automation.pages.CannedPage - Clicked on 'NextButton'
13 Apr 2026 12:19:26,863 INFO : com.automation.jbehave.ConsoleLogger - And [Input] I click on 'NextButton' (SUCCESSFUL)
13 Apr 2026 12:19:31,924 INFO : com.automation.jbehave.ConsoleLogger - And [Progress] I wait for '5' sec (SUCCESSFUL)
13 Apr 2026 12:19:31,925 INFO : com.automation.jbehave.ConsoleLogger - !-- Fill the mandatory Risk/Item Value Types (IGNORED)
13 Apr 2026 12:19:32,032 INFO : com.automation.pages.CannedPage - I scroll to 'ItemCalculationButton'
13 Apr 2026 12:19:32,077 INFO : com.automation.jbehave.ConsoleLogger - And [Navigation] I scroll to 'ItemCalculationButton' (SUCCESSFUL)
13 Apr 2026 12:19:32,353 INFO : com.automation.pages.CannedPage - Clicked on 'ItemCalculationButton'
13 Apr 2026 12:19:32,400 INFO : com.automation.jbehave.ConsoleLogger - And [Input] I click on 'ItemCalculationButton' (SUCCESSFUL)
13 Apr 2026 12:19:32,833 INFO : com.automation.jbehave.ConsoleLogger - And [Javascript] I switch to iframe 'ItemCalculationIframe' (SUCCESSFUL)
13 Apr 2026 12:19:33,109 INFO : com.automation.pages.CannedPage - Clicked on 'ItemCalculationEditButton'
13 Apr 2026 12:19:33,156 INFO : com.automation.jbehave.ConsoleLogger - And [Input] I click on 'ItemCalculationEditButton' (SUCCESSFUL)
13 Apr 2026 12:19:33,660 INFO : com.automation.pages.CustomPage - [IG DEBUG] IG is editable without invoking IG edit action. region=item_c_ig
13 Apr 2026 12:19:34,082 INFO : com.automation.jbehave.ConsoleLogger - And [Assertion] Verify IG 'item_c_ig' row '42 - Fire SI' Foreign/Foreign Amount can be filled (SUCCESSFUL)
13 Apr 2026 12:19:34,549 INFO : com.automation.pages.CustomPage - [IG DEBUG] IG is editable without invoking IG edit action. region=item_c_ig
13 Apr 2026 12:19:34,897 INFO : com.automation.pages.CustomPage - [IG DEBUG] IG is editable without invoking IG edit action. region=item_c_ig
13 Apr 2026 12:19:36,993 INFO : com.automation.pages.CustomPage - [IG Fill] region=item_c_ig | row='42 - Fire SI' | col='Foreign' | value=4
13 Apr 2026 12:19:40,098 INFO : com.automation.pages.CustomPage - [IG Fill] region=item_c_ig | row='2 - Rate' | col='Percent' | value=3
13 Apr 2026 12:19:42,359 INFO : com.automation.pages.CustomPage - [IG Fill] region=item_c_ig | row='44 - Others SI' | col='Foreign' | value=24
13 Apr 2026 12:19:45,948 INFO : com.automation.pages.CustomPage - [IG Fill] region=item_c_ig | row='45 - Others Rate' | col='Percent' | value=49
13 Apr 2026 12:19:49,257 INFO : com.automation.jbehave.ConsoleLogger - And [Input] I set SECOND IG 'item_c_ig' from first row '42 - Fire SI' to random numbers between '1' and '50' for all enabled cells excluding DDL (SUCCESSFUL)
13 Apr 2026 12:19:54,313 INFO : com.automation.jbehave.ConsoleLogger - And [Progress] I wait for '5' sec (SUCCESSFUL)
13 Apr 2026 12:19:54,361 INFO : com.automation.jbehave.ConsoleLogger - And [Javascript] I switch back to main content (SUCCESSFUL)
13 Apr 2026 12:19:54,431 INFO : com.automation.pages.CannedPage - I scroll to 'RiskCalculationButton'
13 Apr 2026 12:19:54,472 INFO : com.automation.jbehave.ConsoleLogger - And [Navigation] I scroll to 'RiskCalculationButton' (SUCCESSFUL)
13 Apr 2026 12:19:54,705 INFO : com.automation.pages.CannedPage - Clicked on 'RiskCalculationButton'
13 Apr 2026 12:19:54,755 INFO : com.automation.jbehave.ConsoleLogger - And [Input] I click on 'RiskCalculationButton' (SUCCESSFUL)
13 Apr 2026 12:19:55,441 INFO : com.automation.jbehave.ConsoleLogger - And [Javascript] I switch to iframe 'RiskCalculationIframe' (SUCCESSFUL)
13 Apr 2026 12:19:55,788 INFO : com.automation.pages.CannedPage - Clicked on 'RiskCalculationEditButton'
13 Apr 2026 12:19:55,828 INFO : com.automation.jbehave.ConsoleLogger - And [Input] I click on 'RiskCalculationEditButton' (SUCCESSFUL)
13 Apr 2026 12:19:55,828 INFO : com.automation.jbehave.ConsoleLogger - !-- And [Assertion] Verify IG 'RISK_CALC_REGION_ig' row '42 - Fire SI' Foreign/Foreign Amount can be filled (IGNORED)
13 Apr 2026 12:19:56,224 INFO : com.automation.pages.CustomPage - [IG DEBUG] IG is editable without invoking IG edit action. region=RISK_CALC_REGION_ig
13 Apr 2026 12:19:56,619 INFO : com.automation.pages.CustomPage - [IG DEBUG] IG is editable without invoking IG edit action. region=RISK_CALC_REGION_ig
13 Apr 2026 12:19:59,304 INFO : com.automation.pages.CustomPage - [IG Fill] region=RISK_CALC_REGION_ig | row='5 - Discounts' | col='Percent' | value=5
13 Apr 2026 12:20:06,149 INFO : com.automation.jbehave.ConsoleLogger - And [Input] I set SECOND IG 'RISK_CALC_REGION_ig' from first row '42 - Fire SI' to random numbers between '1' and '50' for all enabled cells excluding DDL (SUCCESSFUL)
13 Apr 2026 12:20:11,205 INFO : com.automation.jbehave.ConsoleLogger - And [Progress] I wait for '5' sec (SUCCESSFUL)
13 Apr 2026 12:20:11,250 INFO : com.automation.jbehave.ConsoleLogger - And [Javascript] I switch back to main content (SUCCESSFUL)
13 Apr 2026 12:20:11,261 INFO : com.automation.pages.CannedPage - I scroll to top of page
13 Apr 2026 12:20:11,302 INFO : com.automation.jbehave.ConsoleLogger - And [Navigation] I scroll to top of page (SUCCESSFUL)
13 Apr 2026 12:20:11,406 INFO : com.automation.pages.CannedPage - Clicked on 'NextButton'
13 Apr 2026 12:20:11,444 INFO : com.automation.jbehave.ConsoleLogger - And [Input] I click on 'NextButton' (SUCCESSFUL)
13 Apr 2026 12:20:16,485 INFO : com.automation.jbehave.ConsoleLogger - And [Progress] I wait for '5' sec (SUCCESSFUL)
13 Apr 2026 12:20:16,485 INFO : com.automation.jbehave.ConsoleLogger - !-- Fill in Quotation Value Types (IGNORED)
13 Apr 2026 12:20:16,693 INFO : com.automation.pages.CannedPage - Clicked on 'EditButtonQuotationValue'
13 Apr 2026 12:20:16,733 INFO : com.automation.jbehave.ConsoleLogger - And [Input] I click on 'EditButtonQuotationValue' (SUCCESSFUL)
13 Apr 2026 12:20:21,796 INFO : com.automation.jbehave.ConsoleLogger - And [Progress] I wait for '5' sec (SUCCESSFUL)
13 Apr 2026 12:20:22,195 INFO : com.automation.pages.CustomPage - [IG DEBUG] IG is editable without invoking IG edit action. region=calc_ig
13 Apr 2026 12:20:22,523 INFO : com.automation.jbehave.ConsoleLogger - And [Assertion] Verify IG 'calc_ig' row '11 - Issues Fees' Foreign/Foreign Amount can be filled (SUCCESSFUL)
13 Apr 2026 12:20:23,640 INFO : com.automation.pages.CustomPage - [IG DEBUG] IG is editable without invoking IG edit action. region=calc_ig
13 Apr 2026 12:20:26,707 INFO : com.automation.pages.CustomPage - [IG Fill] region=calc_ig | row='8 - Tax' | col='Premium %' | value=33
13 Apr 2026 12:20:29,161 INFO : com.automation.pages.CustomPage - [IG Fill] region=calc_ig | row='9 - ICF Fees' | col='Premium %' | value=1
13 Apr 2026 12:20:31,815 INFO : com.automation.pages.CustomPage - [IG Fill] region=calc_ig | row='10 - Stamp Fees' | col='Premium %' | value=43
13 Apr 2026 12:20:34,180 INFO : com.automation.pages.CustomPage - [IG Fill] region=calc_ig | row='11 - Issues Fees' | col='Foreign Amount' | value=36
13 Apr 2026 12:20:35,875 INFO : com.automation.pages.CustomPage - [IG Fill] region=calc_ig | row='12 - Service Charge' | col='Foreign Amount' | value=6
13 Apr 2026 12:20:37,621 INFO : com.automation.pages.CustomPage - [IG Fill] region=calc_ig | row='14 - VAT' | col='Premium %' | value=46
13 Apr 2026 12:20:39,252 INFO : com.automation.pages.CustomPage - [IG Fill] region=calc_ig | row='14 - VAT' | col='Method' | value=13
13 Apr 2026 12:20:47,918 INFO : com.automation.jbehave.ConsoleLogger - And [Input] I set IG 'calc_ig' from first row '42 - Fire SI' to random numbers between '1' and '50' for all enabled cells excluding DDL (SUCCESSFUL)
13 Apr 2026 12:20:48,180 INFO : com.automation.pages.CannedPage - Clicked on 'SaveButton'
13 Apr 2026 12:20:48,223 INFO : com.automation.jbehave.ConsoleLogger - And [Input] I click on 'SaveButton' (SUCCESSFUL)
13 Apr 2026 12:20:53,283 INFO : com.automation.jbehave.ConsoleLogger - And [Progress] I wait for '5' sec (SUCCESSFUL)
13 Apr 2026 12:20:53,314 INFO : com.automation.pages.CannedPage - I scroll to top of page
13 Apr 2026 12:20:53,359 INFO : com.automation.jbehave.ConsoleLogger - And [Navigation] I scroll to top of page (SUCCESSFUL)
13 Apr 2026 12:20:58,391 INFO : com.automation.jbehave.ConsoleLogger - And [Progress] I wait for '5' sec (SUCCESSFUL)
13 Apr 2026 12:20:58,537 INFO : com.automation.pages.CannedPage - Clicked on 'NextButton'
13 Apr 2026 12:20:58,579 INFO : com.automation.jbehave.ConsoleLogger - And [Input] I click on 'NextButton' (SUCCESSFUL)
13 Apr 2026 12:21:03,624 INFO : com.automation.jbehave.ConsoleLogger - And [Progress] I wait for '5' sec (SUCCESSFUL)
13 Apr 2026 12:21:03,624 INFO : com.automation.jbehave.ConsoleLogger - !-- Fill in All Quotation Details (IGNORED)
Getting value from StateManager: key=QuotationNo, value=736
Expected value (from stateManager, key='QuotationNo'): 736
Actual value (from element 'QutQuotNoAllQuotationDetails'): 736
13 Apr 2026 12:21:03,765 INFO : com.automation.jbehave.ConsoleLogger - And [Assertion] Verify text of 'QutQuotNoAllQuotationDetails' contains saved value 'QuotationNo' (SUCCESSFUL)
13 Apr 2026 12:21:03,766 INFO : com.automation.jbehave.PropertyParameterConverter - Parameter converted:[p:Cheque] >> [2 - Cheque]
13 Apr 2026 12:21:04,374 INFO : com.automation.pages.CannedPage - Selected '2 - Cheque' from LOV 'QutCollectionTypeCombobox'
13 Apr 2026 12:21:04,420 INFO : com.automation.jbehave.ConsoleLogger - And [Input] Select 'p:Cheque' value from 'QutCollectionTypeCombobox' dropdown list (SUCCESSFUL)
13 Apr 2026 12:21:04,579 INFO : com.automation.pages.CannedPage - I scroll to 'CustomerInfoButton'
13 Apr 2026 12:21:04,621 INFO : com.automation.jbehave.ConsoleLogger - And [Navigation] I scroll to 'CustomerInfoButton' (SUCCESSFUL)
13 Apr 2026 12:21:04,751 INFO : com.automation.pages.CannedPage - Clicked on 'CustomerInfoButton'
13 Apr 2026 12:21:04,791 INFO : com.automation.jbehave.ConsoleLogger - And [Input] I click on 'CustomerInfoButton' (SUCCESSFUL)
13 Apr 2026 12:21:04,791 INFO : com.automation.jbehave.PropertyParameterConverter - Parameter converted:[p:ClientName] >> [5349 - ?´?±???© ?§???????´?¢?? ?§???³?¹???¯???©]
13 Apr 2026 12:21:05,688 INFO : com.automation.pages.CannedPage - Selected '5349 - شركة المنشآت السعودية' from LOV 'QurQutClientCombobox'
13 Apr 2026 12:21:05,738 INFO : com.automation.jbehave.ConsoleLogger - And [Input] Select 'p:ClientName' value from 'QurQutClientCombobox' dropdown list (SUCCESSFUL)
13 Apr 2026 12:21:05,738 INFO : com.automation.jbehave.PropertyParameterConverter - Parameter converted:[p:ClientName] >> [5349 - ?´?±???© ?§???????´?¢?? ?§???³?¹???¯???©]
13 Apr 2026 12:21:06,731 INFO : com.automation.pages.CannedPage - Selected '5349 - شركة المنشآت السعودية' from LOV 'QurQutClientNoCombobox'
13 Apr 2026 12:21:06,776 INFO : com.automation.jbehave.ConsoleLogger - And [Input] Select 'p:ClientName' value from 'QurQutClientNoCombobox' dropdown list (SUCCESSFUL)
[...]
13 Apr 2026 12:21:25,070 INFO : com.automation.jbehave.ConsoleLogger - And [Navigation] I scroll to end of page (SUCCESSFUL)
13 Apr 2026 12:21:25,298 INFO : com.automation.pages.CannedPage - Clicked on 'BeneficiaryButton'
13 Apr 2026 12:21:25,342 INFO : com.automation.jbehave.ConsoleLogger - And [Input] I click on 'BeneficiaryButton' (SUCCESSFUL)
13 Apr 2026 12:21:25,606 INFO : com.automation.jbehave.ConsoleLogger - And [Javascript] I switch to iframe 'BeneficiaryIframe' (SUCCESSFUL)
13 Apr 2026 12:21:25,755 INFO : com.automation.jbehave.ConsoleLogger - And [Assertion] Verify 'BeneficiaryTable' is visible (SUCCESSFUL)
13 Apr 2026 12:21:25,948 INFO : com.automation.pages.CannedPage - Clicked on 'BeneficiaryAddRow'
13 Apr 2026 12:21:25,993 INFO : com.automation.jbehave.ConsoleLogger - And [Input] I click on 'BeneficiaryAddRow' (SUCCESSFUL)
13 Apr 2026 12:21:25,993 INFO : com.automation.jbehave.ConsoleLogger - !-- And [Input] I click on 'BeneficiarySerialRow' (IGNORED)
13 Apr 2026 12:21:26,300 INFO : com.automation.pages.CannedPage - Filled 'BeneficiarySerialRow' with value: 1
13 Apr 2026 12:21:26,335 INFO : com.automation.jbehave.ConsoleLogger - And [Input] Set 'BeneficiarySerialRow' value to '1' (SUCCESSFUL)
13 Apr 2026 12:21:26,569 INFO : com.automation.pages.CannedPage - Clicked on 'BeneficiaryRow'
13 Apr 2026 12:21:26,616 INFO : com.automation.jbehave.ConsoleLogger - And [Input] I click on 'BeneficiaryRow' (SUCCESSFUL)
13 Apr 2026 12:21:26,906 INFO : com.automation.pages.CannedPage - Clicked on 'BeneficiaryComboboxRow'
13 Apr 2026 12:21:26,946 INFO : com.automation.jbehave.ConsoleLogger - And [Input] I click on 'BeneficiaryComboboxRow' (SUCCESSFUL)
13 Apr 2026 12:21:26,986 INFO : com.automation.jbehave.ConsoleLogger - And [Javascript] I switch back to main content (SUCCESSFUL)
13 Apr 2026 12:21:26,986 INFO : com.automation.jbehave.PropertyParameterConverter - Parameter converted:[p:ClientName] >> [5349 - ?´?±???© ?§???????´?¢?? ?§???³?¹???¯???©]
13 Apr 2026 12:21:27,932 INFO : com.automation.pages.CannedPage - Selected '5349 - شركة المنشآت السعودية' from LOV 'PopupLOVSearchBar'
13 Apr 2026 12:21:27,976 INFO : com.automation.jbehave.ConsoleLogger - And [Input] Select 'p:ClientName' value from 'PopupLOVSearchBar' dropdown list (SUCCESSFUL)
13 Apr 2026 12:21:28,177 INFO : com.automation.jbehave.ConsoleLogger - And [Javascript] I switch to iframe 'BeneficiaryIframe' (SUCCESSFUL)
13 Apr 2026 12:21:33,235 INFO : com.automation.jbehave.ConsoleLogger - And [Progress] I wait for '5' sec (SUCCESSFUL)
13 Apr 2026 12:21:33,432 INFO : com.automation.pages.CannedPage - Clicked on 'IdNumberRow'
13 Apr 2026 12:21:33,474 INFO : com.automation.jbehave.ConsoleLogger - And [Input] I click on 'IdNumberRow' (SUCCESSFUL)
13 Apr 2026 12:21:33,676 INFO : com.automation.pages.CannedPage - Filled 'BeneficiaryIdNumberRow' with value: 1
13 Apr 2026 12:21:33,716 INFO : com.automation.jbehave.ConsoleLogger - And [Input] Set 'BeneficiaryIdNumberRow' value to '1' (SUCCESSFUL)
13 Apr 2026 12:21:33,877 INFO : com.automation.pages.CannedPage - Clicked on 'NationalityRow'
13 Apr 2026 12:21:33,914 INFO : com.automation.jbehave.ConsoleLogger - And [Input] I click on 'NationalityRow' (SUCCESSFUL)
13 Apr 2026 12:21:34,133 INFO : com.automation.pages.CannedPage - Clicked on 'NationalityRow'
13 Apr 2026 12:21:34,172 INFO : com.automation.jbehave.ConsoleLogger - And [Input] I click on 'NationalityRow' (SUCCESSFUL)
13 Apr 2026 12:21:34,172 INFO : com.automation.jbehave.ConsoleLogger - !-- And [Input] I click on 'BeneficiaryNationalityRow' (IGNORED)
13 Apr 2026 12:21:34,214 INFO : com.automation.jbehave.ConsoleLogger - And [Javascript] I switch back to main content (SUCCESSFUL)
13 Apr 2026 12:21:34,214 INFO : com.automation.jbehave.PropertyParameterConverter - Parameter converted:[p:Afghani] >> [1 - Afghani]
13 Apr 2026 12:21:35,145 INFO : com.automation.pages.CannedPage - Selected '1 - Afghani' from LOV 'BeneficiaryNationalityPopupLOVSearchBar'
13 Apr 2026 12:21:35,186 INFO : com.automation.jbehave.ConsoleLogger - And [Input] Select 'p:Afghani' value from 'BeneficiaryNationalityPopupLOVSearchBar' dropdown list (SUCCESSFUL)
13 Apr 2026 12:21:35,314 INFO : com.automation.jbehave.ConsoleLogger - And [Javascript] I switch to iframe 'BeneficiaryIframe' (SUCCESSFUL)
13 Apr 2026 12:21:35,520 INFO : com.automation.pages.CannedPage - Clicked on 'ClassificationRow'
13 Apr 2026 12:21:35,557 INFO : com.automation.jbehave.ConsoleLogger - And [Input] I click on 'ClassificationRow' (SUCCESSFUL)
13 Apr 2026 12:21:35,799 INFO : com.automation.pages.CannedPage - Clicked on 'BeneficiaryClassificationRow'
13 Apr 2026 12:21:35,842 INFO : com.automation.jbehave.ConsoleLogger - And [Input] I click on 'BeneficiaryClassificationRow' (SUCCESSFUL)
13 Apr 2026 12:21:35,843 INFO : com.automation.jbehave.PropertyParameterConverter - Parameter converted:[p:PerRegistrationNo] >> [1 - Per Registration No]
13 Apr 2026 12:21:35,966 INFO : com.automation.pages.CannedPage - Selected '1 - Per Registration No' from <select> 'BeneficiaryClassificationRow'
13 Apr 2026 12:21:36,008 INFO : com.automation.jbehave.ConsoleLogger - And [Input] Select 'p:PerRegistrationNo' value from 'BeneficiaryClassificationRow' dropdown list (SUCCESSFUL)
13 Apr 2026 12:21:36,209 INFO : com.automation.pages.CannedPage - Clicked on 'BeneficiarySaveButton'
13 Apr 2026 12:21:36,250 INFO : com.automation.jbehave.ConsoleLogger - And [Input] I click on 'BeneficiarySaveButton' (SUCCESSFUL)
13 Apr 2026 12:21:41,313 INFO : com.automation.jbehave.ConsoleLogger - And [Progress] I wait for '5' sec (SUCCESSFUL)
13 Apr 2026 12:21:41,364 INFO : com.automation.jbehave.ConsoleLogger - And [Javascript] I switch back to main content (SUCCESSFUL)
13 Apr 2026 12:21:41,473 INFO : com.automation.pages.CannedPage - Clicked on 'BeneficiaryIframeCloseButton'
13 Apr 2026 12:21:41,513 INFO : com.automation.jbehave.ConsoleLogger - And [Input] I click on 'BeneficiaryIframeCloseButton' (SUCCESSFUL)
13 Apr 2026 12:21:41,513 INFO : com.automation.jbehave.ConsoleLogger - !-- Covers Button (IGNORED)
13 Apr 2026 12:21:41,737 INFO : com.automation.pages.CannedPage - Clicked on 'CoversButton'
13 Apr 2026 12:21:41,779 INFO : com.automation.jbehave.ConsoleLogger - And [Input] I click on 'CoversButton' (SUCCESSFUL)
13 Apr 2026 12:21:42,156 INFO : com.automation.jbehave.ConsoleLogger - And [Javascript] I switch to iframe 'CoversIframe' (SUCCESSFUL)
13 Apr 2026 12:21:42,363 INFO : com.automation.jbehave.ConsoleLogger - And [Assertion] Verify 'CoversTable' is visible (SUCCESSFUL)
13 Apr 2026 12:21:42,634 INFO : com.automation.pages.CannedPage - Clicked on 'CoverDeleteFirstRow'
clickIfPresent('CoverDeleteFirstRow') => true
13 Apr 2026 12:21:42,675 INFO : com.automation.jbehave.ConsoleLogger - And [Input] I click on 'CoverDeleteFirstRow' if present (SUCCESSFUL)
13 Apr 2026 12:21:42,868 INFO : com.automation.pages.CannedPage - Clicked on 'CoversSaveButton'
13 Apr 2026 12:21:42,913 INFO : com.automation.jbehave.ConsoleLogger - And [Input] I click on 'CoversSaveButton' (SUCCESSFUL)
13 Apr 2026 12:21:43,166 INFO : com.automation.pages.CannedPage - Clicked on 'CoversAddRow'
13 Apr 2026 12:21:43,202 INFO : com.automation.jbehave.ConsoleLogger - And [Input] I click on 'CoversAddRow' (SUCCESSFUL)
13 Apr 2026 12:21:43,458 INFO : com.automation.pages.CannedPage - Clicked on 'CoversSerialRow'
13 Apr 2026 12:21:43,498 INFO : com.automation.jbehave.ConsoleLogger - And [Input] I click on 'CoversSerialRow' (SUCCESSFUL)
13 Apr 2026 12:21:43,730 INFO : com.automation.pages.CannedPage - Filled 'CoversSerialRow' with value: 1
13 Apr 2026 12:21:43,768 INFO : com.automation.jbehave.ConsoleLogger - And [Input] Set 'CoversSerialRow' value to '1' (SUCCESSFUL)
13 Apr 2026 12:21:43,934 INFO : com.automation.pages.CannedPage - Clicked on 'CoversRow'
13 Apr 2026 12:21:43,967 INFO : com.automation.jbehave.ConsoleLogger - And [Input] I click on 'CoversRow' (SUCCESSFUL)
13 Apr 2026 12:21:44,188 INFO : com.automation.pages.CannedPage - Clicked on 'CoversComboboxRow'
13 Apr 2026 12:21:44,228 INFO : com.automation.jbehave.ConsoleLogger - And [Input] I click on 'CoversComboboxRow' (SUCCESSFUL)
13 Apr 2026 12:21:44,273 INFO : com.automation.jbehave.ConsoleLogger - And [Javascript] I switch back to main content (SUCCESSFUL)
13 Apr 2026 12:21:44,274 INFO : com.automation.jbehave.PropertyParameterConverter - Parameter converted:[p:Aircraft] >> [4 - Aircraft]
13 Apr 2026 12:21:45,217 INFO : com.automation.pages.CannedPage - Selected '4 - Aircraft' from LOV 'CoversPopupLOVSearchBar'
13 Apr 2026 12:21:45,254 INFO : com.automation.jbehave.ConsoleLogger - And [Input] Select 'p:Aircraft' value from 'CoversPopupLOVSearchBar' dropdown list (SUCCESSFUL)
13 Apr 2026 12:21:45,421 INFO : com.automation.jbehave.ConsoleLogger - And [Javascript] I switch to iframe 'CoversIframe' (SUCCESSFUL)
13 Apr 2026 12:21:45,599 INFO : com.automation.pages.CannedPage - Clicked on 'PremRow'
13 Apr 2026 12:21:45,636 INFO : com.automation.jbehave.ConsoleLogger - And [Input] I click on 'PremRow' (SUCCESSFUL)
13 Apr 2026 12:21:45,901 INFO : com.automation.pages.CannedPage - Filled 'CoversPremRow' with value: 1
13 Apr 2026 12:21:45,939 INFO : com.automation.jbehave.ConsoleLogger - And [Input] Set 'CoversPremRow' value to '1' (SUCCESSFUL)
13 Apr 2026 12:21:46,146 INFO : com.automation.pages.CannedPage - Clicked on 'CoversSaveButton'
13 Apr 2026 12:21:46,185 INFO : com.automation.jbehave.ConsoleLogger - And [Input] I click on 'CoversSaveButton' (SUCCESSFUL)
13 Apr 2026 12:21:51,247 INFO : com.automation.jbehave.ConsoleLogger - And [Progress] I wait for '5' sec (SUCCESSFUL)
13 Apr 2026 12:21:51,323 INFO : com.automation.jbehave.ConsoleLogger - And [Javascript] I switch back to main content (SUCCESSFUL)
13 Apr 2026 12:21:51,562 INFO : com.automation.pages.CannedPage - Clicked on 'CloseButtonFromPopup'
13 Apr 2026 12:21:51,604 INFO : com.automation.jbehave.ConsoleLogger - And [Input] I click on 'CloseButtonFromPopup' (SUCCESSFUL)
13 Apr 2026 12:21:51,605 INFO : com.automation.jbehave.ConsoleLogger - !-- REI Plan (IGNORED)
13 Apr 2026 12:21:51,895 INFO : com.automation.pages.CannedPage - Clicked on 'REIPlanButton'
13 Apr 2026 12:21:51,935 INFO : com.automation.jbehave.ConsoleLogger - And [Input] I click on 'REIPlanButton' (SUCCESSFUL)
13 Apr 2026 12:21:52,202 INFO : com.automation.jbehave.ConsoleLogger - And [Javascript] I switch to iframe 'ReInsurancePlansIframe' (SUCCESSFUL)
13 Apr 2026 12:21:52,402 INFO : com.automation.pages.CannedPage - Clicked on 'REIPlanSaveButton'
13 Apr 2026 12:21:52,449 INFO : com.automation.jbehave.ConsoleLogger - And [Input] I click on 'REIPlanSaveButton' (SUCCESSFUL)
13 Apr 2026 12:21:52,449 INFO : com.automation.jbehave.PropertyParameterConverter - Parameter converted:[p:ReinsurancePlanEmptyErrorMsg] >> [Reinsurance Plan must have some value.]
==========================================================
Actual: Reinsurance Plan must have some value.
==========================================================
13 Apr 2026 12:21:52,618 INFO : com.automation.jbehave.ConsoleLogger - And [Assertion] Verify 'ReinsurancePlanErrorMsg' contains 'p:ReinsurancePlanEmptyErrorMsg' text (SUCCESSFUL)
13 Apr 2026 12:21:52,619 INFO : com.automation.jbehave.PropertyParameterConverter - Parameter converted:[p:ReiMethodEmptyErrorMsg] >> [REI Method must have some value.]
==========================================================
Actual: REI Method must have some value.
==========================================================
13 Apr 2026 12:21:52,744 INFO : com.automation.jbehave.ConsoleLogger - And [Assertion] Verify 'ReiMethodErrorMsg' contains 'p:ReiMethodEmptyErrorMsg' text (SUCCESSFUL)
13 Apr 2026 12:21:52,744 INFO : com.automation.jbehave.ConsoleLogger - !-- And [Input] Select '$optionValue' value from 'ReinsurancePlanCombobox' dropdown list (IGNORED)
13 Apr 2026 12:21:52,744 INFO : com.automation.jbehave.PropertyParameterConverter - Parameter converted:[p:PolicyWise] >> [Policy wise]
13 Apr 2026 12:21:52,893 INFO : com.automation.pages.CannedPage - Selected 'Policy wise' from <select> 'ReiMethodCombobox'
13 Apr 2026 12:21:52,930 INFO : com.automation.jbehave.ConsoleLogger - And [Input] Select 'p:PolicyWise' value from 'ReiMethodCombobox' dropdown list (SUCCESSFUL)
13 Apr 2026 12:21:52,930 INFO : com.automation.jbehave.ConsoleLogger - !-- And [Input] I click on 'REIPlanSaveButton' (IGNORED)
13 Apr 2026 12:21:52,977 INFO : com.automation.jbehave.ConsoleLogger - And [Javascript] I switch back to main content (SUCCESSFUL)
13 Apr 2026 12:21:53,107 INFO : com.automation.pages.CannedPage - Clicked on 'CloseButtonFromPopup'
13 Apr 2026 12:21:53,148 INFO : com.automation.jbehave.ConsoleLogger - And [Input] I click on 'CloseButtonFromPopup' (SUCCESSFUL)
13 Apr 2026 12:21:53,279 INFO : com.automation.pages.CannedPage - I scroll to 'DeleteButton'
13 Apr 2026 12:21:53,327 INFO : com.automation.jbehave.ConsoleLogger - And [Navigation] I scroll to 'DeleteButton' (SUCCESSFUL)
13 Apr 2026 12:21:53,492 INFO : com.automation.pages.CannedPage - Clicked on 'DeleteButton'
13 Apr 2026 12:21:53,533 INFO : com.automation.jbehave.ConsoleLogger - And [Input] I click on 'DeleteButton' (SUCCESSFUL)
13 Apr 2026 12:21:53,701 INFO : com.automation.pages.CannedPage - Clicked on 'DeleteButtonPopup'
13 Apr 2026 12:21:53,746 INFO : com.automation.jbehave.ConsoleLogger - And [Input] I click on 'DeleteButtonPopup' (SUCCESSFUL)
13 Apr 2026 12:21:58,802 INFO : com.automation.jbehave.ConsoleLogger - And [Progress] I wait for '5' sec (SUCCESSFUL)
13 Apr 2026 12:21:58,802 INFO : com.automation.jbehave.PropertyParameterConverter - Parameter converted:[p:QuotationDeletedSuccessfully] >> [Quotation Deleted Successfully!]
==========================================================
Actual: Quotation Deleted Successfully!
==========================================================
13 Apr 2026 12:21:58,972 INFO : com.automation.jbehave.ConsoleLogger - And [Assertion] Verify 'SuccessfullyAlert' contains 'p:QuotationDeletedSuccessfully' text (SUCCESSFUL)
13 Apr 2026 12:21:58,972 INFO : com.automation.jbehave.PropertyParameterConverter - Parameter converted:[p:Cancelled] >> [4 - Cancelled]
13 Apr 2026 12:21:59,214 INFO : com.automation.pages.CannedPage - Filled 'SearchQuotationInput' with value: 4 - Cancelled
13 Apr 2026 12:21:59,254 INFO : com.automation.jbehave.ConsoleLogger - And [Input] Set 'SearchQuotationInput' value to 'p:Cancelled' (SUCCESSFUL)
13 Apr 2026 12:21:59,419 INFO : com.automation.jbehave.ConsoleLogger - And [Input] I press Enter on 'SearchQuotationInput' (SUCCESSFUL)
13 Apr 2026 12:21:59,577 INFO : com.automation.pages.CannedPage - Clicked on 'QuotationNumberTable'
13 Apr 2026 12:21:59,609 INFO : com.automation.jbehave.ConsoleLogger - And [Input] I click on 'QuotationNumberTable' (SUCCESSFUL)
Getting value from StateManager: key=QuotationNo, value=736
Setting value from state manager, key='QuotationNo': 736
13 Apr 2026 12:21:59,935 INFO : com.automation.pages.CannedPage - Filled 'QuotationNumberSearch' with value: 736
13 Apr 2026 12:21:59,970 INFO : com.automation.jbehave.ConsoleLogger - And [Input] Set 'QuotationNumberSearch' value to 'statemanager:QuotationNo' (SUCCESSFUL)
13 Apr 2026 12:22:00,130 INFO : com.automation.jbehave.ConsoleLogger - And [Input] I press Enter on 'QuotationNumberSearch' (SUCCESSFUL)
13 Apr 2026 12:22:05,178 INFO : com.automation.jbehave.ConsoleLogger - And [Progress] I wait for '5' sec (SUCCESSFUL)
13 Apr 2026 12:22:05,498 INFO : com.automation.pages.CannedPage - I reload page
13 Apr 2026 12:22:06,316 INFO : com.automation.jbehave.ConsoleLogger - And [Navigation] I reload page (SUCCESSFUL)
13 Apr 2026 12:22:08,412 INFO : com.automation.pages.CannedPage - Clicked on 'EditQuotationImg'
13 Apr 2026 12:22:08,456 INFO : com.automation.jbehave.ConsoleLogger - And [Input] I click on 'EditQuotationImg' (SUCCESSFUL)
13 Apr 2026 12:22:15,500 INFO : com.automation.jbehave.ConsoleLogger - And [Progress] I wait for '7' sec (SUCCESSFUL)
13 Apr 2026 12:22:15,500 INFO : com.automation.jbehave.PropertyParameterConverter - Parameter converted:[p:Cancelled] >> [4 - Cancelled]
Expected value (literal): 4 - Cancelled
Actual value (from element 'StatusAllQuotationDetails'): 4 - Cancelled
13 Apr 2026 12:22:15,672 INFO : com.automation.jbehave.ConsoleLogger - And [Assertion] Verify text of 'StatusAllQuotationDetails' equals saved value 'p:Cancelled' (SUCCESSFUL)
13 Apr 2026 12:22:15,672 INFO : com.automation.jbehave.PropertyParameterConverter - Parameter converted:[p:Invalid] >> [2 - Invalid]
Expected value (literal): 2 - Invalid
Actual value (from element 'ValidityStatusAllQuotationDetails'): 2 - Invalid
13 Apr 2026 12:22:15,782 INFO : com.automation.jbehave.ConsoleLogger - And [Assertion] Verify text of 'ValidityStatusAllQuotationDetails' equals saved value 'p:Invalid' (SUCCESSFUL)
Getting value from StateManager: key=QuotationNo, value=736
Expected value (from stateManager, key='QuotationNo'): 736
Actual value (from element 'QutQuotNoAllQuotationDetails'): 736
13 Apr 2026 12:22:15,920 INFO : com.automation.jbehave.ConsoleLogger - And [Assertion] Verify text of 'QutQuotNoAllQuotationDetails' equals saved value 'statemanager:QuotationNo' (SUCCESSFUL)
13 Apr 2026 12:22:15,921 INFO : com.automation.jbehave.ConsoleLogger - !-- Logout (IGNORED)
13 Apr 2026 12:22:23,004 INFO : com.automation.jbehave.ConsoleLogger - And [Progress] I wait for '7' sec (SUCCESSFUL)
13 Apr 2026 12:22:23,171 INFO : com.automation.pages.CannedPage - Clicked on 'UserDDL'
13 Apr 2026 12:22:23,205 INFO : com.automation.jbehave.ConsoleLogger - Then [Input] I click on 'UserDDL' (SUCCESSFUL)
13 Apr 2026 12:22:23,950 INFO : com.automation.pages.CannedPage - Clicked on 'LogoutButton'
13 Apr 2026 12:22:24,002 INFO : com.automation.jbehave.ConsoleLogger - And [Input] I click on 'LogoutButton' (SUCCESSFUL)
13 Apr 2026 12:22:24,208 INFO : com.automation.jbehave.ConsoleLogger - And [Assertion] Verify 'loginButton' is present (SUCCESSFUL)
13 Apr 2026 12:22:25,087 INFO : com.automation.jbehave.ConsoleLogger - ==========================================================
13 Apr 2026 12:22:25,087 INFO : com.automation.jbehave.ConsoleLogger - End Story:  TC_012_Apex.story
13 Apr 2026 12:22:25,087 INFO : com.automation.jbehave.ConsoleLogger - Status:  FAILED 
13 Apr 2026 12:22:25,087 INFO : com.automation.jbehave.ConsoleLogger - ==========================================================
Sent message successfully....
]]></system-out>
    <system-err><![CDATA[[pool-2-thread-1] INFO io.github.bonigarcia.wdm.WebDriverManager - Using chromedriver 146.0.7680.165 (resolved driver for Chrome 146)
[pool-2-thread-1] INFO io.github.bonigarcia.wdm.WebDriverManager - Exporting webdriver.chrome.driver as C:\Users\sjaber\.cache\selenium\chromedriver\win64\146.0.7680.165\chromedriver.exe
Apr 13, 2026 12:14:23 PM org.openqa.selenium.remote.service.DriverService$Builder getLogOutput
INFO: Driver logs no longer sent to console by default; https://www.selenium.dev/documentation/webdriver/drivers/service/#setting-log-output
Apr 13, 2026 12:14:26 PM org.openqa.selenium.devtools.CdpVersionFinder findNearestMatch
WARNING: Unable to find CDP implementation matching 146
Apr 13, 2026 12:14:26 PM org.openqa.selenium.chromium.ChromiumDriver lambda$new$4
WARNING: Unable to find version of CDP to use for . You may need to include a dependency on a specific version of the CDP using something similar to `org.seleniumhq.selenium:selenium-devtools-v86:4.10.0` where the version ("v86") matches the version of the chromium-based browser you're using and the version number of the artifact is the same as Selenium's.
Screenshot of page 'http://hq-opt-ins-21:9090/ordsapexqa/r/qaapex/quotation/all-quotation-details?session=5590009133656' has **NOT** been saved. If there is no error, perhaps the WebDriver type you are using is not compatible with taking screenshots
]]></system-err>
  </testcase>
</testsuite>