<?xml version="1.0" encoding="UTF-8"?>
<testsuite xmlns:xsi="http://www.w3.org/2001/XMLSchema-instance" xsi:noNamespaceSchemaLocation="https://maven.apache.org/surefire/maven-surefire-plugin/xsd/surefire-test-report-3.0.xsd" version="3.0" name="com.automation.test_runner.AllStoriesTest" time="1,987.999" tests="1" errors="1" skipped="0" failures="0">
  <properties>
[...]
</properties>
  <testcase name="run" classname="com.automation.test_runner.AllStoriesTest" time="1,987.98">
    <error message="JBehave execution failed" type="java.lang.RuntimeException"><![CDATA[java.lang.RuntimeException: JBehave execution failed
	at com.automation.test_runner.AllStoriesTest.run(AllStoriesTest.java:74)
Caused by: org.jbehave.core.embedder.Embedder$RunningStoriesFailed: 
Failures in running stories: 
org.jbehave.core.embedder.PerformableTree$SomethingHappened@40268726: org.openqa.selenium.remote.UnreachableBrowserException: Error communicating with the remote browser. It may have died.
Build info: version: '4.10.0', revision: 'c14d967899'
System info: os.name: 'Windows 10', os.arch: 'amd64', os.version: '10.0', java.version: '1.8.0_211'
Driver info: org.openqa.selenium.chrome.ChromeDriver
Command: [9f4c33e866ee2703649320d4098798e2, executeScript {script=return document.readyState, args=[]}]
Capabilities {acceptInsecureCerts: false, browserName: chrome, browserVersion: 146.0.7680.178, chrome: {chromedriverVersion: 146.0.7680.165 (4b989da09e1..., userDataDir: C:\Users\sjaber\AppData\Loc...}, fedcm:accounts: true, goog:chromeOptions: {debuggerAddress: localhost:54613}, goog:processID: 50792, networkConnectionEnabled: false, pageLoadStrategy: normal, platformName: windows, proxy: Proxy(), se:cdp: ws://localhost:54613/devtoo..., se:cdpVersion: 146.0.7680.178, setWindowRect: true, strictFileInteractability: false, timeouts: {implicit: 0, pageLoad: 300000, script: 30000}, unhandledPromptBehavior: dismiss and notify, webauthn:extension:credBlob: true, webauthn:extension:largeBlob: true, webauthn:extension:minPinLength: true, webauthn:extension:prf: true, webauthn:virtualAuthenticators: true}
Session ID: 9f4c33e866ee2703649320d4098798e2
	at org.openqa.selenium.remote.RemoteWebDriver.execute(RemoteWebDriver.java:558)
	at org.openqa.selenium.remote.RemoteWebDriver.executeScript(RemoteWebDriver.java:476)
	at com.automation.pages.AbstractPage$1.apply(AbstractPage.java:144)
	at com.automation.pages.AbstractPage$1.apply(AbstractPage.java:142)
	at org.openqa.selenium.support.ui.FluentWait.until(FluentWait.java:205)
	at com.automation.pages.AbstractPage.waitForLoad(AbstractPage.java:150)
	at com.automation.pages.AbstractPage.getElementWithWait(AbstractPage.java:46)
	at com.automation.pages.CannedPage.click(CannedPage.java:2427)
	at com.automation.steps.CannedSteps.click(CannedSteps.java:483)
	at sun.reflect.GeneratedMethodAccessor35.invoke(Unknown Source)
	at sun.reflect.DelegatingMethodAccessorImpl.invoke(DelegatingMethodAccessorImpl.java:43)
	at java.lang.reflect.Method.invoke(Method.java:498)
	at org.jbehave.core.steps.StepCreator$ParametrisedStep.perform(StepCreator.java:599)
	at org.jbehave.core.embedder.PerformableTree$FineSoFar.run(PerformableTree.java:340)
	at org.jbehave.core.embedder.PerformableTree$PerformableSteps.perform(PerformableTree.java:1072)
	at org.jbehave.core.embedder.PerformableTree$AbstractPerformableScenario.performRestartableSteps(PerformableTree.java:938)
	at org.jbehave.core.embedder.PerformableTree$NormalPerformableScenario.perform(PerformableTree.java:977)
	at org.jbehave.core.embedder.PerformableTree$PerformableScenario.perform(PerformableTree.java:887)
	at org.jbehave.core.embedder.PerformableTree$PerformableStory.performScenarios(PerformableTree.java:811)
	at org.jbehave.core.embedder.PerformableTree$PerformableStory.perform(PerformableTree.java:784)
	at org.jbehave.core.embedder.PerformableTree.performCancellable(PerformableTree.java:416)
	at org.jbehave.core.embedder.PerformableTree.perform(PerformableTree.java:387)
	at org.jbehave.core.embedder.StoryManager$EnqueuedStory.call(StoryManager.java:291)
	at org.jbehave.core.embedder.StoryManager$EnqueuedStory.call(StoryManager.java:265)
	at java.util.concurrent.FutureTask.run(FutureTask.java:266)
	at java.util.concurrent.ThreadPoolExecutor.runWorker(ThreadPoolExecutor.java:1149)
	at java.util.concurrent.ThreadPoolExecutor$Worker.run(ThreadPoolExecutor.java:624)
	at java.lang.Thread.run(Thread.java:748)
Caused by: java.lang.RuntimeException: NettyHttpHandler request execution error
	at org.openqa.selenium.remote.http.netty.NettyHttpHandler.makeCall(NettyHttpHandler.java:76)
	at org.openqa.selenium.remote.http.AddSeleniumUserAgent.lambda$apply$0(AddSeleniumUserAgent.java:42)
	at org.openqa.selenium.remote.http.Filter.lambda$andFinally$1(Filter.java:55)
	at org.openqa.selenium.remote.http.netty.NettyHttpHandler.execute(NettyHttpHandler.java:48)
	at org.openqa.selenium.remote.http.AddSeleniumUserAgent.lambda$apply$0(AddSeleniumUserAgent.java:42)
	at org.openqa.selenium.remote.http.Filter.lambda$andFinally$1(Filter.java:55)
	at org.openqa.selenium.remote.http.netty.NettyClient.execute(NettyClient.java:97)
	at org.openqa.selenium.remote.HttpCommandExecutor.execute(HttpCommandExecutor.java:188)
	at org.openqa.selenium.remote.service.DriverCommandExecutor.invokeExecute(DriverCommandExecutor.java:196)
	at org.openqa.selenium.remote.service.DriverCommandExecutor.execute(DriverCommandExecutor.java:171)
	at org.openqa.selenium.remote.RemoteWebDriver.execute(RemoteWebDriver.java:531)
	... 27 more
Caused by: java.util.concurrent.ExecutionException: java.util.concurrent.TimeoutException: Request timeout to localhost/127.0.0.1:36096 after 180000 ms
	at java.util.concurrent.CompletableFuture.reportGet(CompletableFuture.java:357)
	at java.util.concurrent.CompletableFuture.get(CompletableFuture.java:1915)
	at org.asynchttpclient.netty.NettyResponseFuture.get(NettyResponseFuture.java:206)
	at org.openqa.selenium.remote.http.netty.NettyHttpHandler.makeCall(NettyHttpHandler.java:59)
	... 37 more
Caused by: java.util.concurrent.TimeoutException: Request timeout to localhost/127.0.0.1:36096 after 180000 ms
	at org.asynchttpclient.netty.timeout.TimeoutTimerTask.expire(TimeoutTimerTask.java:43)
	at org.asynchttpclient.netty.timeout.RequestTimeoutTimerTask.run(RequestTimeoutTimerTask.java:50)
	at io.netty.util.HashedWheelTimer$HashedWheelTimeout.run(HashedWheelTimer.java:715)
	at io.netty.util.concurrent.ImmediateExecutor.execute(ImmediateExecutor.java:34)
	at io.netty.util.HashedWheelTimer$HashedWheelTimeout.expire(HashedWheelTimer.java:703)
	at io.netty.util.HashedWheelTimer$HashedWheelBucket.expireTimeouts(HashedWheelTimer.java:790)
	at io.netty.util.HashedWheelTimer$Worker.run(HashedWheelTimer.java:503)
	at io.netty.util.concurrent.FastThreadLocalRunnable.run(FastThreadLocalRunnable.java:30)
	... 1 more

	at com.automation.test_runner.AllStoriesTest.run(AllStoriesTest.java:72)
]]></error>
    <system-out><![CDATA[Directory: D:\Automation Quality Projects\Apex-evaluation\reports\Thu Apr 09 13-05-17 EEST 2026\ is created!
Report Path: D:\Automation Quality Projects\Apex-evaluation\reports\Thu Apr 09 13-05-17 EEST 2026\

Processing system properties {}
Using controls EmbedderControls[batch=false,skip=false,generateViewAfterStories=false,ignoreFailureInStories=false,ignoreFailureInView=false,verboseFailures=true,verboseFiltering=false,storyTimeouts=7200,threads=1,failOnStoryTimeout=true]
Running story stories/Quotation/TC_002_Apex.story
09 Apr 2026 13:05:19,557 INFO : com.automation.jbehave.ConsoleLogger - ==========================================================
09 Apr 2026 13:05:19,559 INFO : com.automation.jbehave.ConsoleLogger - Begin Story: TC_002_Apex.story
09 Apr 2026 13:05:19,559 INFO : com.automation.jbehave.ConsoleLogger - ==========================================================
09 Apr 2026 13:05:19,559 INFO : com.automation.jbehave.ConsoleLogger - Narrative[inOrderTo=,asA=,iWantTo=,soThat=]
09 Apr 2026 13:05:19,560 INFO : com.automation.jbehave.ConsoleLogger - Lifecycle[before=Lifecycle.Steps[outcome=<null>,metaFilter=<null>,steps=[]],after={}]
Using timeout for story TC_002_Apex.story of 7200 secs.
09 Apr 2026 13:05:24,236 INFO : com.automation.jbehave.ConsoleLogger - ==========================================================
09 Apr 2026 13:05:24,237 INFO : com.automation.jbehave.ConsoleLogger - Scenario: TC_002_Apex
09 Apr 2026 13:05:24,237 INFO : com.automation.jbehave.ConsoleLogger - ==========================================================
09 Apr 2026 13:05:24,239 INFO : com.automation.jbehave.PropertyParameterConverter - Parameter converted:[p:amanApex] >> [http://hq-opt-ins-21:9090/ordsapexqa/r/qaapex/aman/login]
09 Apr 2026 13:05:25,876 INFO : com.automation.pages.CannedPage - Navigating to the page: http://hq-opt-ins-21:9090/ordsapexqa/r/qaapex/aman/login
09 Apr 2026 13:05:25,967 INFO : com.automation.jbehave.ConsoleLogger - Given [Navigation] I navigate to 'p:amanApex' (SUCCESSFUL)
09 Apr 2026 13:05:25,969 INFO : com.automation.jbehave.PropertyParameterConverter - Parameter converted:[p:adminUsername] >> [aman_opt]
09 Apr 2026 13:05:25,970 INFO : com.automation.jbehave.PropertyParameterConverter - Parameter converted:[p:password] >> [aman_opt]
09 Apr 2026 13:05:29,288 INFO : com.automation.pages.CannedPage - Filled 'userName' with value: aman_opt
09 Apr 2026 13:05:32,492 INFO : com.automation.pages.CannedPage - Clicked on 'password'
09 Apr 2026 13:05:35,714 INFO : com.automation.pages.CannedPage - Filled 'password' with value: aman_opt
09 Apr 2026 13:05:35,857 INFO : com.automation.pages.CannedPage - Clicked on 'login Button'
09 Apr 2026 13:05:35,899 INFO : com.automation.jbehave.ConsoleLogger - And [Input] I login as 'p:adminUsername' with password 'p:password' (SUCCESSFUL)
09 Apr 2026 13:05:40,951 INFO : com.automation.jbehave.ConsoleLogger - And [Progress] I wait for '5' sec (SUCCESSFUL)
09 Apr 2026 13:05:54,015 INFO : com.automation.pages.CannedPage - Clicked on 'QuotationCardDashboard'
09 Apr 2026 13:05:54,077 INFO : com.automation.jbehave.ConsoleLogger - When [Input] I click on 'QuotationCardDashboard' (SUCCESSFUL)
09 Apr 2026 13:05:54,543 INFO : com.automation.jbehave.ConsoleLogger - And [Assertion] Verify 'QuotationsTitle' equals 'Quotations' text (SUCCESSFUL)
09 Apr 2026 13:05:56,531 INFO : com.automation.pages.CannedPage - Clicked on 'SPWaziriyahMrorrCard'
09 Apr 2026 13:05:56,573 INFO : com.automation.jbehave.ConsoleLogger - And [Input] I click on 'SPWaziriyahMrorrCard' (SUCCESSFUL)
09 Apr 2026 13:05:57,538 INFO : com.automation.pages.CannedPage - Clicked on 'NewQuotationButton'
09 Apr 2026 13:05:57,567 INFO : com.automation.jbehave.ConsoleLogger - And [Input] I click on 'NewQuotationButton' (SUCCESSFUL)
09 Apr 2026 13:05:58,533 INFO : com.automation.pages.CannedPage - Clicked on 'MotorCard'
09 Apr 2026 13:05:58,566 INFO : com.automation.jbehave.ConsoleLogger - And [Input] I click on 'MotorCard' (SUCCESSFUL)
09 Apr 2026 13:05:59,580 INFO : com.automation.pages.CannedPage - Clicked on 'MotorPrivateCard'
09 Apr 2026 13:05:59,615 INFO : com.automation.jbehave.ConsoleLogger - And [Input] I click on 'MotorPrivateCard' (SUCCESSFUL)
09 Apr 2026 13:06:04,508 INFO : com.automation.pages.CannedPage - Clicked on 'ComprehensiveCard'
09 Apr 2026 13:06:04,539 INFO : com.automation.jbehave.ConsoleLogger - And [Input] I click on 'ComprehensiveCard' (SUCCESSFUL)
09 Apr 2026 13:06:04,540 INFO : com.automation.jbehave.PropertyParameterConverter - Parameter converted:[p:MotorPrivate] >> [1 - Motor Private]
09 Apr 2026 13:06:04,790 INFO : com.automation.jbehave.ConsoleLogger - And [Assertion] Verify 'QutClassOfBusinessDisplay' equals 'p:MotorPrivate' text (SUCCESSFUL)
09 Apr 2026 13:06:04,790 INFO : com.automation.jbehave.PropertyParameterConverter - Parameter converted:[p:Comprehensive] >> [1 - Comprehensive]
09 Apr 2026 13:06:04,942 INFO : com.automation.jbehave.ConsoleLogger - And [Assertion] Verify 'QutPolicyTypeDisplay' equals 'p:Comprehensive' text (SUCCESSFUL)
09 Apr 2026 13:06:04,944 INFO : com.automation.jbehave.PropertyParameterConverter - Parameter converted:[p:Draft] >> [1 - Draft]
09 Apr 2026 13:06:05,096 INFO : com.automation.jbehave.ConsoleLogger - And [Assertion] Verify 'QutStatusDisplay' equals 'p:Draft' text (SUCCESSFUL)
09 Apr 2026 13:06:05,096 INFO : com.automation.jbehave.PropertyParameterConverter - Parameter converted:[p:Valid] >> [1 - Valid]
09 Apr 2026 13:06:05,320 INFO : com.automation.jbehave.ConsoleLogger - And [Assertion] Verify 'QutValidityStatusDisplay' equals 'p:Valid' text (SUCCESSFUL)
09 Apr 2026 13:06:05,321 INFO : com.automation.jbehave.ConsoleLogger - !-- Fill the mandatory Quotation Details (IGNORED)
09 Apr 2026 13:06:05,469 INFO : com.automation.pages.CannedPage - Tab 'MainTab' selected=true
09 Apr 2026 13:06:05,514 INFO : com.automation.jbehave.ConsoleLogger - And [Assertion] Verify tab 'MainTab' is selected (SUCCESSFUL)
09 Apr 2026 13:06:05,605 INFO : com.automation.pages.CannedPage - I scroll to 'CreateButton'
09 Apr 2026 13:06:05,638 INFO : com.automation.jbehave.ConsoleLogger - And [Navigation] I scroll to 'CreateButton' (SUCCESSFUL)
09 Apr 2026 13:06:05,808 INFO : com.automation.pages.CannedPage - Clicked on 'CreateButton'
09 Apr 2026 13:06:05,840 INFO : com.automation.jbehave.ConsoleLogger - And [Input] I click on 'CreateButton' (SUCCESSFUL)
09 Apr 2026 13:06:05,976 INFO : com.automation.jbehave.ConsoleLogger - And [Assertion] Verify 'ErrorAlert' is enable (SUCCESSFUL)
09 Apr 2026 13:06:05,976 INFO : com.automation.jbehave.PropertyParameterConverter - Parameter converted:[p:QutSourceEmptyErrorMsg] >> [Source must have some value.]
==========================================================
Actual: Source must have some value.
==========================================================
09 Apr 2026 13:06:06,133 INFO : com.automation.jbehave.ConsoleLogger - And [Assertion] Verify 'QutSourceErrorMsg' contains 'p:QutSourceEmptyErrorMsg' text (SUCCESSFUL)
09 Apr 2026 13:06:06,133 INFO : com.automation.jbehave.PropertyParameterConverter - Parameter converted:[p:QutInsStDateEmptyErrorMsg] >> [Effective Date must have some value.]
==========================================================
Actual: Effective Date must have some value.
==========================================================
09 Apr 2026 13:06:06,288 INFO : com.automation.jbehave.ConsoleLogger - And [Assertion] Verify 'QutInsStDateErrorMsg' contains 'p:QutInsStDateEmptyErrorMsg' text (SUCCESSFUL)
09 Apr 2026 13:06:06,288 INFO : com.automation.jbehave.PropertyParameterConverter - Parameter converted:[p:QutInsEdDateEmptyErrorMsg] >> [Expiry Date must have some value.]
==========================================================
Actual: Expiry Date must have some value.
==========================================================
09 Apr 2026 13:06:06,502 INFO : com.automation.jbehave.ConsoleLogger - And [Assertion] Verify 'QutInsEdDateErrorMsg' contains 'p:QutInsEdDateEmptyErrorMsg' text (SUCCESSFUL)
09 Apr 2026 13:06:06,513 INFO : com.automation.pages.CannedPage - I scroll to top of page
09 Apr 2026 13:06:06,553 INFO : com.automation.jbehave.ConsoleLogger - And [Navigation] I scroll to top of page (SUCCESSFUL)
09 Apr 2026 13:06:06,554 INFO : com.automation.jbehave.ConsoleLogger - !-- And [Input] I click on 'MotorInformationTab' (IGNORED)
09 Apr 2026 13:06:06,554 INFO : com.automation.jbehave.ConsoleLogger - !-- And [Assertion] Verify tab 'MotorInformationTab' is selected (IGNORED)
09 Apr 2026 13:06:06,554 INFO : com.automation.jbehave.ConsoleLogger - !-- And [Assertion] Verify 'QutAwardedToErrorMsg' contains 'p:QutAwardedToEmptyErrorMsg' text (IGNORED)
09 Apr 2026 13:06:06,745 INFO : com.automation.pages.CannedPage - Clicked on 'CalculationsTab'
09 Apr 2026 13:06:06,782 INFO : com.automation.jbehave.ConsoleLogger - And [Input] I click on 'CalculationsTab' (SUCCESSFUL)
09 Apr 2026 13:06:06,993 INFO : com.automation.pages.CannedPage - Tab 'CalculationsTab' selected=true
09 Apr 2026 13:06:07,028 INFO : com.automation.jbehave.ConsoleLogger - And [Assertion] Verify tab 'CalculationsTab' is selected (SUCCESSFUL)
09 Apr 2026 13:06:07,029 INFO : com.automation.jbehave.PropertyParameterConverter - Parameter converted:[p:QutCalculationBasisEmptyErrorMsg] >> [Calculation Basis must have some value.]
==========================================================
Actual: Calculation Basis must have some value.
==========================================================
09 Apr 2026 13:06:07,225 INFO : com.automation.jbehave.ConsoleLogger - And [Assertion] Verify 'QutCalculationBasisErrorMsg' contains 'p:QutCalculationBasisEmptyErrorMsg' text (SUCCESSFUL)
09 Apr 2026 13:06:07,226 INFO : com.automation.jbehave.PropertyParameterConverter - Parameter converted:[p:QutCrCdEmptyErrorMsg] >> [Currency must have some value.]
==========================================================
Actual: Currency must have some value.
==========================================================
09 Apr 2026 13:06:07,407 INFO : com.automation.jbehave.ConsoleLogger - And [Assertion] Verify 'QutCrCdErrorMsg' contains 'p:QutCrCdEmptyErrorMsg' text (SUCCESSFUL)
09 Apr 2026 13:06:07,607 INFO : com.automation.pages.CannedPage - Assert 'QutQuotNoCreateText' empty=true (actual='')
09 Apr 2026 13:06:07,634 INFO : com.automation.jbehave.ConsoleLogger - And [Assertion] Verify 'QutQuotNoCreateText' input is empty (SUCCESSFUL)
09 Apr 2026 13:06:07,817 INFO : com.automation.pages.CannedPage - Clicked on 'MainTab'
09 Apr 2026 13:06:07,861 INFO : com.automation.jbehave.ConsoleLogger - And [Input] I click on 'MainTab' (SUCCESSFUL)
09 Apr 2026 13:06:08,003 INFO : com.automation.pages.CannedPage - Tab 'MainTab' selected=true
09 Apr 2026 13:06:08,031 INFO : com.automation.jbehave.ConsoleLogger - And [Assertion] Verify tab 'MainTab' is selected (SUCCESSFUL)
09 Apr 2026 13:06:08,032 INFO : com.automation.jbehave.ConsoleLogger - !-- Fill the mandatory Quotation Details (IGNORED)
09 Apr 2026 13:06:08,033 INFO : com.automation.jbehave.PropertyParameterConverter - Parameter converted:[p:Direct] >> [1-Direct]
09 Apr 2026 13:06:08,632 INFO : com.automation.pages.CannedPage - Selected '1-Direct' from LOV 'QutSourceCombobox'
09 Apr 2026 13:06:08,678 INFO : com.automation.jbehave.ConsoleLogger - And [Input] Select 'p:Direct' value from 'QutSourceCombobox' dropdown list (SUCCESSFUL)
09 Apr 2026 13:06:08,678 INFO : com.automation.jbehave.PropertyParameterConverter - Parameter converted:[p:Account] >> [2-Account]
==========================================================
Actual: 2-Account
==========================================================
09 Apr 2026 13:06:08,834 INFO : com.automation.jbehave.ConsoleLogger - And [Assertion] Verify 'QutPaymentTermCombobox' contains 'p:Account' text (SUCCESSFUL)
09 Apr 2026 13:06:08,994 INFO : com.automation.jbehave.ConsoleLogger - And [Assertion] Verify 'QutQuotDate' value equals sysdate (SUCCESSFUL)
09 Apr 2026 13:06:08,994 INFO : com.automation.jbehave.ConsoleLogger - !-- And [Assertion] Verify 'QutQuotValidityDate' value equals sysdate plus '1' months minus '1' day (IGNORED)
Putting value in StateManager: key=, value=09/04/2026
09 Apr 2026 13:06:09,344 INFO : com.automation.pages.CannedPage - Filled 'QutInsStDateInput' with value: 09/04/2026
09 Apr 2026 13:06:09,376 INFO : com.automation.jbehave.ConsoleLogger - And [Input] Set 'QutInsStDateInput' value to 'sysdateformatted' (SUCCESSFUL)
09 Apr 2026 13:06:14,418 INFO : com.automation.jbehave.ConsoleLogger - And [Progress] I wait for '5' sec (SUCCESSFUL)
09 Apr 2026 13:06:14,587 INFO : com.automation.pages.CannedPage - Clicked on 'QutInsStDateInput'
09 Apr 2026 13:06:14,631 INFO : com.automation.jbehave.ConsoleLogger - And [Input] I click on 'QutInsStDateInput' (SUCCESSFUL)
09 Apr 2026 13:06:14,839 INFO : com.automation.jbehave.ConsoleLogger - And [Input] I press Enter on 'QutInsStDateInput' (SUCCESSFUL)
09 Apr 2026 13:06:20,888 INFO : com.automation.jbehave.ConsoleLogger - And [Progress] I wait for '6' sec (SUCCESSFUL)
09 Apr 2026 13:06:21,068 INFO : com.automation.jbehave.ConsoleLogger - And [Assertion] Verify 'QutInsEdDateInput' value equals sysdate plus '1' years minus one day (SUCCESSFUL)
09 Apr 2026 13:06:21,287 INFO : com.automation.pages.CannedPage - Clicked on 'MotorInformationTab'
09 Apr 2026 13:06:21,326 INFO : com.automation.jbehave.ConsoleLogger - And [Input] I click on 'MotorInformationTab' (SUCCESSFUL)
09 Apr 2026 13:06:21,457 INFO : com.automation.pages.CannedPage - Tab 'MotorInformationTab' selected=true
09 Apr 2026 13:06:21,494 INFO : com.automation.jbehave.ConsoleLogger - And [Assertion] Verify tab 'MotorInformationTab' is selected (SUCCESSFUL)
09 Apr 2026 13:06:21,494 INFO : com.automation.jbehave.ConsoleLogger - !-- And [Navigation] I scroll to 'QutAwardedToInput' (IGNORED)
09 Apr 2026 13:06:21,496 INFO : com.automation.jbehave.ConsoleLogger - !-- And [Progress] I wait for '5' sec (IGNORED)
Putting value in StateManager: key=, value=96552
09 Apr 2026 13:06:21,758 INFO : com.automation.pages.CannedPage - Filled 'QutAwardedToInput' with value: 96552
09 Apr 2026 13:06:21,804 INFO : com.automation.jbehave.ConsoleLogger - And [Input] Set 'QutAwardedToInput' value to 'random5' (SUCCESSFUL)
09 Apr 2026 13:06:22,018 INFO : com.automation.pages.CannedPage - Clicked on 'CalculationsTab'
09 Apr 2026 13:06:22,052 INFO : com.automation.jbehave.ConsoleLogger - And [Input] I click on 'CalculationsTab' (SUCCESSFUL)
09 Apr 2026 13:06:22,206 INFO : com.automation.pages.CannedPage - Tab 'CalculationsTab' selected=true
09 Apr 2026 13:06:22,256 INFO : com.automation.jbehave.ConsoleLogger - And [Assertion] Verify tab 'CalculationsTab' is selected (SUCCESSFUL)
09 Apr 2026 13:06:22,256 INFO : com.automation.jbehave.PropertyParameterConverter - Parameter converted:[p:ProRata] >> [1 - Pro Rata]
09 Apr 2026 13:06:23,474 INFO : com.automation.pages.CannedPage - Selected '1 - Pro Rata' from LOV 'QutCalculationBasisCombobox'
09 Apr 2026 13:06:23,507 INFO : com.automation.jbehave.ConsoleLogger - And [Input] Select 'p:ProRata' value from 'QutCalculationBasisCombobox' dropdown list (SUCCESSFUL)
09 Apr 2026 13:06:23,507 INFO : com.automation.jbehave.PropertyParameterConverter - Parameter converted:[p:SaudiRiyals] >> [1 - Saudi Riyals]
09 Apr 2026 13:06:24,607 INFO : com.automation.pages.CannedPage - Selected '1 - Saudi Riyals' from LOV 'QutCrCdCombobox'
09 Apr 2026 13:06:24,643 INFO : com.automation.jbehave.ConsoleLogger - And [Input] Select 'p:SaudiRiyals' value from 'QutCrCdCombobox' dropdown list (SUCCESSFUL)
09 Apr 2026 13:06:27,703 INFO : com.automation.jbehave.ConsoleLogger - And [Progress] I wait for '3' sec (SUCCESSFUL)
09 Apr 2026 13:06:27,909 INFO : com.automation.jbehave.ConsoleLogger - And [Assertion] Verify 'QutUnitPriceVal' equals '1' text (SUCCESSFUL)
09 Apr 2026 13:06:28,069 INFO : com.automation.pages.CannedPage - I scroll to 'CreateButton'
09 Apr 2026 13:06:28,141 INFO : com.automation.jbehave.ConsoleLogger - And [Navigation] I scroll to 'CreateButton' (SUCCESSFUL)
09 Apr 2026 13:06:28,316 INFO : com.automation.pages.CannedPage - Clicked on 'CreateButton'
09 Apr 2026 13:06:28,351 INFO : com.automation.jbehave.ConsoleLogger - And [Input] I click on 'CreateButton' (SUCCESSFUL)
09 Apr 2026 13:06:35,396 INFO : com.automation.jbehave.ConsoleLogger - And [Progress] I wait for '7' sec (SUCCESSFUL)
09 Apr 2026 13:06:35,523 INFO : com.automation.pages.CannedPage - I scroll to 'SuccessfullyAlert'
09 Apr 2026 13:06:35,559 INFO : com.automation.jbehave.ConsoleLogger - And [Navigation] I scroll to 'SuccessfullyAlert' (SUCCESSFUL)
09 Apr 2026 13:06:35,559 INFO : com.automation.jbehave.PropertyParameterConverter - Parameter converted:[p:DataSavedSuccessfully] >> [Data Saved Successfully.]
==========================================================
Actual: Data Saved Successfully.
==========================================================
09 Apr 2026 13:06:35,724 INFO : com.automation.jbehave.ConsoleLogger - And [Assertion] Verify 'SuccessfullyAlert' contains 'p:DataSavedSuccessfully' text (SUCCESSFUL)
Fetched text from QutQuotNoCreateText: 686
Putting value in StateManager: key=QuotationNo, value=686
QuotationNo saved as: 686
09 Apr 2026 13:06:35,926 INFO : com.automation.jbehave.ConsoleLogger - And [Action] I get text from 'QutQuotNoCreateText' and save it as 'QuotationNo' (SUCCESSFUL)
09 Apr 2026 13:06:36,131 INFO : com.automation.pages.CannedPage - Clicked on 'NextButton'
09 Apr 2026 13:06:36,174 INFO : com.automation.jbehave.ConsoleLogger - And [Input] I click on 'NextButton' (SUCCESSFUL)
09 Apr 2026 13:06:41,221 INFO : com.automation.jbehave.ConsoleLogger - And [Progress] I wait for '5' sec (SUCCESSFUL)
09 Apr 2026 13:06:41,221 INFO : com.automation.jbehave.ConsoleLogger - !-- Fill the mandatory Risk Details (IGNORED)
09 Apr 2026 13:06:41,406 INFO : com.automation.pages.CannedPage - Clicked on 'RiskButton'
09 Apr 2026 13:06:41,457 INFO : com.automation.jbehave.ConsoleLogger - And [Input] I click on 'RiskButton' (SUCCESSFUL)
09 Apr 2026 13:06:41,813 INFO : com.automation.jbehave.ConsoleLogger - And [Javascript] I switch to iframe 'MotorRiskIframe' (SUCCESSFUL)
09 Apr 2026 13:06:44,853 INFO : com.automation.jbehave.ConsoleLogger - And [Progress] I wait for '3' sec (SUCCESSFUL)
09 Apr 2026 13:06:44,956 INFO : com.automation.pages.CannedPage - I scroll to 'CreateButton'
09 Apr 2026 13:06:44,991 INFO : com.automation.jbehave.ConsoleLogger - And [Navigation] I scroll to 'CreateButton' (SUCCESSFUL)
09 Apr 2026 13:06:45,302 INFO : com.automation.pages.CannedPage - Clicked on 'CreateButton'
09 Apr 2026 13:06:45,334 INFO : com.automation.jbehave.ConsoleLogger - And [Input] I click on 'CreateButton' (SUCCESSFUL)
09 Apr 2026 13:06:45,335 INFO : com.automation.jbehave.PropertyParameterConverter - Parameter converted:[p:QurVehicleMakeEmptyErrorMsg] >> [Vehicle Make must have some value.]
==========================================================
Actual: Vehicle Make must have some value.
==========================================================
09 Apr 2026 13:06:45,535 INFO : com.automation.jbehave.ConsoleLogger - And [Assertion] Verify 'QurVehicleMakeErrorMsg' contains 'p:QurVehicleMakeEmptyErrorMsg' text (SUCCESSFUL)
09 Apr 2026 13:06:45,536 INFO : com.automation.jbehave.PropertyParameterConverter - Parameter converted:[p:QurVehicleModelEmptyErrorMsg] >> [Vehicle Model must have some value.]
==========================================================
Actual: Vehicle Model must have some value.
==========================================================
09 Apr 2026 13:06:45,715 INFO : com.automation.jbehave.ConsoleLogger - And [Assertion] Verify 'QurVehicleModelErrorMsg' contains 'p:QurVehicleModelEmptyErrorMsg' text (SUCCESSFUL)
09 Apr 2026 13:06:45,715 INFO : com.automation.jbehave.PropertyParameterConverter - Parameter converted:[p:QurChassisNoEmptyErrorMsg] >> [Chassis No must have some value.]
==========================================================
Actual: Chassis No must have some value.
==========================================================
09 Apr 2026 13:06:45,939 INFO : com.automation.jbehave.ConsoleLogger - And [Assertion] Verify 'QurChassisNoErrorMsg' contains 'p:QurChassisNoEmptyErrorMsg' text (SUCCESSFUL)
09 Apr 2026 13:06:45,939 INFO : com.automation.jbehave.PropertyParameterConverter - Parameter converted:[p:QurRegistrationNoEmptyErrorMsg] >> [Registration No must have some value.]
==========================================================
Actual: Registration No must have some value.
==========================================================
09 Apr 2026 13:06:46,103 INFO : com.automation.jbehave.ConsoleLogger - And [Assertion] Verify 'QurRegistrationNoErrorMsg' contains 'p:QurRegistrationNoEmptyErrorMsg' text (SUCCESSFUL)
09 Apr 2026 13:06:46,104 INFO : com.automation.jbehave.PropertyParameterConverter - Parameter converted:[p:QurTypeOfBodyEmptyErrorMsg] >> [Type Of Body must have some value.]
==========================================================
Actual: Type Of Body must have some value.
==========================================================
09 Apr 2026 13:06:46,228 INFO : com.automation.jbehave.ConsoleLogger - And [Assertion] Verify 'QurTypeOfBodyErrorMsg' contains 'p:QurTypeOfBodyEmptyErrorMsg' text (SUCCESSFUL)
09 Apr 2026 13:06:46,228 INFO : com.automation.jbehave.PropertyParameterConverter - Parameter converted:[p:QurVehicleColorEmptyErrorMsg] >> [Vehicle Color must have some value.]
==========================================================
Actual: Vehicle Color must have some value.
==========================================================
09 Apr 2026 13:06:46,394 INFO : com.automation.jbehave.ConsoleLogger - And [Assertion] Verify 'QurVehicleColorErrorMsg' contains 'p:QurVehicleColorEmptyErrorMsg' text (SUCCESSFUL)
09 Apr 2026 13:06:46,747 INFO : com.automation.pages.CannedPage - Clicked on 'QurVehicleMakeCombobox'
09 Apr 2026 13:06:46,784 INFO : com.automation.jbehave.ConsoleLogger - And [Input] I click on 'QurVehicleMakeCombobox' (SUCCESSFUL)
09 Apr 2026 13:06:46,831 INFO : com.automation.jbehave.ConsoleLogger - And [Javascript] I switch back to main content (SUCCESSFUL)
09 Apr 2026 13:06:46,832 INFO : com.automation.jbehave.PropertyParameterConverter - Parameter converted:[p:komatsu] >> [1 - komatsu]
09 Apr 2026 13:06:47,997 INFO : com.automation.pages.CannedPage - Selected '1 - komatsu' from LOV 'PopupLOVSearchBar'
09 Apr 2026 13:06:48,034 INFO : com.automation.jbehave.ConsoleLogger - And [Input] Select 'p:komatsu' value from 'PopupLOVSearchBar' dropdown list (SUCCESSFUL)
09 Apr 2026 13:06:48,225 INFO : com.automation.jbehave.ConsoleLogger - And [Javascript] I switch to iframe 'MotorRiskIframe' (SUCCESSFUL)
09 Apr 2026 13:06:48,518 INFO : com.automation.pages.CannedPage - Clicked on 'QurVehicleModelCombobox'
09 Apr 2026 13:06:48,555 INFO : com.automation.jbehave.ConsoleLogger - And [Input] I click on 'QurVehicleModelCombobox' (SUCCESSFUL)
09 Apr 2026 13:06:48,584 INFO : com.automation.jbehave.ConsoleLogger - And [Javascript] I switch back to main content (SUCCESSFUL)
09 Apr 2026 13:06:48,585 INFO : com.automation.jbehave.PropertyParameterConverter - Parameter converted:[p:Equipment] >> [11 - Equipment]
09 Apr 2026 13:06:49,586 INFO : com.automation.pages.CannedPage - Selected '11 - Equipment' from LOV 'QurVehicleModelPopupLOVSearchBar'
09 Apr 2026 13:06:49,628 INFO : com.automation.jbehave.ConsoleLogger - And [Input] Select 'p:Equipment' value from 'QurVehicleModelPopupLOVSearchBar' dropdown list (SUCCESSFUL)
09 Apr 2026 13:06:49,782 INFO : com.automation.jbehave.ConsoleLogger - And [Javascript] I switch to iframe 'MotorRiskIframe' (SUCCESSFUL)
Putting value in StateManager: key=, value=263743720651400
09 Apr 2026 13:06:50,127 INFO : com.automation.pages.CannedPage - Filled 'QurChassisNoInput' with value: 263743720651400
09 Apr 2026 13:06:50,159 INFO : com.automation.jbehave.ConsoleLogger - And [Input] Set 'QurChassisNoInput' value to 'nanotime' (SUCCESSFUL)
Putting value in StateManager: key=, value=263744074679900
09 Apr 2026 13:06:50,502 INFO : com.automation.pages.CannedPage - Filled 'QurRegistrationNoInput' with value: 263744074679900
09 Apr 2026 13:06:50,543 INFO : com.automation.jbehave.ConsoleLogger - And [Input] Set 'QurRegistrationNoInput' value to 'nanotime' (SUCCESSFUL)
09 Apr 2026 13:06:50,544 INFO : com.automation.jbehave.ConsoleLogger - !-- And [Input] Select 'p:red' value from 'QurPlateColorCombobox' dropdown list (IGNORED)
09 Apr 2026 13:06:50,769 INFO : com.automation.pages.CannedPage - Clicked on 'QurTypeOfBodyCombobox'
09 Apr 2026 13:06:50,798 INFO : com.automation.jbehave.ConsoleLogger - And [Input] I click on 'QurTypeOfBodyCombobox' (SUCCESSFUL)
09 Apr 2026 13:06:50,829 INFO : com.automation.jbehave.ConsoleLogger - And [Javascript] I switch back to main content (SUCCESSFUL)
09 Apr 2026 13:06:50,829 INFO : com.automation.jbehave.PropertyParameterConverter - Parameter converted:[p:Sedan] >> [1 - Sedan]
09 Apr 2026 13:06:51,827 INFO : com.automation.pages.CannedPage - Selected '1 - Sedan' from LOV 'QurTypeOfBodyPopupLOVSearchBar'
09 Apr 2026 13:06:51,860 INFO : com.automation.jbehave.ConsoleLogger - And [Input] Select 'p:Sedan' value from 'QurTypeOfBodyPopupLOVSearchBar' dropdown list (SUCCESSFUL)
09 Apr 2026 13:06:52,036 INFO : com.automation.jbehave.ConsoleLogger - And [Javascript] I switch to iframe 'MotorRiskIframe' (SUCCESSFUL)
09 Apr 2026 13:06:52,252 INFO : com.automation.pages.CannedPage - Clicked on 'QurVehicleColorCombobox'
09 Apr 2026 13:06:52,282 INFO : com.automation.jbehave.ConsoleLogger - And [Input] I click on 'QurVehicleColorCombobox' (SUCCESSFUL)
09 Apr 2026 13:06:52,316 INFO : com.automation.jbehave.ConsoleLogger - And [Javascript] I switch back to main content (SUCCESSFUL)
09 Apr 2026 13:06:52,316 INFO : com.automation.jbehave.PropertyParameterConverter - Parameter converted:[p:Green] >> [1 - Green]
09 Apr 2026 13:06:53,430 INFO : com.automation.pages.CannedPage - Selected '1 - Green' from LOV 'QurVehicleColorPopupLOVSearchBar'
09 Apr 2026 13:06:53,462 INFO : com.automation.jbehave.ConsoleLogger - And [Input] Select 'p:Green' value from 'QurVehicleColorPopupLOVSearchBar' dropdown list (SUCCESSFUL)
09 Apr 2026 13:06:53,609 INFO : com.automation.jbehave.ConsoleLogger - And [Javascript] I switch to iframe 'MotorRiskIframe' (SUCCESSFUL)
09 Apr 2026 13:06:53,609 INFO : com.automation.jbehave.ConsoleLogger - !-- And [Input] I click on 'CloseIconButton' (IGNORED)
09 Apr 2026 13:06:53,610 INFO : com.automation.jbehave.ConsoleLogger - !-- And [Input] Set 'QurYearOfMakeInput' value to 'sysyear' (IGNORED)
09 Apr 2026 13:06:53,738 INFO : com.automation.pages.CannedPage - I scroll to 'CreateButton'
09 Apr 2026 13:06:53,768 INFO : com.automation.jbehave.ConsoleLogger - And [Navigation] I scroll to 'CreateButton' (SUCCESSFUL)
09 Apr 2026 13:06:54,051 INFO : com.automation.pages.CannedPage - Clicked on 'CreateButton'
09 Apr 2026 13:06:54,102 INFO : com.automation.jbehave.ConsoleLogger - And [Input] I click on 'CreateButton' (SUCCESSFUL)
09 Apr 2026 13:06:54,103 INFO : com.automation.jbehave.ConsoleLogger - !-- And [Input] I click on 'CloseIconButton' (IGNORED)
09 Apr 2026 13:06:54,103 INFO : com.automation.jbehave.ConsoleLogger - !-- And [Assertion] Verify 'QurYearOfMakeErrorMsg' contains 'p:QurYearOfMakeEmptyErrorMsg' text (IGNORED)
09 Apr 2026 13:06:54,103 INFO : com.automation.jbehave.ConsoleLogger - !-- And [Input] I click on 'QurYearOfMakeInput' (IGNORED)
09 Apr 2026 13:06:54,103 INFO : com.automation.jbehave.ConsoleLogger - !-- And [Input] I click on 'QurYearOfMakeTodayButton' (IGNORED)
09 Apr 2026 13:06:54,103 INFO : com.automation.jbehave.ConsoleLogger - !-- And [Assertion] Verify 'QurYearOfMakeInput' input is not empty (IGNORED)
09 Apr 2026 13:06:54,104 INFO : com.automation.jbehave.ConsoleLogger - !-- And [Navigation] I scroll to 'CreateButton' (IGNORED)
09 Apr 2026 13:06:54,104 INFO : com.automation.jbehave.ConsoleLogger - !-- And [Input] I click on 'CreateButton' (IGNORED)
09 Apr 2026 13:06:59,148 INFO : com.automation.jbehave.ConsoleLogger - And [Progress] I wait for '5' sec (SUCCESSFUL)
09 Apr 2026 13:06:59,285 INFO : com.automation.pages.CannedPage - I scroll to 'SuccessfullyAlert'
09 Apr 2026 13:06:59,318 INFO : com.automation.jbehave.ConsoleLogger - And [Navigation] I scroll to 'SuccessfullyAlert' (SUCCESSFUL)
09 Apr 2026 13:06:59,445 INFO : com.automation.jbehave.ConsoleLogger - And [Progress] I wait 'RiskButton' To be disappear (SUCCESSFUL)
09 Apr 2026 13:06:59,446 INFO : com.automation.jbehave.PropertyParameterConverter - Parameter converted:[p:RowCreated] >> [Row created.]
==========================================================
Actual: Row created.
==========================================================
09 Apr 2026 13:06:59,586 INFO : com.automation.jbehave.ConsoleLogger - And [Assertion] Verify 'SuccessfullyAlert' contains 'p:RowCreated' text (SUCCESSFUL)
09 Apr 2026 13:06:59,587 INFO : com.automation.jbehave.ConsoleLogger - !--  Add for Vehicle Details and Driver Details (IGNORED)
09 Apr 2026 13:07:00,567 INFO : com.automation.pages.CannedPage - Clicked on 'VehicleDetailsButton'
09 Apr 2026 13:07:00,619 INFO : com.automation.jbehave.ConsoleLogger - And [Input] I click on 'VehicleDetailsButton' (SUCCESSFUL)
09 Apr 2026 13:07:02,403 INFO : com.automation.pages.CannedPage - Selected 'TP' from LOV 'VehiclePremiumDetailsDDL'
09 Apr 2026 13:07:02,432 INFO : com.automation.jbehave.ConsoleLogger - And [Input] Select 'TP' value from 'VehiclePremiumDetailsDDL' dropdown list (SUCCESSFUL)
==========================================================
Actual: TP
==========================================================
09 Apr 2026 13:07:02,585 INFO : com.automation.jbehave.ConsoleLogger - And [Assertion] Verify 'VehiclePremiumDetailsDDL' contains 'TP' text (SUCCESSFUL)
09 Apr 2026 13:07:03,121 INFO : com.automation.pages.CustomPage - [IG DEBUG] IG is editable without invoking IG edit action. region=F1_ig
09 Apr 2026 13:07:13,097 INFO : com.automation.jbehave.ConsoleLogger - And [Input] I fill IG 'F1_ig' with random values (combo/date/number) and save (SUCCESSFUL)
09 Apr 2026 13:07:16,147 INFO : com.automation.jbehave.ConsoleLogger - And [Progress] I wait for '3' sec (SUCCESSFUL)
09 Apr 2026 13:07:16,604 INFO : com.automation.pages.CustomPage - [IG DEBUG] IG is editable without invoking IG edit action. region=F2_ig
09 Apr 2026 13:07:43,597 INFO : com.automation.jbehave.ConsoleLogger - And [Input] I fill IG 'F2_ig' with random values (combo/date/number) and save (SUCCESSFUL)
09 Apr 2026 13:07:46,655 INFO : com.automation.jbehave.ConsoleLogger - And [Progress] I wait for '3' sec (SUCCESSFUL)
09 Apr 2026 13:07:47,093 INFO : com.automation.pages.CustomPage - [IG DEBUG] IG is editable without invoking IG edit action. region=F3_ig
09 Apr 2026 13:07:59,169 INFO : com.automation.jbehave.ConsoleLogger - And [Input] I fill IG 'F3_ig' with random values (combo/date/number) and save (SUCCESSFUL)
09 Apr 2026 13:08:02,222 INFO : com.automation.jbehave.ConsoleLogger - And [Progress] I wait for '3' sec (SUCCESSFUL)
09 Apr 2026 13:08:02,739 INFO : com.automation.pages.CustomPage - [IG DEBUG] IG is editable without invoking IG edit action. region=F4_ig
09 Apr 2026 13:08:15,424 INFO : com.automation.jbehave.ConsoleLogger - And [Input] I fill IG 'F4_ig' with random values (combo/date/number) and save (SUCCESSFUL)
09 Apr 2026 13:08:15,444 INFO : com.automation.pages.CannedPage - I scroll to top of page
09 Apr 2026 13:08:15,500 INFO : com.automation.jbehave.ConsoleLogger - And [Navigation] I scroll to top of page (SUCCESSFUL)
09 Apr 2026 13:08:18,545 INFO : com.automation.jbehave.ConsoleLogger - And [Progress] I wait for '3' sec (SUCCESSFUL)
09 Apr 2026 13:08:19,950 INFO : com.automation.pages.CannedPage - Clicked on 'RiskDetailsBackButton'
09 Apr 2026 13:08:19,979 INFO : com.automation.jbehave.ConsoleLogger - And [Input] I click on 'RiskDetailsBackButton' (SUCCESSFUL)
09 Apr 2026 13:08:23,036 INFO : com.automation.jbehave.ConsoleLogger - And [Progress] I wait for '3' sec (SUCCESSFUL)
09 Apr 2026 13:08:24,641 INFO : com.automation.pages.CannedPage - Clicked on 'DriverDetailsButton'
09 Apr 2026 13:08:24,671 INFO : com.automation.jbehave.ConsoleLogger - And [Input] I click on 'DriverDetailsButton' (SUCCESSFUL)
09 Apr 2026 13:08:24,784 INFO : com.automation.pages.CannedPage - Tab 'ShowAllTab' selected=true
09 Apr 2026 13:08:24,812 INFO : com.automation.jbehave.ConsoleLogger - And [Assertion] Verify tab 'ShowAllTab' is selected (SUCCESSFUL)
09 Apr 2026 13:08:25,022 INFO : com.automation.pages.CannedPage - Clicked on 'PersonalInformationTab'
09 Apr 2026 13:08:25,049 INFO : com.automation.jbehave.ConsoleLogger - And [Input] I click on 'PersonalInformationTab' (SUCCESSFUL)
09 Apr 2026 13:08:25,167 INFO : com.automation.pages.CannedPage - Tab 'PersonalInformationTab' selected=true
09 Apr 2026 13:08:25,215 INFO : com.automation.jbehave.ConsoleLogger - And [Assertion] Verify tab 'PersonalInformationTab' is selected (SUCCESSFUL)
09 Apr 2026 13:08:25,215 INFO : com.automation.jbehave.PropertyParameterConverter - Parameter converted:[p:PersonalInformation] >> [Personal Information]
==========================================================
Actual: Personal Information
==========================================================
09 Apr 2026 13:08:25,333 INFO : com.automation.jbehave.ConsoleLogger - And [Assertion] Verify 'PersonalInformationHeader' contains 'p:PersonalInformation' text (SUCCESSFUL)
09 Apr 2026 13:08:25,479 INFO : com.automation.pages.CannedPage - Clicked on 'ContactingAndAddressDetailsTab'
09 Apr 2026 13:08:25,504 INFO : com.automation.jbehave.ConsoleLogger - And [Input] I click on 'ContactingAndAddressDetailsTab' (SUCCESSFUL)
09 Apr 2026 13:08:25,618 INFO : com.automation.pages.CannedPage - Tab 'ContactingAndAddressDetailsTab' selected=true
09 Apr 2026 13:08:25,653 INFO : com.automation.jbehave.ConsoleLogger - And [Assertion] Verify tab 'ContactingAndAddressDetailsTab' is selected (SUCCESSFUL)
09 Apr 2026 13:08:25,655 INFO : com.automation.jbehave.PropertyParameterConverter - Parameter converted:[p:ContactingAndAddressDetails] >> [Contacting & Address Details]
==========================================================
Actual: Contacting & Address Details
==========================================================
09 Apr 2026 13:08:25,790 INFO : com.automation.jbehave.ConsoleLogger - And [Assertion] Verify 'ContactingAndAddressDetailsHeader' contains 'p:ContactingAndAddressDetails' text (SUCCESSFUL)
09 Apr 2026 13:08:25,937 INFO : com.automation.pages.CannedPage - Clicked on 'licenseInformationTab'
09 Apr 2026 13:08:25,967 INFO : com.automation.jbehave.ConsoleLogger - And [Input] I click on 'licenseInformationTab' (SUCCESSFUL)
09 Apr 2026 13:08:26,115 INFO : com.automation.pages.CannedPage - Tab 'licenseInformationTab' selected=true
09 Apr 2026 13:08:26,145 INFO : com.automation.jbehave.ConsoleLogger - And [Assertion] Verify tab 'licenseInformationTab' is selected (SUCCESSFUL)
09 Apr 2026 13:08:26,146 INFO : com.automation.jbehave.PropertyParameterConverter - Parameter converted:[p:licenseInformation] >> [license Information]
==========================================================
Actual: license Information
==========================================================
09 Apr 2026 13:08:26,268 INFO : com.automation.jbehave.ConsoleLogger - And [Assertion] Verify 'licenseInformationHeader' contains 'p:licenseInformation' text (SUCCESSFUL)
09 Apr 2026 13:08:26,417 INFO : com.automation.pages.CannedPage - Clicked on 'OtherInformationTab'
09 Apr 2026 13:08:26,456 INFO : com.automation.jbehave.ConsoleLogger - And [Input] I click on 'OtherInformationTab' (SUCCESSFUL)
09 Apr 2026 13:08:26,574 INFO : com.automation.pages.CannedPage - Tab 'OtherInformationTab' selected=true
09 Apr 2026 13:08:26,606 INFO : com.automation.jbehave.ConsoleLogger - And [Assertion] Verify tab 'OtherInformationTab' is selected (SUCCESSFUL)
09 Apr 2026 13:08:26,607 INFO : com.automation.jbehave.PropertyParameterConverter - Parameter converted:[p:OtherInformation] >> [Other Information]
==========================================================
Actual: Other Information
==========================================================
09 Apr 2026 13:08:26,778 INFO : com.automation.jbehave.ConsoleLogger - And [Assertion] Verify 'OtherInformationHeader' contains 'p:OtherInformation' text (SUCCESSFUL)
09 Apr 2026 13:08:28,447 INFO : com.automation.pages.CannedPage - Clicked on 'CancelButton'
09 Apr 2026 13:08:28,478 INFO : com.automation.jbehave.ConsoleLogger - And [Input] I click on 'CancelButton' (SUCCESSFUL)
09 Apr 2026 13:08:31,529 INFO : com.automation.jbehave.ConsoleLogger - And [Progress] I wait for '3' sec (SUCCESSFUL)
09 Apr 2026 13:08:31,660 INFO : com.automation.pages.CannedPage - Clicked on 'NextButton'
09 Apr 2026 13:08:31,703 INFO : com.automation.jbehave.ConsoleLogger - And [Input] I click on 'NextButton' (SUCCESSFUL)
09 Apr 2026 13:08:36,763 INFO : com.automation.jbehave.ConsoleLogger - And [Progress] I wait for '5' sec (SUCCESSFUL)
09 Apr 2026 13:08:36,764 INFO : com.automation.jbehave.ConsoleLogger - !-- Fill the mandatory Risk Value Types (IGNORED)
09 Apr 2026 13:08:36,997 INFO : com.automation.pages.CannedPage - I scroll to 'EditButton'
09 Apr 2026 13:08:37,042 INFO : com.automation.jbehave.ConsoleLogger - And [Navigation] I scroll to 'EditButton' (SUCCESSFUL)
09 Apr 2026 13:08:37,183 INFO : com.automation.pages.CannedPage - Clicked on 'EditButton'
09 Apr 2026 13:08:37,224 INFO : com.automation.jbehave.ConsoleLogger - And [Input] I click on 'EditButton' (SUCCESSFUL)
09 Apr 2026 13:08:37,991 INFO : com.automation.pages.CustomPage - [IG DEBUG] IG is editable without invoking IG edit action. region=RiskCalculation_ig
09 Apr 2026 13:08:38,325 INFO : com.automation.jbehave.ConsoleLogger - And [Assertion] Verify IG 'RiskCalculation_ig' row '1 - SI' Local/Amount can be filled (SUCCESSFUL)
09 Apr 2026 13:08:38,826 INFO : com.automation.pages.CustomPage - [IG DEBUG] IG is editable without invoking IG edit action. region=RiskCalculation_ig
09 Apr 2026 13:08:39,366 INFO : com.automation.pages.CustomPage - [IG DEBUG] IG is editable without invoking IG edit action. region=RiskCalculation_ig
09 Apr 2026 13:08:41,381 INFO : com.automation.pages.CustomPage - [IG Fill] region=RiskCalculation_ig | row='1 - SI' | col='Local' | value=10
09 Apr 2026 13:08:43,469 INFO : com.automation.pages.CustomPage - [IG Fill] region=RiskCalculation_ig | row='2 - Rate' | col='Percent' | value=35
09 Apr 2026 13:08:48,561 INFO : com.automation.jbehave.ConsoleLogger - And [Input] I set SECOND IG 'RiskCalculation_ig' from first row '1 - SI' to random numbers between '1' and '50' for all enabled cells excluding DDL (SUCCESSFUL)
09 Apr 2026 13:08:53,605 INFO : com.automation.jbehave.ConsoleLogger - And [Progress] I wait for '5' sec (SUCCESSFUL)
09 Apr 2026 13:08:53,823 INFO : com.automation.pages.CannedPage - I scroll to 'SaveButton'
09 Apr 2026 13:08:53,854 INFO : com.automation.jbehave.ConsoleLogger - And [Navigation] I scroll to 'SaveButton' (SUCCESSFUL)
09 Apr 2026 13:08:54,018 INFO : com.automation.pages.CannedPage - Clicked on 'SaveButton'
09 Apr 2026 13:08:54,049 INFO : com.automation.jbehave.ConsoleLogger - And [Input] I click on 'SaveButton' (SUCCESSFUL)
09 Apr 2026 13:08:59,112 INFO : com.automation.jbehave.ConsoleLogger - And [Progress] I wait for '5' sec (SUCCESSFUL)
09 Apr 2026 13:08:59,167 INFO : com.automation.pages.CannedPage - I scroll to top of page
09 Apr 2026 13:08:59,199 INFO : com.automation.jbehave.ConsoleLogger - And [Navigation] I scroll to top of page (SUCCESSFUL)
09 Apr 2026 13:08:59,334 INFO : com.automation.pages.CannedPage - Clicked on 'NextButton'
09 Apr 2026 13:08:59,383 INFO : com.automation.jbehave.ConsoleLogger - And [Input] I click on 'NextButton' (SUCCESSFUL)
09 Apr 2026 13:09:04,436 INFO : com.automation.jbehave.ConsoleLogger - And [Progress] I wait for '5' sec (SUCCESSFUL)
09 Apr 2026 13:09:04,436 INFO : com.automation.jbehave.ConsoleLogger - !-- Fill in Quotation Value Types (IGNORED)
09 Apr 2026 13:09:04,635 INFO : com.automation.pages.CannedPage - Clicked on 'EditButtonQuotationValue'
09 Apr 2026 13:09:04,665 INFO : com.automation.jbehave.ConsoleLogger - And [Input] I click on 'EditButtonQuotationValue' (SUCCESSFUL)
09 Apr 2026 13:09:04,673 INFO : com.automation.pages.CannedPage - I scroll to end of page
09 Apr 2026 13:09:04,711 INFO : com.automation.jbehave.ConsoleLogger - And [Navigation] I scroll to end of page (SUCCESSFUL)
09 Apr 2026 13:09:05,336 INFO : com.automation.pages.CustomPage - [IG DEBUG] IG is editable without invoking IG edit action. region=calc_ig
09 Apr 2026 13:09:05,706 INFO : com.automation.jbehave.ConsoleLogger - And [Assertion] Verify IG 'calc_ig' row '10 - Stamp Fees' Local/Amount can be filled (SUCCESSFUL)
09 Apr 2026 13:09:10,459 INFO : com.automation.pages.CustomPage - [IG DEBUG] IG is editable without invoking IG edit action. region=calc_ig
09 Apr 2026 13:09:15,164 INFO : com.automation.pages.CustomPage - [IG Fill] region=calc_ig | row='8 - Tax' | col='Premium %' | value=37
09 Apr 2026 13:09:17,921 INFO : com.automation.pages.CustomPage - [IG Fill] region=calc_ig | row='9 - ICF Fees' | col='Premium %' | value=5
09 Apr 2026 13:09:20,583 INFO : com.automation.pages.CustomPage - [IG Fill] region=calc_ig | row='10 - Stamp Fees' | col='Amount' | value=20
09 Apr 2026 13:09:22,460 INFO : com.automation.pages.CustomPage - [IG Fill] region=calc_ig | row='11 - Issues Fees' | col='Amount' | value=41
09 Apr 2026 13:09:24,236 INFO : com.automation.pages.CustomPage - [IG Fill] region=calc_ig | row='12 - Service Charge' | col='Amount' | value=2
09 Apr 2026 13:09:33,864 INFO : com.automation.jbehave.ConsoleLogger - And [Input] I set IG 'calc_ig' from first row '1 - SI' to random numbers between '1' and '50' for all enabled cells excluding DDL (SUCCESSFUL)
09 Apr 2026 13:09:43,914 INFO : com.automation.jbehave.ConsoleLogger - And [Progress] I wait for '10' sec (SUCCESSFUL)
09 Apr 2026 13:09:44,162 INFO : com.automation.pages.CannedPage - Clicked on 'SaveButton'
09 Apr 2026 13:09:44,190 INFO : com.automation.jbehave.ConsoleLogger - And [Input] I click on 'SaveButton' (SUCCESSFUL)
09 Apr 2026 13:09:54,256 INFO : com.automation.jbehave.ConsoleLogger - And [Progress] I wait for '10' sec (SUCCESSFUL)
09 Apr 2026 13:09:54,305 INFO : com.automation.pages.CannedPage - I scroll to top of page
09 Apr 2026 13:09:54,357 INFO : com.automation.jbehave.ConsoleLogger - And [Navigation] I scroll to top of page (SUCCESSFUL)
09 Apr 2026 13:09:54,554 INFO : com.automation.pages.CannedPage - Clicked on 'NextButton'
09 Apr 2026 13:09:54,589 INFO : com.automation.jbehave.ConsoleLogger - And [Input] I click on 'NextButton' (SUCCESSFUL)
09 Apr 2026 13:09:59,630 INFO : com.automation.jbehave.ConsoleLogger - And [Progress] I wait for '5' sec (SUCCESSFUL)
09 Apr 2026 13:09:59,631 INFO : com.automation.jbehave.ConsoleLogger - !-- Fill in All Quotation Details (IGNORED)
Getting value from StateManager: key=QuotationNo, value=686
Expected value (from stateManager, key='QuotationNo'): 686
Actual value (from element 'QutQuotNoAllQuotationDetails'): 686
09 Apr 2026 13:09:59,768 INFO : com.automation.jbehave.ConsoleLogger - And [Assertion] Verify text of 'QutQuotNoAllQuotationDetails' contains saved value 'QuotationNo' (SUCCESSFUL)
09 Apr 2026 13:09:59,850 INFO : com.automation.pages.CannedPage - I scroll to 'CustomerInfoButton'
09 Apr 2026 13:09:59,884 INFO : com.automation.jbehave.ConsoleLogger - And [Navigation] I scroll to 'CustomerInfoButton' (SUCCESSFUL)
09 Apr 2026 13:10:00,007 INFO : com.automation.pages.CannedPage - Clicked on 'CustomerInfoButton'
09 Apr 2026 13:10:00,054 INFO : com.automation.jbehave.ConsoleLogger - And [Input] I click on 'CustomerInfoButton' (SUCCESSFUL)
09 Apr 2026 13:10:00,054 INFO : com.automation.jbehave.PropertyParameterConverter - Parameter converted:[p:ClientName] >> [5349 - ?´?±???© ?§???????´?¢?? ?§???³?¹???¯???©]
09 Apr 2026 13:10:00,798 INFO : com.automation.pages.CannedPage - Selected '5349 - شركة المنشآت السعودية' from LOV 'QurQutClientCombobox'
09 Apr 2026 13:10:00,835 INFO : com.automation.jbehave.ConsoleLogger - And [Input] Select 'p:ClientName' value from 'QurQutClientCombobox' dropdown list (SUCCESSFUL)
09 Apr 2026 13:10:00,835 INFO : com.automation.jbehave.PropertyParameterConverter - Parameter converted:[p:ClientName] >> [5349 - ?´?±???© ?§???????´?¢?? ?§???³?¹???¯???©]
09 Apr 2026 13:10:01,702 INFO : com.automation.pages.CannedPage - Selected '5349 - شركة المنشآت السعودية' from LOV 'QurQutClientNoCombobox'
09 Apr 2026 13:10:01,735 INFO : com.automation.jbehave.ConsoleLogger - And [Input] Select 'p:ClientName' value from 'QurQutClientNoCombobox' dropdown list (SUCCESSFUL)
09 Apr 2026 13:10:01,881 INFO : com.automation.pages.CannedPage - Clicked on 'ApplyChangesButton'
09 Apr 2026 13:10:01,915 INFO : com.automation.jbehave.ConsoleLogger - And [Input] I click on 'ApplyChangesButton' (SUCCESSFUL)
09 Apr 2026 13:10:06,965 INFO : com.automation.jbehave.ConsoleLogger - And [Progress] I wait for '5' sec (SUCCESSFUL)
09 Apr 2026 13:10:06,966 INFO : com.automation.jbehave.PropertyParameterConverter - Parameter converted:[p:DataUpdatedSuccessfully] >> [Data Updated Successfully.]
==========================================================
Actual: Data Updated Successfully.
==========================================================
09 Apr 2026 13:10:07,177 INFO : com.automation.jbehave.ConsoleLogger - And [Assertion] Verify 'SuccessfullyAlert' contains 'p:DataUpdatedSuccessfully' text (SUCCESSFUL)
09 Apr 2026 13:10:12,212 INFO : com.automation.jbehave.ConsoleLogger - And [Progress] I wait for '5' sec (SUCCESSFUL)
09 Apr 2026 13:10:12,212 INFO : com.automation.jbehave.ConsoleLogger - !-- Risk Quotation Button (IGNORED)
09 Apr 2026 13:10:12,220 INFO : com.automation.pages.CannedPage - I scroll to end of page
09 Apr 2026 13:10:12,250 INFO : com.automation.jbehave.ConsoleLogger - And [Navigation] I scroll to end of page (SUCCESSFUL)
09 Apr 2026 13:10:13,721 INFO : com.automation.pages.CannedPage - Clicked on 'RiskQuotationButton'
09 Apr 2026 13:10:13,751 INFO : com.automation.jbehave.ConsoleLogger - And [Input] I click on 'RiskQuotationButton' (SUCCESSFUL)
09 Apr 2026 13:10:13,877 INFO : com.automation.jbehave.ConsoleLogger - And [Assertion] Verify 'RiskTable' is visible (SUCCESSFUL)
09 Apr 2026 13:10:15,791 INFO : com.automation.pages.CannedPage - Clicked on 'RiskDetailsCancelButton'
09 Apr 2026 13:10:15,824 INFO : com.automation.jbehave.ConsoleLogger - And [Input] I click on 'RiskDetailsCancelButton' (SUCCESSFUL)
09 Apr 2026 13:10:20,865 INFO : com.automation.jbehave.ConsoleLogger - And [Progress] I wait for '5' sec (SUCCESSFUL)
09 Apr 2026 13:10:20,865 INFO : com.automation.jbehave.ConsoleLogger - !-- Beneficiary Button (IGNORED)
09 Apr 2026 13:10:20,878 INFO : com.automation.pages.CannedPage - I scroll to end of page
09 Apr 2026 13:10:20,915 INFO : com.automation.jbehave.ConsoleLogger - And [Navigation] I scroll to end of page (SUCCESSFUL)
09 Apr 2026 13:10:21,103 INFO : com.automation.pages.CannedPage - Clicked on 'BeneficiaryButton'
09 Apr 2026 13:10:21,154 INFO : com.automation.jbehave.ConsoleLogger - And [Input] I click on 'BeneficiaryButton' (SUCCESSFUL)
09 Apr 2026 13:10:21,522 INFO : com.automation.jbehave.ConsoleLogger - And [Javascript] I switch to iframe 'BeneficiaryIframe' (SUCCESSFUL)
09 Apr 2026 13:10:21,634 INFO : com.automation.jbehave.ConsoleLogger - And [Assertion] Verify 'BeneficiaryTable' is visible (SUCCESSFUL)
09 Apr 2026 13:10:21,892 INFO : com.automation.pages.CannedPage - Clicked on 'BeneficiaryAddRow'
09 Apr 2026 13:10:21,923 INFO : com.automation.jbehave.ConsoleLogger - And [Input] I click on 'BeneficiaryAddRow' (SUCCESSFUL)
09 Apr 2026 13:10:22,190 INFO : com.automation.pages.CannedPage - Clicked on 'BeneficiarySerialRow'
09 Apr 2026 13:10:22,219 INFO : com.automation.jbehave.ConsoleLogger - And [Input] I click on 'BeneficiarySerialRow' (SUCCESSFUL)
09 Apr 2026 13:10:22,463 INFO : com.automation.pages.CannedPage - Filled 'BeneficiarySerialRow' with value: 1
09 Apr 2026 13:10:22,488 INFO : com.automation.jbehave.ConsoleLogger - And [Input] Set 'BeneficiarySerialRow' value to '1' (SUCCESSFUL)
09 Apr 2026 13:10:22,692 INFO : com.automation.pages.CannedPage - Clicked on 'BeneficiaryRow'
09 Apr 2026 13:10:22,731 INFO : com.automation.jbehave.ConsoleLogger - And [Input] I click on 'BeneficiaryRow' (SUCCESSFUL)
09 Apr 2026 13:10:22,972 INFO : com.automation.pages.CannedPage - Clicked on 'BeneficiaryComboboxRow'
09 Apr 2026 13:10:23,004 INFO : com.automation.jbehave.ConsoleLogger - And [Input] I click on 'BeneficiaryComboboxRow' (SUCCESSFUL)
09 Apr 2026 13:10:23,035 INFO : com.automation.jbehave.ConsoleLogger - And [Javascript] I switch back to main content (SUCCESSFUL)
09 Apr 2026 13:10:23,036 INFO : com.automation.jbehave.PropertyParameterConverter - Parameter converted:[p:ClientName] >> [5349 - ?´?±???© ?§???????´?¢?? ?§???³?¹???¯???©]
09 Apr 2026 13:10:24,257 INFO : com.automation.pages.CannedPage - Selected '5349 - شركة المنشآت السعودية' from LOV 'PopupLOVSearchBar'
09 Apr 2026 13:10:24,331 INFO : com.automation.jbehave.ConsoleLogger - And [Input] Select 'p:ClientName' value from 'PopupLOVSearchBar' dropdown list (SUCCESSFUL)
09 Apr 2026 13:10:24,467 INFO : com.automation.jbehave.ConsoleLogger - And [Javascript] I switch to iframe 'BeneficiaryIframe' (SUCCESSFUL)
09 Apr 2026 13:10:29,517 INFO : com.automation.jbehave.ConsoleLogger - And [Progress] I wait for '5' sec (SUCCESSFUL)
09 Apr 2026 13:10:29,817 INFO : com.automation.pages.CannedPage - Clicked on 'IdNumberRow'
09 Apr 2026 13:10:29,844 INFO : com.automation.jbehave.ConsoleLogger - And [Input] I click on 'IdNumberRow' (SUCCESSFUL)
09 Apr 2026 13:10:30,076 INFO : com.automation.pages.CannedPage - Filled 'BeneficiaryIdNumberRow' with value: 1
09 Apr 2026 13:10:30,099 INFO : com.automation.jbehave.ConsoleLogger - And [Input] Set 'BeneficiaryIdNumberRow' value to '1' (SUCCESSFUL)
09 Apr 2026 13:10:30,291 INFO : com.automation.pages.CannedPage - Clicked on 'NationalityRow'
09 Apr 2026 13:10:30,323 INFO : com.automation.jbehave.ConsoleLogger - And [Input] I click on 'NationalityRow' (SUCCESSFUL)
09 Apr 2026 13:10:30,542 INFO : com.automation.pages.CannedPage - Clicked on 'NationalityRow'
09 Apr 2026 13:10:30,574 INFO : com.automation.jbehave.ConsoleLogger - And [Input] I click on 'NationalityRow' (SUCCESSFUL)
09 Apr 2026 13:10:30,575 INFO : com.automation.jbehave.ConsoleLogger - !-- And [Input] I click on 'BeneficiaryNationalityRow' (IGNORED)
09 Apr 2026 13:10:30,601 INFO : com.automation.jbehave.ConsoleLogger - And [Javascript] I switch back to main content (SUCCESSFUL)
09 Apr 2026 13:10:30,601 INFO : com.automation.jbehave.PropertyParameterConverter - Parameter converted:[p:Afghani] >> [1 - Afghani]
09 Apr 2026 13:10:31,990 INFO : com.automation.pages.CannedPage - Selected '1 - Afghani' from LOV 'BeneficiaryNationalityPopupLOVSearchBar'
09 Apr 2026 13:10:32,026 INFO : com.automation.jbehave.ConsoleLogger - And [Input] Select 'p:Afghani' value from 'BeneficiaryNationalityPopupLOVSearchBar' dropdown list (SUCCESSFUL)
09 Apr 2026 13:10:32,195 INFO : com.automation.jbehave.ConsoleLogger - And [Javascript] I switch to iframe 'BeneficiaryIframe' (SUCCESSFUL)
09 Apr 2026 13:10:32,513 INFO : com.automation.pages.CannedPage - Clicked on 'ClassificationRow'
09 Apr 2026 13:10:32,542 INFO : com.automation.jbehave.ConsoleLogger - And [Input] I click on 'ClassificationRow' (SUCCESSFUL)
09 Apr 2026 13:10:32,805 INFO : com.automation.pages.CannedPage - Clicked on 'BeneficiaryClassificationRow'
09 Apr 2026 13:10:32,837 INFO : com.automation.jbehave.ConsoleLogger - And [Input] I click on 'BeneficiaryClassificationRow' (SUCCESSFUL)
09 Apr 2026 13:10:32,837 INFO : com.automation.jbehave.PropertyParameterConverter - Parameter converted:[p:PerRegistrationNo] >> [1 - Per Registration No]
09 Apr 2026 13:10:33,022 INFO : com.automation.pages.CannedPage - Selected '1 - Per Registration No' from <select> 'BeneficiaryClassificationRow'
09 Apr 2026 13:10:33,053 INFO : com.automation.jbehave.ConsoleLogger - And [Input] Select 'p:PerRegistrationNo' value from 'BeneficiaryClassificationRow' dropdown list (SUCCESSFUL)
09 Apr 2026 13:10:33,237 INFO : com.automation.pages.CannedPage - Clicked on 'BeneficiarySaveButton'
09 Apr 2026 13:10:33,266 INFO : com.automation.jbehave.ConsoleLogger - And [Input] I click on 'BeneficiarySaveButton' (SUCCESSFUL)
09 Apr 2026 13:10:38,317 INFO : com.automation.jbehave.ConsoleLogger - And [Progress] I wait for '5' sec (SUCCESSFUL)
09 Apr 2026 13:10:38,392 INFO : com.automation.jbehave.ConsoleLogger - And [Javascript] I switch back to main content (SUCCESSFUL)
09 Apr 2026 13:10:38,598 INFO : com.automation.pages.CannedPage - Clicked on 'BeneficiaryIframeCloseButton'
09 Apr 2026 13:10:38,633 INFO : com.automation.jbehave.ConsoleLogger - And [Input] I click on 'BeneficiaryIframeCloseButton' (SUCCESSFUL)
09 Apr 2026 13:10:38,633 INFO : com.automation.jbehave.ConsoleLogger - !-- Covers Button (IGNORED)
09 Apr 2026 13:10:38,884 INFO : com.automation.pages.CannedPage - Clicked on 'CoversButton'
09 Apr 2026 13:10:38,914 INFO : com.automation.jbehave.ConsoleLogger - And [Input] I click on 'CoversButton' (SUCCESSFUL)
09 Apr 2026 13:10:39,314 INFO : com.automation.jbehave.ConsoleLogger - And [Javascript] I switch to iframe 'CoversIframe' (SUCCESSFUL)
09 Apr 2026 13:10:39,434 INFO : com.automation.jbehave.ConsoleLogger - And [Assertion] Verify 'CoversTable' is visible (SUCCESSFUL)
09 Apr 2026 13:10:39,711 INFO : com.automation.pages.CannedPage - Clicked on 'CoverDeleteFirstRow'
clickIfPresent('CoverDeleteFirstRow') => true
09 Apr 2026 13:10:39,766 INFO : com.automation.jbehave.ConsoleLogger - And [Input] I click on 'CoverDeleteFirstRow' if present (SUCCESSFUL)
09 Apr 2026 13:10:39,963 INFO : com.automation.pages.CannedPage - Clicked on 'CoversSaveButton'
09 Apr 2026 13:10:39,992 INFO : com.automation.jbehave.ConsoleLogger - And [Input] I click on 'CoversSaveButton' (SUCCESSFUL)
09 Apr 2026 13:10:40,211 INFO : com.automation.pages.CannedPage - Clicked on 'CoversAddRow'
09 Apr 2026 13:10:40,280 INFO : com.automation.jbehave.ConsoleLogger - And [Input] I click on 'CoversAddRow' (SUCCESSFUL)
09 Apr 2026 13:10:40,526 INFO : com.automation.pages.CannedPage - Clicked on 'CoversSerialRow'
09 Apr 2026 13:10:40,561 INFO : com.automation.jbehave.ConsoleLogger - And [Input] I click on 'CoversSerialRow' (SUCCESSFUL)
09 Apr 2026 13:10:40,786 INFO : com.automation.pages.CannedPage - Filled 'CoversSerialRow' with value: 1
09 Apr 2026 13:10:40,820 INFO : com.automation.jbehave.ConsoleLogger - And [Input] Set 'CoversSerialRow' value to '1' (SUCCESSFUL)
09 Apr 2026 13:10:41,038 INFO : com.automation.pages.CannedPage - Clicked on 'CategoryRow'
09 Apr 2026 13:10:41,098 INFO : com.automation.jbehave.ConsoleLogger - And [Input] I click on 'CategoryRow' (SUCCESSFUL)
09 Apr 2026 13:10:41,335 INFO : com.automation.pages.CannedPage - Clicked on 'CoversCategoryComboboxRow'
09 Apr 2026 13:10:41,366 INFO : com.automation.jbehave.ConsoleLogger - And [Input] I click on 'CoversCategoryComboboxRow' (SUCCESSFUL)
09 Apr 2026 13:10:41,407 INFO : com.automation.jbehave.ConsoleLogger - And [Javascript] I switch back to main content (SUCCESSFUL)
09 Apr 2026 13:10:41,409 INFO : com.automation.jbehave.PropertyParameterConverter - Parameter converted:[p:LimitationOfLiability] >> [1 - Limitation of Liability]
09 Apr 2026 13:10:42,332 INFO : com.automation.pages.CannedPage - Selected '1 - Limitation of Liability' from LOV 'PopupLOVSearchBar'
09 Apr 2026 13:10:42,359 INFO : com.automation.jbehave.ConsoleLogger - And [Input] Select 'p:LimitationOfLiability' value from 'PopupLOVSearchBar' dropdown list (SUCCESSFUL)
09 Apr 2026 13:10:42,469 INFO : com.automation.jbehave.ConsoleLogger - And [Javascript] I switch to iframe 'CoversIframe' (SUCCESSFUL)
09 Apr 2026 13:10:42,711 INFO : com.automation.pages.CannedPage - Clicked on 'CoversRow'
09 Apr 2026 13:10:42,742 INFO : com.automation.jbehave.ConsoleLogger - And [Input] I click on 'CoversRow' (SUCCESSFUL)
09 Apr 2026 13:10:43,018 INFO : com.automation.pages.CannedPage - Clicked on 'CoversComboboxRow'
09 Apr 2026 13:10:43,052 INFO : com.automation.jbehave.ConsoleLogger - And [Input] I click on 'CoversComboboxRow' (SUCCESSFUL)
09 Apr 2026 13:10:43,092 INFO : com.automation.jbehave.ConsoleLogger - And [Javascript] I switch back to main content (SUCCESSFUL)
09 Apr 2026 13:10:43,092 INFO : com.automation.jbehave.PropertyParameterConverter - Parameter converted:[p:AdditionDeletionAllowedOnProRataBasis] >> [1 - Addition & deletion allowed on pro-rata basis.]
09 Apr 2026 13:10:44,121 INFO : com.automation.pages.CannedPage - Selected '1 - Addition & deletion allowed on pro-rata basis.' from LOV 'CoversPopupLOVSearchBar'
09 Apr 2026 13:10:44,153 INFO : com.automation.jbehave.ConsoleLogger - And [Input] Select 'p:AdditionDeletionAllowedOnProRataBasis' value from 'CoversPopupLOVSearchBar' dropdown list (SUCCESSFUL)
09 Apr 2026 13:10:44,287 INFO : com.automation.jbehave.ConsoleLogger - And [Javascript] I switch to iframe 'CoversIframe' (SUCCESSFUL)
09 Apr 2026 13:10:44,514 INFO : com.automation.pages.CannedPage - Clicked on 'PremRow'
09 Apr 2026 13:10:44,548 INFO : com.automation.jbehave.ConsoleLogger - And [Input] I click on 'PremRow' (SUCCESSFUL)
09 Apr 2026 13:10:44,811 INFO : com.automation.pages.CannedPage - Filled 'CoversPremRow' with value: 1
09 Apr 2026 13:10:44,857 INFO : com.automation.jbehave.ConsoleLogger - And [Input] Set 'CoversPremRow' value to '1' (SUCCESSFUL)
09 Apr 2026 13:10:45,044 INFO : com.automation.pages.CannedPage - Clicked on 'CoversSaveButton'
09 Apr 2026 13:10:45,082 INFO : com.automation.jbehave.ConsoleLogger - And [Input] I click on 'CoversSaveButton' (SUCCESSFUL)
09 Apr 2026 13:10:50,121 INFO : com.automation.jbehave.ConsoleLogger - And [Progress] I wait for '5' sec (SUCCESSFUL)
09 Apr 2026 13:10:50,161 INFO : com.automation.jbehave.ConsoleLogger - And [Javascript] I switch back to main content (SUCCESSFUL)
09 Apr 2026 13:10:50,342 INFO : com.automation.pages.CannedPage - Clicked on 'CloseButtonFromPopup'
09 Apr 2026 13:10:50,373 INFO : com.automation.jbehave.ConsoleLogger - And [Input] I click on 'CloseButtonFromPopup' (SUCCESSFUL)
09 Apr 2026 13:10:50,373 INFO : com.automation.jbehave.ConsoleLogger - !-- REI Plan (IGNORED)
09 Apr 2026 13:10:50,632 INFO : com.automation.pages.CannedPage - Clicked on 'REIPlanButton'
09 Apr 2026 13:10:50,671 INFO : com.automation.jbehave.ConsoleLogger - And [Input] I click on 'REIPlanButton' (SUCCESSFUL)
09 Apr 2026 13:10:50,915 INFO : com.automation.jbehave.ConsoleLogger - And [Javascript] I switch to iframe 'ReInsurancePlansIframe' (SUCCESSFUL)
09 Apr 2026 13:10:51,172 INFO : com.automation.pages.CannedPage - Clicked on 'REIPlanSaveButton'
09 Apr 2026 13:10:51,208 INFO : com.automation.jbehave.ConsoleLogger - And [Input] I click on 'REIPlanSaveButton' (SUCCESSFUL)
09 Apr 2026 13:10:51,208 INFO : com.automation.jbehave.PropertyParameterConverter - Parameter converted:[p:ReinsurancePlanEmptyErrorMsg] >> [Reinsurance Plan must have some value.]
==========================================================
Actual: Reinsurance Plan must have some value.
==========================================================
09 Apr 2026 13:10:51,385 INFO : com.automation.jbehave.ConsoleLogger - And [Assertion] Verify 'ReinsurancePlanErrorMsg' contains 'p:ReinsurancePlanEmptyErrorMsg' text (SUCCESSFUL)
09 Apr 2026 13:10:51,385 INFO : com.automation.jbehave.PropertyParameterConverter - Parameter converted:[p:ReiMethodEmptyErrorMsg] >> [REI Method must have some value.]
==========================================================
Actual: REI Method must have some value.
==========================================================
09 Apr 2026 13:10:51,533 INFO : com.automation.jbehave.ConsoleLogger - And [Assertion] Verify 'ReiMethodErrorMsg' contains 'p:ReiMethodEmptyErrorMsg' text (SUCCESSFUL)
09 Apr 2026 13:10:51,859 INFO : com.automation.pages.CannedPage - Clicked on 'ReinsurancePlanCombobox'
09 Apr 2026 13:10:51,893 INFO : com.automation.jbehave.ConsoleLogger - And [Input] I click on 'ReinsurancePlanCombobox' (SUCCESSFUL)
09 Apr 2026 13:10:51,927 INFO : com.automation.jbehave.ConsoleLogger - And [Javascript] I switch back to main content (SUCCESSFUL)
09 Apr 2026 13:10:51,927 INFO : com.automation.jbehave.PropertyParameterConverter - Parameter converted:[p:ReinsurancePlanValue] >> [3/2026 Motor Own Damage, Motor Personal Accident, Motor Medex]
09 Apr 2026 13:10:53,074 INFO : com.automation.pages.CannedPage - Selected '3/2026 Motor Own Damage, Motor Personal Accident, Motor Medex' from LOV 'PopupLOVSearchBar'
09 Apr 2026 13:10:53,121 INFO : com.automation.jbehave.ConsoleLogger - And [Input] Select 'p:ReinsurancePlanValue' value from 'PopupLOVSearchBar' dropdown list (SUCCESSFUL)
09 Apr 2026 13:10:53,267 INFO : com.automation.jbehave.ConsoleLogger - And [Javascript] I switch to iframe 'ReInsurancePlansIframe' (SUCCESSFUL)
09 Apr 2026 13:10:53,267 INFO : com.automation.jbehave.PropertyParameterConverter - Parameter converted:[p:PolicyWise] >> [Policy wise]
09 Apr 2026 13:10:53,512 INFO : com.automation.pages.CannedPage - Selected 'Policy wise' from <select> 'ReiMethodCombobox'
09 Apr 2026 13:10:53,541 INFO : com.automation.jbehave.ConsoleLogger - And [Input] Select 'p:PolicyWise' value from 'ReiMethodCombobox' dropdown list (SUCCESSFUL)
09 Apr 2026 13:10:53,782 INFO : com.automation.pages.CannedPage - Clicked on 'REIPlanSaveButton'
09 Apr 2026 13:10:53,814 INFO : com.automation.jbehave.ConsoleLogger - And [Input] I click on 'REIPlanSaveButton' (SUCCESSFUL)
09 Apr 2026 13:10:58,856 INFO : com.automation.jbehave.ConsoleLogger - And [Progress] I wait for '5' sec (SUCCESSFUL)
09 Apr 2026 13:10:58,896 INFO : com.automation.jbehave.ConsoleLogger - And [Javascript] I switch back to main content (SUCCESSFUL)
09 Apr 2026 13:10:58,998 INFO : com.automation.jbehave.ConsoleLogger - And [Assertion] Verify 'IssueQuotationButton' is visible (SUCCESSFUL)
09 Apr 2026 13:10:59,119 INFO : com.automation.pages.CannedPage - Clicked on 'IssueQuotationButton'
09 Apr 2026 13:10:59,146 INFO : com.automation.jbehave.ConsoleLogger - And [Input] I click on 'IssueQuotationButton' (SUCCESSFUL)
09 Apr 2026 13:10:59,147 INFO : com.automation.jbehave.PropertyParameterConverter - Parameter converted:[p:ConfirmationMsgForIssue] >> [Do you want to proceed with issuing this quotation?]
==========================================================
Actual: Confirmation
Do you want to proceed with issuing this quotation?
==========================================================
09 Apr 2026 13:10:59,319 INFO : com.automation.jbehave.ConsoleLogger - And [Assertion] Verify 'AlertMsgBody' contains 'p:ConfirmationMsgForIssue' text (SUCCESSFUL)
09 Apr 2026 13:10:59,458 INFO : com.automation.pages.CannedPage - Clicked on 'IssueQuotationConfirmationButton'
09 Apr 2026 13:10:59,488 INFO : com.automation.jbehave.ConsoleLogger - And [Input] I click on 'IssueQuotationConfirmationButton' (SUCCESSFUL)
09 Apr 2026 13:11:04,525 INFO : com.automation.jbehave.ConsoleLogger - And [Progress] I wait for '5' sec (SUCCESSFUL)
09 Apr 2026 13:11:04,525 INFO : com.automation.jbehave.PropertyParameterConverter - Parameter converted:[p:DataUpdatedSuccessfully] >> [Data Updated Successfully.]
==========================================================
Actual: Data Updated Successfully.
==========================================================
09 Apr 2026 13:11:04,681 INFO : com.automation.jbehave.ConsoleLogger - And [Assertion] Verify 'SuccessfullyAlert' contains 'p:DataUpdatedSuccessfully' text (SUCCESSFUL)
09 Apr 2026 13:11:09,721 INFO : com.automation.jbehave.ConsoleLogger - And [Progress] I wait for '5' sec (SUCCESSFUL)
09 Apr 2026 13:11:09,854 INFO : com.automation.jbehave.ConsoleLogger - And [Assertion] Verify 'IssueQuotationButton' is not visible (SUCCESSFUL)
09 Apr 2026 13:11:09,854 INFO : com.automation.jbehave.PropertyParameterConverter - Parameter converted:[p:Issued] >> [6 - Issued]
Expected value (literal): 6 - Issued
Actual value (from element 'StatusAllQuotationDetails'): 6 - Issued
09 Apr 2026 13:11:10,029 INFO : com.automation.jbehave.ConsoleLogger - And [Assertion] Verify text of 'StatusAllQuotationDetails' equals saved value 'p:Issued' (SUCCESSFUL)
09 Apr 2026 13:11:10,029 INFO : com.automation.jbehave.PropertyParameterConverter - Parameter converted:[p:Valid] >> [1 - Valid]
Expected value (literal): 1 - Valid
Actual value (from element 'ValidityStatusAllQuotationDetails'): 1 - Valid
09 Apr 2026 13:11:10,235 INFO : com.automation.jbehave.ConsoleLogger - And [Assertion] Verify text of 'ValidityStatusAllQuotationDetails' equals saved value 'p:Valid' (SUCCESSFUL)
09 Apr 2026 13:11:10,362 INFO : com.automation.jbehave.ConsoleLogger - And [Assertion] Verify 'RejectQuotationButton' is visible (SUCCESSFUL)
09 Apr 2026 13:11:10,576 INFO : com.automation.pages.CannedPage - Clicked on 'RejectQuotationButton'
09 Apr 2026 13:11:10,610 INFO : com.automation.jbehave.ConsoleLogger - And [Input] I click on 'RejectQuotationButton' (SUCCESSFUL)
09 Apr 2026 13:11:10,610 INFO : com.automation.jbehave.PropertyParameterConverter - Parameter converted:[p:ConfirmationMsgForRejecting] >> [Do you want to proceed with rejecting this quotation?]
==========================================================
Actual: Confirmation
Do you want to proceed with rejecting this quotation?
==========================================================
09 Apr 2026 13:11:10,766 INFO : com.automation.jbehave.ConsoleLogger - And [Assertion] Verify 'AlertMsgBody' contains 'p:ConfirmationMsgForRejecting' text (SUCCESSFUL)
09 Apr 2026 13:11:10,959 INFO : com.automation.pages.CannedPage - Clicked on 'CancelAlertButton'
09 Apr 2026 13:11:10,990 INFO : com.automation.jbehave.ConsoleLogger - And [Input] I click on 'CancelAlertButton' (SUCCESSFUL)
09 Apr 2026 13:11:11,111 INFO : com.automation.jbehave.ConsoleLogger - And [Assertion] Verify 'ConvertToPolicyButton' is visible (SUCCESSFUL)
09 Apr 2026 13:11:11,315 INFO : com.automation.pages.CannedPage - Clicked on 'ConvertToPolicyButton'
09 Apr 2026 13:11:11,341 INFO : com.automation.jbehave.ConsoleLogger - And [Input] I click on 'ConvertToPolicyButton' (SUCCESSFUL)
09 Apr 2026 13:11:11,342 INFO : com.automation.jbehave.PropertyParameterConverter - Parameter converted:[p:ConfirmationMsgForCovertToPolicy] >> [Do you want to proceed with converting this quotation to a policy?]
==========================================================
Actual: Confirmation
Do you want to proceed with converting this quotation to a policy?
==========================================================
09 Apr 2026 13:11:11,511 INFO : com.automation.jbehave.ConsoleLogger - And [Assertion] Verify 'AlertMsgBody' contains 'p:ConfirmationMsgForCovertToPolicy' text (SUCCESSFUL)
09 Apr 2026 13:11:11,716 INFO : com.automation.pages.CannedPage - Clicked on 'CancelAlertButton'
09 Apr 2026 13:11:11,748 INFO : com.automation.jbehave.ConsoleLogger - And [Input] I click on 'CancelAlertButton' (SUCCESSFUL)
09 Apr 2026 13:11:11,908 INFO : com.automation.jbehave.ConsoleLogger - And [Assertion] Verify 'RejectQuotationButton' is visible (SUCCESSFUL)
09 Apr 2026 13:11:12,097 INFO : com.automation.pages.CannedPage - Clicked on 'RejectQuotationButton'
09 Apr 2026 13:11:12,130 INFO : com.automation.jbehave.ConsoleLogger - And [Input] I click on 'RejectQuotationButton' (SUCCESSFUL)
09 Apr 2026 13:11:12,130 INFO : com.automation.jbehave.PropertyParameterConverter - Parameter converted:[p:ConfirmationMsgForRejecting] >> [Do you want to proceed with rejecting this quotation?]
==========================================================
Actual: Confirmation
Do you want to proceed with rejecting this quotation?
==========================================================
09 Apr 2026 13:11:12,315 INFO : com.automation.jbehave.ConsoleLogger - And [Assertion] Verify 'AlertMsgBody' contains 'p:ConfirmationMsgForRejecting' text (SUCCESSFUL)
09 Apr 2026 13:11:12,487 INFO : com.automation.pages.CannedPage - Clicked on 'RejectQuotationConfirmationButton'
09 Apr 2026 13:11:12,519 INFO : com.automation.jbehave.ConsoleLogger - And [Input] I click on 'RejectQuotationConfirmationButton' (SUCCESSFUL)
Putting value in StateManager: key=, value=Auto264006555590500
09 Apr 2026 13:11:12,958 INFO : com.automation.pages.CannedPage - Filled 'RejectDescriptionQuotationInput' with value: Auto264006555590500
09 Apr 2026 13:11:12,993 INFO : com.automation.jbehave.ConsoleLogger - And [Input] Set 'RejectDescriptionQuotationInput' value to 'random' (SUCCESSFUL)
09 Apr 2026 13:11:13,160 INFO : com.automation.pages.CannedPage - Clicked on 'RejectButton'
09 Apr 2026 13:11:13,200 INFO : com.automation.jbehave.ConsoleLogger - And [Input] I click on 'RejectButton' (SUCCESSFUL)
09 Apr 2026 13:11:18,252 INFO : com.automation.jbehave.ConsoleLogger - And [Progress] I wait for '5' sec (SUCCESSFUL)
09 Apr 2026 13:11:18,253 INFO : com.automation.jbehave.PropertyParameterConverter - Parameter converted:[p:DataUpdatedSuccessfully] >> [Data Updated Successfully.]
==========================================================
Actual: Data Updated Successfully.
==========================================================
09 Apr 2026 13:11:18,457 INFO : com.automation.jbehave.ConsoleLogger - And [Assertion] Verify 'SuccessfullyAlert' contains 'p:DataUpdatedSuccessfully' text (SUCCESSFUL)
09 Apr 2026 13:11:23,502 INFO : com.automation.jbehave.ConsoleLogger - And [Progress] I wait for '5' sec (SUCCESSFUL)
09 Apr 2026 13:11:23,503 INFO : com.automation.jbehave.PropertyParameterConverter - Parameter converted:[p:Lost] >> [3 - Lost]
Expected value (literal): 3 - Lost
Actual value (from element 'StatusAllQuotationDetails'): 3 - Lost
09 Apr 2026 13:11:23,689 INFO : com.automation.jbehave.ConsoleLogger - And [Assertion] Verify text of 'StatusAllQuotationDetails' equals saved value 'p:Lost' (SUCCESSFUL)
09 Apr 2026 13:11:23,689 INFO : com.automation.jbehave.PropertyParameterConverter - Parameter converted:[p:Invalid] >> [2 - Invalid]
Expected value (literal): 2 - Invalid
Actual value (from element 'ValidityStatusAllQuotationDetails'): 2 - Invalid
09 Apr 2026 13:11:23,861 INFO : com.automation.jbehave.ConsoleLogger - And [Assertion] Verify text of 'ValidityStatusAllQuotationDetails' equals saved value 'p:Invalid' (SUCCESSFUL)
Getting value from StateManager: key=QuotationNo, value=686
Expected value (from stateManager, key='QuotationNo'): 686
Actual value (from element 'QutQuotNoAllQuotationDetails'): 686
09 Apr 2026 13:11:24,028 INFO : com.automation.jbehave.ConsoleLogger - And [Assertion] Verify text of 'QutQuotNoAllQuotationDetails' equals saved value 'statemanager:QuotationNo' (SUCCESSFUL)
09 Apr 2026 13:11:24,242 INFO : com.automation.pages.CannedPage - Clicked on 'CopyQuotationButton'
09 Apr 2026 13:11:24,279 INFO : com.automation.jbehave.ConsoleLogger - And [Input] I click on 'CopyQuotationButton' (SUCCESSFUL)
09 Apr 2026 13:11:24,279 INFO : com.automation.jbehave.PropertyParameterConverter - Parameter converted:[p:ConfirmationMsgForCopy] >> [Do you want to proceed with copying this quotation?]
==========================================================
Actual: Confirmation
Do you want to proceed with copying this quotation?
==========================================================
09 Apr 2026 13:11:24,417 INFO : com.automation.jbehave.ConsoleLogger - And [Assertion] Verify 'AlertMsgBody' contains 'p:ConfirmationMsgForCopy' text (SUCCESSFUL)
09 Apr 2026 13:11:24,582 INFO : com.automation.pages.CannedPage - Clicked on 'CopyQuotationConfirmationButton'
09 Apr 2026 13:11:24,618 INFO : com.automation.jbehave.ConsoleLogger - And [Input] I click on 'CopyQuotationConfirmationButton' (SUCCESSFUL)
09 Apr 2026 13:11:26,486 INFO : com.automation.pages.CannedPage - Clicked on 'ActionButton'
09 Apr 2026 13:11:26,518 INFO : com.automation.jbehave.ConsoleLogger - And [Input] I click on 'ActionButton' (SUCCESSFUL)
09 Apr 2026 13:11:26,738 INFO : com.automation.pages.CannedPage - Clicked on 'DataButton'
09 Apr 2026 13:11:26,788 INFO : com.automation.jbehave.ConsoleLogger - And [Input] I click on 'DataButton' (SUCCESSFUL)
09 Apr 2026 13:11:26,985 INFO : com.automation.pages.CannedPage - Clicked on 'SortButton'
09 Apr 2026 13:11:27,033 INFO : com.automation.jbehave.ConsoleLogger - And [Input] I click on 'SortButton' (SUCCESSFUL)
09 Apr 2026 13:11:27,033 INFO : com.automation.jbehave.PropertyParameterConverter - Parameter converted:[p:number] >> [Number]
09 Apr 2026 13:11:27,242 INFO : com.automation.jbehave.ConsoleLogger - And [Input] Select 'ColumnDDL' value from 'p:number' (SUCCESSFUL)
[...]
09 Apr 2026 13:38:11,258 INFO : com.automation.jbehave.ConsoleLogger - And [Input] I press Enter on 'SearchQuotationInput' (NOT PERFORMED)
09 Apr 2026 13:38:11,358 INFO : com.automation.jbehave.ConsoleLogger - And [Progress] I wait for '5' sec (NOT PERFORMED)
09 Apr 2026 13:38:11,358 INFO : com.automation.jbehave.PropertyParameterConverter - Parameter converted:[p:MotorPrivate] >> [1 - Motor Private]
09 Apr 2026 13:38:11,474 INFO : com.automation.jbehave.ConsoleLogger - And [Assertion] Verify 'FirstClassOfBusInTable' equals 'p:MotorPrivate' text (NOT PERFORMED)
09 Apr 2026 13:38:11,640 INFO : com.automation.jbehave.ConsoleLogger - And [Input] I click on 'EditPinButtonMultiRows' (NOT PERFORMED)
09 Apr 2026 13:38:11,640 INFO : com.automation.jbehave.ConsoleLogger - !-- Add risk value (IGNORED)
09 Apr 2026 13:38:11,720 INFO : com.automation.jbehave.ConsoleLogger - And [Navigation] I scroll to end of page (NOT PERFORMED)
09 Apr 2026 13:38:11,802 INFO : com.automation.jbehave.ConsoleLogger - And [Input] I click on 'RiskQuotationButton' (NOT PERFORMED)
09 Apr 2026 13:38:12,140 INFO : com.automation.jbehave.ConsoleLogger - And [Input] I click on 'RiskButton' (NOT PERFORMED)
09 Apr 2026 13:38:12,598 INFO : com.automation.jbehave.ConsoleLogger - And [Javascript] I switch to iframe 'MotorRiskIframe' (NOT PERFORMED)
09 Apr 2026 13:38:12,726 INFO : com.automation.jbehave.ConsoleLogger - And [Progress] I wait for '3' sec (NOT PERFORMED)
09 Apr 2026 13:38:12,835 INFO : com.automation.jbehave.ConsoleLogger - And [Input] I click on 'QurVehicleMakeCombobox' (NOT PERFORMED)
09 Apr 2026 13:38:12,966 INFO : com.automation.jbehave.ConsoleLogger - And [Javascript] I switch back to main content (NOT PERFORMED)
09 Apr 2026 13:38:12,966 INFO : com.automation.jbehave.PropertyParameterConverter - Parameter converted:[p:komatsu] >> [1 - komatsu]
09 Apr 2026 13:38:13,133 INFO : com.automation.jbehave.ConsoleLogger - And [Input] Select 'p:komatsu' value from 'PopupLOVSearchBar' dropdown list (NOT PERFORMED)
09 Apr 2026 13:38:13,278 INFO : com.automation.jbehave.ConsoleLogger - And [Javascript] I switch to iframe 'MotorRiskIframe' (NOT PERFORMED)
09 Apr 2026 13:38:13,446 INFO : com.automation.jbehave.ConsoleLogger - And [Input] I click on 'QurVehicleModelCombobox' (NOT PERFORMED)
09 Apr 2026 13:38:13,534 INFO : com.automation.jbehave.ConsoleLogger - And [Javascript] I switch back to main content (NOT PERFORMED)
09 Apr 2026 13:38:13,534 INFO : com.automation.jbehave.PropertyParameterConverter - Parameter converted:[p:Equipment] >> [11 - Equipment]
09 Apr 2026 13:38:15,845 INFO : com.automation.jbehave.ConsoleLogger - And [Input] Select 'p:Equipment' value from 'QurVehicleModelPopupLOVSearchBar' dropdown list (NOT PERFORMED)
09 Apr 2026 13:38:15,895 INFO : com.automation.jbehave.ConsoleLogger - And [Javascript] I switch to iframe 'MotorRiskIframe' (NOT PERFORMED)
09 Apr 2026 13:38:16,097 INFO : com.automation.jbehave.ConsoleLogger - And [Input] Set 'QurChassisNoInput' value to 'nanotime' (NOT PERFORMED)
09 Apr 2026 13:38:16,142 INFO : com.automation.jbehave.ConsoleLogger - And [Input] Set 'QurRegistrationNoInput' value to 'nanotime' (NOT PERFORMED)
09 Apr 2026 13:38:16,221 INFO : com.automation.jbehave.ConsoleLogger - And [Input] I click on 'QurTypeOfBodyCombobox' (NOT PERFORMED)
09 Apr 2026 13:38:16,271 INFO : com.automation.jbehave.ConsoleLogger - And [Javascript] I switch back to main content (NOT PERFORMED)
09 Apr 2026 13:38:16,271 INFO : com.automation.jbehave.PropertyParameterConverter - Parameter converted:[p:Sedan] >> [1 - Sedan]
09 Apr 2026 13:38:16,312 INFO : com.automation.jbehave.ConsoleLogger - And [Input] Select 'p:Sedan' value from 'QurTypeOfBodyPopupLOVSearchBar' dropdown list (NOT PERFORMED)
09 Apr 2026 13:38:16,347 INFO : com.automation.jbehave.ConsoleLogger - And [Javascript] I switch to iframe 'MotorRiskIframe' (NOT PERFORMED)
09 Apr 2026 13:38:16,384 INFO : com.automation.jbehave.ConsoleLogger - And [Input] I click on 'QurVehicleColorCombobox' (NOT PERFORMED)
09 Apr 2026 13:38:16,534 INFO : com.automation.jbehave.ConsoleLogger - And [Javascript] I switch back to main content (NOT PERFORMED)
09 Apr 2026 13:38:16,534 INFO : com.automation.jbehave.PropertyParameterConverter - Parameter converted:[p:Green] >> [1 - Green]
09 Apr 2026 13:38:16,855 INFO : com.automation.jbehave.ConsoleLogger - And [Input] Select 'p:Green' value from 'QurVehicleColorPopupLOVSearchBar' dropdown list (NOT PERFORMED)
09 Apr 2026 13:38:16,985 INFO : com.automation.jbehave.ConsoleLogger - And [Javascript] I switch to iframe 'MotorRiskIframe' (NOT PERFORMED)
09 Apr 2026 13:38:16,985 INFO : com.automation.jbehave.ConsoleLogger - !-- And [Input] I click on 'CloseIconButton' (IGNORED)
09 Apr 2026 13:38:16,986 INFO : com.automation.jbehave.ConsoleLogger - !-- And [Input] Set 'QurYearOfMakeInput' value to 'sysyear' (IGNORED)
09 Apr 2026 13:38:17,041 INFO : com.automation.jbehave.ConsoleLogger - And [Navigation] I scroll to 'CreateButton' (NOT PERFORMED)
09 Apr 2026 13:38:17,120 INFO : com.automation.jbehave.ConsoleLogger - And [Input] I click on 'CreateButton' (NOT PERFORMED)
09 Apr 2026 13:38:17,254 INFO : com.automation.jbehave.ConsoleLogger - And [Progress] I wait for '3' sec (NOT PERFORMED)
09 Apr 2026 13:38:17,441 INFO : com.automation.jbehave.ConsoleLogger - And [Assertion] Verify 'RiskTable' is visible (NOT PERFORMED)
09 Apr 2026 13:38:17,442 INFO : com.automation.jbehave.ConsoleLogger - !-- Fill Calculations table (IGNORED)
09 Apr 2026 13:38:17,570 INFO : com.automation.jbehave.ConsoleLogger - And [Input] I click on 'RiskDetailsCancelButton' (NOT PERFORMED)
09 Apr 2026 13:38:17,626 INFO : com.automation.jbehave.ConsoleLogger - And [Progress] I wait for '5' sec (NOT PERFORMED)
09 Apr 2026 13:38:17,687 INFO : com.automation.jbehave.ConsoleLogger - And [Navigation] I scroll to 'CalculationsButton' (NOT PERFORMED)
09 Apr 2026 13:38:17,743 INFO : com.automation.jbehave.ConsoleLogger - And [Input] I click on 'CalculationsButton' (NOT PERFORMED)
09 Apr 2026 13:38:17,804 INFO : com.automation.jbehave.ConsoleLogger - And [Input] I click on 'EditButtonQuotationValue' (NOT PERFORMED)
09 Apr 2026 13:38:17,848 INFO : com.automation.jbehave.ConsoleLogger - And [Navigation] I scroll to end of page (NOT PERFORMED)
09 Apr 2026 13:38:17,908 INFO : com.automation.jbehave.ConsoleLogger - And [Assertion] Verify IG 'calc_ig' row '10 - Stamp Fees' Foreign/Foreign Amount can be filled (NOT PERFORMED)
09 Apr 2026 13:38:18,047 INFO : com.automation.jbehave.ConsoleLogger - And [Input] I set IG 'calc_ig' from first row '1 - SI' to random numbers between '1' and '50' for all enabled cells excluding DDL (NOT PERFORMED)
09 Apr 2026 13:38:18,138 INFO : com.automation.jbehave.ConsoleLogger - And [Progress] I wait for '10' sec (NOT PERFORMED)
09 Apr 2026 13:38:18,275 INFO : com.automation.jbehave.ConsoleLogger - And [Input] I click on 'SaveButton' (NOT PERFORMED)
09 Apr 2026 13:38:18,330 INFO : com.automation.jbehave.ConsoleLogger - And [Progress] I wait for '10' sec (NOT PERFORMED)
09 Apr 2026 13:38:18,330 INFO : com.automation.jbehave.ConsoleLogger - !-- REI Plan (IGNORED)
09 Apr 2026 13:38:18,386 INFO : com.automation.jbehave.ConsoleLogger - And [Navigation] I scroll to 'REIPlanButton' (NOT PERFORMED)
09 Apr 2026 13:38:18,527 INFO : com.automation.jbehave.ConsoleLogger - And [Input] I click on 'REIPlanButton' (NOT PERFORMED)
09 Apr 2026 13:38:18,611 INFO : com.automation.jbehave.ConsoleLogger - And [Javascript] I switch to iframe 'ReInsurancePlansIframe' (NOT PERFORMED)
09 Apr 2026 13:38:18,684 INFO : com.automation.jbehave.ConsoleLogger - And [Input] I click on 'ReinsurancePlanCombobox' (NOT PERFORMED)
09 Apr 2026 13:38:18,758 INFO : com.automation.jbehave.ConsoleLogger - And [Javascript] I switch back to main content (NOT PERFORMED)
09 Apr 2026 13:38:18,758 INFO : com.automation.jbehave.PropertyParameterConverter - Parameter converted:[p:ReinsurancePlanValue] >> [3/2026 Motor Own Damage, Motor Personal Accident, Motor Medex]
09 Apr 2026 13:38:18,973 INFO : com.automation.jbehave.ConsoleLogger - And [Input] Select 'p:ReinsurancePlanValue' value from 'PopupLOVSearchBar' dropdown list (NOT PERFORMED)
09 Apr 2026 13:38:19,091 INFO : com.automation.jbehave.ConsoleLogger - And [Javascript] I switch to iframe 'ReInsurancePlansIframe' (NOT PERFORMED)
09 Apr 2026 13:38:19,091 INFO : com.automation.jbehave.PropertyParameterConverter - Parameter converted:[p:PolicyWise] >> [Policy wise]
09 Apr 2026 13:38:19,204 INFO : com.automation.jbehave.ConsoleLogger - And [Input] Select 'p:PolicyWise' value from 'ReiMethodCombobox' dropdown list (NOT PERFORMED)
09 Apr 2026 13:38:19,348 INFO : com.automation.jbehave.ConsoleLogger - And [Input] I click on 'REIPlanSaveButton' (NOT PERFORMED)
09 Apr 2026 13:38:19,416 INFO : com.automation.jbehave.ConsoleLogger - And [Progress] I wait for '5' sec (NOT PERFORMED)
09 Apr 2026 13:38:19,494 INFO : com.automation.jbehave.ConsoleLogger - And [Javascript] I switch back to main content (NOT PERFORMED)
09 Apr 2026 13:38:19,495 INFO : com.automation.jbehave.ConsoleLogger - !-- Customer Info (IGNORED)
09 Apr 2026 13:38:19,682 INFO : com.automation.jbehave.ConsoleLogger - And [Navigation] I scroll to 'CustomerInfoButton' (NOT PERFORMED)
09 Apr 2026 13:38:19,783 INFO : com.automation.jbehave.ConsoleLogger - And [Input] I click on 'CustomerInfoButton' (NOT PERFORMED)
09 Apr 2026 13:38:19,783 INFO : com.automation.jbehave.PropertyParameterConverter - Parameter converted:[p:ClientName2] >> [27906 - AL-HAMRANI FUCHS  CO.]
09 Apr 2026 13:38:20,008 INFO : com.automation.jbehave.ConsoleLogger - And [Input] Select 'p:ClientName2' value from 'QurQutClientCombobox' dropdown list (NOT PERFORMED)
09 Apr 2026 13:38:20,008 INFO : com.automation.jbehave.PropertyParameterConverter - Parameter converted:[p:ClientName2] >> [27906 - AL-HAMRANI FUCHS  CO.]
09 Apr 2026 13:38:20,109 INFO : com.automation.jbehave.ConsoleLogger - And [Input] Select 'p:ClientName2' value from 'QurQutClientNoCombobox' dropdown list (NOT PERFORMED)
09 Apr 2026 13:38:20,175 INFO : com.automation.jbehave.ConsoleLogger - And [Input] I click on 'ApplyChangesButton' (NOT PERFORMED)
09 Apr 2026 13:38:20,255 INFO : com.automation.jbehave.ConsoleLogger - And [Progress] I wait for '5' sec (NOT PERFORMED)
09 Apr 2026 13:38:20,256 INFO : com.automation.jbehave.PropertyParameterConverter - Parameter converted:[p:DataUpdatedSuccessfully] >> [Data Updated Successfully.]
09 Apr 2026 13:38:20,323 INFO : com.automation.jbehave.ConsoleLogger - And [Assertion] Verify 'SuccessfullyAlert' contains 'p:DataUpdatedSuccessfully' text (NOT PERFORMED)
09 Apr 2026 13:38:20,413 INFO : com.automation.jbehave.ConsoleLogger - And [Progress] I wait for '5' sec (NOT PERFORMED)
09 Apr 2026 13:38:20,505 INFO : com.automation.jbehave.ConsoleLogger - And [Assertion] Verify 'IssueQuotationButton' is visible (NOT PERFORMED)
09 Apr 2026 13:38:20,570 INFO : com.automation.jbehave.ConsoleLogger - And [Input] I click on 'IssueQuotationButton' (NOT PERFORMED)
09 Apr 2026 13:38:20,570 INFO : com.automation.jbehave.PropertyParameterConverter - Parameter converted:[p:ConfirmationMsgForIssue] >> [Do you want to proceed with issuing this quotation?]
09 Apr 2026 13:38:20,614 INFO : com.automation.jbehave.ConsoleLogger - And [Assertion] Verify 'AlertMsgBody' contains 'p:ConfirmationMsgForIssue' text (NOT PERFORMED)
09 Apr 2026 13:38:20,662 INFO : com.automation.jbehave.ConsoleLogger - And [Input] I click on 'IssueQuotationConfirmationButton' (NOT PERFORMED)
09 Apr 2026 13:38:20,750 INFO : com.automation.jbehave.ConsoleLogger - And [Progress] I wait for '5' sec (NOT PERFORMED)
09 Apr 2026 13:38:20,751 INFO : com.automation.jbehave.PropertyParameterConverter - Parameter converted:[p:DataUpdatedSuccessfully] >> [Data Updated Successfully.]
09 Apr 2026 13:38:20,864 INFO : com.automation.jbehave.ConsoleLogger - And [Assertion] Verify 'SuccessfullyAlert' contains 'p:DataUpdatedSuccessfully' text (NOT PERFORMED)
09 Apr 2026 13:38:20,911 INFO : com.automation.jbehave.ConsoleLogger - And [Progress] I wait for '5' sec (NOT PERFORMED)
09 Apr 2026 13:38:20,969 INFO : com.automation.jbehave.ConsoleLogger - And [Input] I click on 'CloseIconButton' (NOT PERFORMED)
09 Apr 2026 13:38:21,016 INFO : com.automation.jbehave.ConsoleLogger - And [Assertion] Verify 'IssueQuotationButton' is not visible (NOT PERFORMED)
09 Apr 2026 13:38:21,017 INFO : com.automation.jbehave.PropertyParameterConverter - Parameter converted:[p:Issued] >> [6 - Issued]
09 Apr 2026 13:38:21,154 INFO : com.automation.jbehave.ConsoleLogger - And [Assertion] Verify text of 'StatusAllQuotationDetails' equals saved value 'p:Issued' (NOT PERFORMED)
09 Apr 2026 13:38:21,155 INFO : com.automation.jbehave.PropertyParameterConverter - Parameter converted:[p:Valid] >> [1 - Valid]
09 Apr 2026 13:38:21,227 INFO : com.automation.jbehave.ConsoleLogger - And [Assertion] Verify text of 'ValidityStatusAllQuotationDetails' equals saved value 'p:Valid' (NOT PERFORMED)
09 Apr 2026 13:38:21,306 INFO : com.automation.jbehave.ConsoleLogger - And [Progress] I wait for '5' sec (NOT PERFORMED)
09 Apr 2026 13:38:21,363 INFO : com.automation.jbehave.ConsoleLogger - And [Input] I click on 'ConvertToPolicyButton' (NOT PERFORMED)
09 Apr 2026 13:38:21,363 INFO : com.automation.jbehave.PropertyParameterConverter - Parameter converted:[p:ConfirmationMsgForCovertToPolicy] >> [Do you want to proceed with converting this quotation to a policy?]
09 Apr 2026 13:38:21,411 INFO : com.automation.jbehave.ConsoleLogger - And [Assertion] Verify 'AlertMsgBody' contains 'p:ConfirmationMsgForCovertToPolicy' text (NOT PERFORMED)
09 Apr 2026 13:38:21,467 INFO : com.automation.jbehave.ConsoleLogger - And [Input] I click on 'ConvertToPolicyConfirmationButton' (NOT PERFORMED)
09 Apr 2026 13:38:21,591 INFO : com.automation.jbehave.ConsoleLogger - And [Progress] I wait for '5' sec (NOT PERFORMED)
09 Apr 2026 13:38:21,592 INFO : com.automation.jbehave.PropertyParameterConverter - Parameter converted:[p:DataUpdatedConvertedToPolicySuccessfully] >> [Data Updated Successfully. Quotation has been converted to Policy Successfully.]
09 Apr 2026 13:38:21,643 INFO : com.automation.jbehave.ConsoleLogger - And [Assertion] Verify 'SuccessfullyAlert' contains 'p:DataUpdatedConvertedToPolicySuccessfully' text (NOT PERFORMED)
09 Apr 2026 13:38:21,643 INFO : com.automation.jbehave.ConsoleLogger - !-- And [Assertion] Verify text of 'StatusAllQuotationDetails' equals saved value 'p:Issued' (IGNORED)
09 Apr 2026 13:38:21,644 INFO : com.automation.jbehave.ConsoleLogger - !-- And [Assertion] Verify text of 'ValidityStatusAllQuotationDetails' equals saved value 'p:Valid' (IGNORED)
09 Apr 2026 13:38:21,644 INFO : com.automation.jbehave.ConsoleLogger - !-- Logout (IGNORED)
09 Apr 2026 13:38:21,729 INFO : com.automation.jbehave.ConsoleLogger - And [Progress] I wait for '7' sec (NOT PERFORMED)
09 Apr 2026 13:38:21,776 INFO : com.automation.jbehave.ConsoleLogger - Then [Input] I click on 'UserDDL' (NOT PERFORMED)
09 Apr 2026 13:38:21,823 INFO : com.automation.jbehave.ConsoleLogger - And [Input] I click on 'LogoutButton' (NOT PERFORMED)
09 Apr 2026 13:38:21,873 INFO : com.automation.jbehave.ConsoleLogger - And [Assertion] Verify 'loginButton' is present (NOT PERFORMED)
09 Apr 2026 13:38:21,890 ERROR: com.automation.jbehave.ConsoleLogger - org.jbehave.core.failures.BeforeOrAfterFailed: Method afterScenario (annotated with @AfterScenario in class com.automation.steps.lifecycle.ExecutionLifecycle) failed: org.openqa.selenium.NoSuchSessionException: invalid session id
Build info: version: '4.10.0', revision: 'c14d967899'
System info: os.name: 'Windows 10', os.arch: 'amd64', os.version: '10.0', java.version: '1.8.0_211'
Driver info: org.openqa.selenium.chrome.ChromeDriver
Command: [9f4c33e866ee2703649320d4098798e2, deleteAllCookies {}]
Capabilities {acceptInsecureCerts: false, browserName: chrome, browserVersion: 146.0.7680.178, chrome: {chromedriverVersion: 146.0.7680.165 (4b989da09e1..., userDataDir: C:\Users\sjaber\AppData\Loc...}, fedcm:accounts: true, goog:chromeOptions: {debuggerAddress: localhost:54613}, goog:processID: 50792, networkConnectionEnabled: false, pageLoadStrategy: normal, platformName: windows, proxy: Proxy(), se:cdp: ws://localhost:54613/devtoo..., se:cdpVersion: 146.0.7680.178, setWindowRect: true, strictFileInteractability: false, timeouts: {implicit: 0, pageLoad: 300000, script: 30000}, unhandledPromptBehavior: dismiss and notify, webauthn:extension:credBlob: true, webauthn:extension:largeBlob: true, webauthn:extension:minPinLength: true, webauthn:extension:prf: true, webauthn:virtualAuthenticators: true}
Session ID: 9f4c33e866ee2703649320d4098798e2
09 Apr 2026 13:38:21,915 ERROR: com.automation.jbehave.ConsoleLogger - Failed to capture screenshot: invalid session id
Build info: version: '4.10.0', revision: 'c14d967899'
System info: os.name: 'Windows 10', os.arch: 'amd64', os.version: '10.0', java.version: '1.8.0_211'
Driver info: org.openqa.selenium.chrome.ChromeDriver
Command: [9f4c33e866ee2703649320d4098798e2, screenshot {}]
Capabilities {acceptInsecureCerts: false, browserName: chrome, browserVersion: 146.0.7680.178, chrome: {chromedriverVersion: 146.0.7680.165 (4b989da09e1..., userDataDir: C:\Users\sjaber\AppData\Loc...}, fedcm:accounts: true, goog:chromeOptions: {debuggerAddress: localhost:54613}, goog:processID: 50792, networkConnectionEnabled: false, pageLoadStrategy: normal, platformName: windows, proxy: Proxy(), se:cdp: ws://localhost:54613/devtoo..., se:cdpVersion: 146.0.7680.178, setWindowRect: true, strictFileInteractability: false, timeouts: {implicit: 0, pageLoad: 300000, script: 30000}, unhandledPromptBehavior: dismiss and notify, webauthn:extension:credBlob: true, webauthn:extension:largeBlob: true, webauthn:extension:minPinLength: true, webauthn:extension:prf: true, webauthn:virtualAuthenticators: true}
Session ID: 9f4c33e866ee2703649320d4098798e2
09 Apr 2026 13:38:21,954 INFO : com.automation.jbehave.ConsoleLogger - com.automation.steps.lifecycle.ExecutionLifecycle.afterScenario() (FAILED)
09 Apr 2026 13:38:23,019 INFO : com.automation.jbehave.ConsoleLogger - ==========================================================
09 Apr 2026 13:38:23,019 INFO : com.automation.jbehave.ConsoleLogger - End Story:  TC_002_Apex.story
09 Apr 2026 13:38:23,019 INFO : com.automation.jbehave.ConsoleLogger - Status:  FAILED 
09 Apr 2026 13:38:23,019 INFO : com.automation.jbehave.ConsoleLogger - ==========================================================
Sent message successfully....
]]></system-out>
    <system-err><![CDATA[[pool-2-thread-1] INFO io.github.bonigarcia.wdm.WebDriverManager - Using chromedriver 146.0.7680.165 (resolved driver for Chrome 146)
[pool-2-thread-1] INFO io.github.bonigarcia.wdm.WebDriverManager - Exporting webdriver.chrome.driver as C:\Users\sjaber\.cache\selenium\chromedriver\win64\146.0.7680.165\chromedriver.exe
Apr 09, 2026 1:05:20 PM org.openqa.selenium.remote.service.DriverService$Builder getLogOutput
INFO: Driver logs no longer sent to console by default; https://www.selenium.dev/documentation/webdriver/drivers/service/#setting-log-output
Apr 09, 2026 1:05:23 PM org.openqa.selenium.devtools.CdpVersionFinder findNearestMatch
WARNING: Unable to find CDP implementation matching 146
Apr 09, 2026 1:05:23 PM org.openqa.selenium.chromium.ChromiumDriver lambda$new$4
WARNING: Unable to find version of CDP to use for . You may need to include a dependency on a specific version of the CDP using something similar to `org.seleniumhq.selenium:selenium-devtools-v86:4.10.0` where the version ("v86") matches the version of the chromium-based browser you're using and the version number of the artifact is the same as Selenium's.
Screenshot of page '[unknown page title]' has **NOT** been saved. If there is no error, perhaps the WebDriver type you are using is not compatible with taking screenshots
]]></system-err>
  </testcase>
</testsuite>