<?xml version="1.0" encoding="UTF-8"?>
<testng-results ignored="0" total="1" passed="1" failed="0" skipped="0">
  <reporter-output>
  </reporter-output>
  <suite started-at="2026-03-31T10:00:59 EET" name="Surefire suite" finished-at="2026-03-31T10:01:05 EET" duration-ms="5413">
    <groups>
    </groups>
    <test started-at="2026-03-31T10:00:59 EET" name="Surefire test" finished-at="2026-03-31T10:01:05 EET" duration-ms="5413">
      <class name="com.automation.test_runner.AllStoriesTest">
        <test-method signature="run() throws java.lang.Throwable" started-at="2026-03-31T10:00:59 EET" name="run" finished-at="2026-03-31T10:01:05 EET" duration-ms="5384" status="PASS">
          <reporter-output>
          </reporter-output>
        </test-method> <!-- run -->
      </class> <!-- com.automation.test_runner.AllStoriesTest -->
    </test> <!-- Surefire test -->
  </suite> <!-- Surefire suite -->
</testng-results>
